SF:/Users/seanknowles/Projects/tellimer/open-source/packages/countrify/src/data/data.ts
FNF:0
FNH:0
BRF:0
BRH:0
DA:1,1
DA:2,1
DA:3,1
DA:4,1
DA:5,1
DA:6,1
DA:7,1
DA:8,1
DA:9,1
DA:10,1
DA:11,1
DA:12,1
DA:13,1
DA:14,1
DA:15,1
DA:16,1
DA:17,1
DA:18,1
DA:19,1
DA:20,1
DA:21,1
DA:22,1
DA:23,1
DA:24,1
DA:25,1
DA:26,1
DA:27,1
DA:28,1
DA:29,1
DA:30,1
DA:31,1
DA:32,1
DA:33,1
DA:34,1
DA:35,1
DA:36,1
DA:37,1
DA:38,1
DA:39,1
DA:40,1
DA:41,1
DA:42,1
DA:43,1
DA:44,1
DA:45,1
DA:46,1
DA:47,1
DA:48,1
DA:49,1
DA:50,1
DA:51,1
DA:52,1
DA:53,1
DA:54,1
DA:55,1
DA:56,1
DA:57,1
DA:58,1
DA:59,1
DA:60,1
DA:61,1
DA:62,1
DA:63,1
DA:64,1
DA:65,1
DA:66,1
DA:67,1
DA:68,1
DA:69,1
DA:70,1
DA:71,1
DA:72,1
DA:73,1
DA:74,1
DA:75,1
DA:76,1
DA:77,1
DA:78,1
DA:79,1
DA:80,1
DA:81,1
DA:82,1
DA:83,1
DA:84,1
DA:85,1
DA:86,1
DA:87,1
DA:88,1
DA:89,1
DA:90,1
DA:91,1
DA:92,1
DA:93,1
DA:94,1
DA:95,1
DA:96,1
DA:97,1
DA:98,1
DA:99,1
DA:100,1
DA:101,1
DA:102,1
DA:103,1
DA:104,1
DA:105,1
DA:106,1
DA:107,1
DA:108,1
DA:109,1
DA:110,1
DA:111,1
DA:112,1
DA:113,1
DA:114,1
DA:115,1
DA:116,1
DA:117,1
DA:118,1
DA:119,1
DA:120,1
DA:121,1
DA:122,1
DA:123,1
DA:124,1
DA:125,1
DA:126,1
DA:127,1
DA:128,1
DA:129,1
DA:130,1
DA:131,1
DA:132,1
DA:133,1
DA:134,1
DA:135,1
DA:136,1
DA:137,1
DA:138,1
DA:139,1
DA:140,1
DA:141,1
DA:142,1
DA:143,1
DA:144,1
DA:145,1
DA:146,1
DA:147,1
DA:148,1
DA:149,1
DA:150,1
DA:151,1
DA:152,1
DA:153,1
DA:154,1
DA:155,1
DA:156,1
DA:157,1
DA:158,1
DA:159,1
DA:160,1
DA:161,1
DA:162,1
DA:163,1
DA:164,1
DA:165,1
DA:166,1
DA:167,1
DA:168,1
DA:169,1
DA:170,1
DA:171,1
DA:172,1
DA:173,1
DA:174,1
DA:175,1
DA:176,1
DA:177,1
DA:178,1
DA:179,1
DA:180,1
DA:181,1
DA:182,1
DA:183,1
DA:184,1
DA:185,1
DA:186,1
DA:187,1
DA:188,1
DA:189,1
DA:190,1
DA:191,1
DA:192,1
DA:193,1
DA:194,1
DA:195,1
DA:196,1
DA:197,1
DA:198,1
DA:199,1
DA:200,1
DA:201,1
DA:202,1
DA:203,1
DA:204,1
DA:205,1
DA:206,1
DA:207,1
DA:208,1
DA:209,1
DA:210,1
DA:211,1
DA:212,1
DA:213,1
DA:214,1
DA:215,1
DA:216,1
DA:217,1
DA:218,1
DA:219,1
DA:220,1
DA:221,1
DA:222,1
DA:223,1
DA:224,1
DA:225,1
DA:226,1
DA:227,1
DA:228,1
DA:229,1
DA:230,1
DA:231,1
DA:232,1
DA:233,1
DA:234,1
DA:235,1
DA:236,1
DA:237,1
DA:238,1
DA:239,1
DA:240,1
DA:241,1
DA:242,1
DA:243,1
DA:244,1
DA:245,1
DA:246,1
DA:247,1
DA:248,1
DA:249,1
DA:250,1
DA:251,1
DA:252,1
DA:253,1
DA:254,1
DA:255,1
DA:256,1
DA:257,1
DA:258,1
DA:259,1
DA:260,1
DA:261,1
DA:262,1
DA:263,1
DA:264,1
DA:265,1
DA:266,1
DA:267,1
DA:268,1
DA:269,1
DA:270,1
DA:271,1
DA:272,1
DA:273,1
DA:274,1
DA:275,1
DA:276,1
DA:277,1
DA:278,1
DA:279,1
DA:280,1
DA:281,1
DA:282,1
DA:283,1
DA:284,1
DA:285,1
DA:286,1
DA:287,1
DA:288,1
DA:289,1
DA:290,1
DA:291,1
DA:292,1
DA:293,1
DA:294,1
DA:295,1
DA:296,1
DA:297,1
DA:298,1
DA:299,1
DA:300,1
DA:301,1
DA:302,1
DA:303,1
DA:304,1
DA:305,1
DA:306,1
DA:307,1
DA:308,1
DA:309,1
DA:310,1
DA:311,1
DA:312,1
DA:313,1
DA:314,1
DA:315,1
DA:316,1
DA:317,1
DA:318,1
DA:319,1
DA:320,1
DA:321,1
DA:322,1
DA:323,1
DA:324,1
DA:325,1
DA:326,1
DA:327,1
DA:328,1
DA:329,1
DA:330,1
DA:331,1
DA:332,1
DA:333,1
DA:334,1
DA:335,1
DA:336,1
DA:337,1
DA:338,1
DA:339,1
DA:340,1
DA:341,1
DA:342,1
DA:343,1
DA:344,1
DA:345,1
DA:346,1
DA:347,1
DA:348,1
DA:349,1
DA:350,1
DA:351,1
DA:352,1
DA:353,1
DA:354,1
DA:355,1
DA:356,1
DA:357,1
DA:358,1
DA:359,1
DA:360,1
DA:361,1
DA:362,1
DA:363,1
DA:364,1
DA:365,1
DA:366,1
DA:367,1
DA:368,1
DA:369,1
DA:370,1
DA:371,1
DA:372,1
DA:373,1
DA:374,1
DA:375,1
DA:376,1
DA:377,1
DA:378,1
DA:379,1
DA:380,1
DA:381,1
DA:382,1
DA:383,1
DA:384,1
DA:385,1
DA:386,1
DA:387,1
DA:388,1
DA:389,1
DA:390,1
DA:391,1
DA:392,1
DA:393,1
DA:394,1
DA:395,1
DA:396,1
DA:397,1
DA:398,1
DA:399,1
DA:400,1
DA:401,1
DA:402,1
DA:403,1
DA:404,1
DA:405,1
DA:406,1
DA:407,1
DA:408,1
DA:409,1
DA:410,1
DA:411,1
DA:412,1
DA:413,1
DA:414,1
DA:415,1
DA:416,1
DA:417,1
DA:418,1
DA:419,1
DA:420,1
DA:421,1
DA:422,1
DA:423,1
DA:424,1
DA:425,1
DA:426,1
DA:427,1
DA:428,1
DA:429,1
DA:430,1
DA:431,1
DA:432,1
DA:433,1
DA:434,1
DA:435,1
DA:436,1
DA:437,1
DA:438,1
DA:439,1
DA:440,1
DA:441,1
DA:442,1
DA:443,1
DA:444,1
DA:445,1
DA:446,1
DA:447,1
DA:448,1
DA:449,1
DA:450,1
DA:451,1
DA:452,1
DA:453,1
DA:454,1
DA:455,1
DA:456,1
DA:457,1
DA:458,1
DA:459,1
DA:460,1
DA:461,1
DA:462,1
DA:463,1
DA:464,1
DA:465,1
DA:466,1
DA:467,1
DA:468,1
DA:469,1
DA:470,1
DA:471,1
DA:472,1
DA:473,1
DA:474,1
DA:475,1
DA:476,1
DA:477,1
DA:478,1
DA:479,1
DA:480,1
DA:481,1
DA:482,1
DA:483,1
DA:484,1
DA:485,1
DA:486,1
DA:487,1
DA:488,1
DA:489,1
DA:490,1
DA:491,1
DA:492,1
DA:493,1
DA:494,1
DA:495,1
DA:496,1
DA:497,1
DA:498,1
DA:499,1
DA:500,1
DA:501,1
DA:502,1
DA:503,1
DA:504,1
DA:505,1
DA:506,1
DA:507,1
DA:508,1
DA:509,1
DA:510,1
DA:511,1
DA:512,1
DA:513,1
DA:514,1
DA:515,1
DA:516,1
DA:517,1
DA:518,1
DA:519,1
DA:520,1
DA:521,1
DA:522,1
DA:523,1
DA:524,1
DA:525,1
DA:526,1
DA:527,1
DA:528,1
DA:529,1
DA:530,1
DA:531,1
DA:532,1
DA:533,1
DA:534,1
DA:535,1
DA:536,1
DA:537,1
DA:538,1
DA:539,1
DA:540,1
DA:541,1
DA:542,1
DA:543,1
DA:544,1
DA:545,1
DA:546,1
DA:547,1
DA:548,1
DA:549,1
DA:550,1
DA:551,1
DA:552,1
DA:553,1
DA:554,1
DA:555,1
DA:556,1
DA:557,1
DA:558,1
DA:559,1
DA:560,1
DA:561,1
DA:562,1
DA:563,1
DA:564,1
DA:565,1
DA:566,1
DA:567,1
DA:568,1
DA:569,1
DA:570,1
DA:571,1
DA:572,1
DA:573,1
DA:574,1
DA:575,1
DA:576,1
DA:577,1
DA:578,1
DA:579,1
DA:580,1
DA:581,1
DA:582,1
DA:583,1
DA:584,1
DA:585,1
DA:586,1
DA:587,1
DA:588,1
DA:589,1
DA:590,1
DA:591,1
DA:592,1
DA:593,1
DA:594,1
DA:595,1
DA:596,1
DA:597,1
DA:598,1
DA:599,1
DA:600,1
DA:601,1
DA:602,1
DA:603,1
DA:604,1
DA:605,1
DA:606,1
DA:607,1
DA:608,1
DA:609,1
DA:610,1
DA:611,1
DA:612,1
DA:613,1
DA:614,1
DA:615,1
DA:616,1
DA:617,1
DA:618,1
DA:619,1
DA:620,1
DA:621,1
DA:622,1
DA:623,1
DA:624,1
DA:625,1
DA:626,1
DA:627,1
DA:628,1
DA:629,1
DA:630,1
DA:631,1
DA:632,1
DA:633,1
DA:634,1
DA:635,1
DA:636,1
DA:637,1
DA:638,1
DA:639,1
DA:640,1
DA:641,1
DA:642,1
DA:643,1
DA:644,1
DA:645,1
DA:646,1
DA:647,1
DA:648,1
DA:649,1
DA:650,1
DA:651,1
DA:652,1
DA:653,1
DA:654,1
DA:655,1
DA:656,1
DA:657,1
DA:658,1
DA:659,1
DA:660,1
DA:661,1
DA:662,1
DA:663,1
DA:664,1
DA:665,1
DA:666,1
DA:667,1
DA:668,1
DA:669,1
DA:670,1
DA:671,1
DA:672,1
DA:673,1
DA:674,1
DA:675,1
DA:676,1
DA:677,1
DA:678,1
DA:679,1
DA:680,1
DA:681,1
DA:682,1
DA:683,1
DA:684,1
DA:685,1
DA:686,1
DA:687,1
DA:688,1
DA:689,1
DA:690,1
DA:691,1
DA:692,1
DA:693,1
DA:694,1
DA:695,1
DA:696,1
DA:697,1
DA:698,1
DA:699,1
DA:700,1
DA:701,1
DA:702,1
DA:703,1
DA:704,1
DA:705,1
DA:706,1
DA:707,1
DA:708,1
DA:709,1
DA:710,1
DA:711,1
DA:712,1
DA:713,1
DA:714,1
DA:715,1
DA:716,1
DA:717,1
DA:718,1
DA:719,1
DA:720,1
DA:721,1
DA:722,1
DA:723,1
DA:724,1
DA:725,1
DA:726,1
DA:727,1
DA:728,1
DA:729,1
DA:730,1
DA:731,1
DA:732,1
DA:733,1
DA:734,1
DA:735,1
DA:736,1
DA:737,1
DA:738,1
DA:739,1
DA:740,1
DA:741,1
DA:742,1
DA:743,1
DA:744,1
DA:745,1
DA:746,1
DA:747,1
DA:748,1
DA:749,1
DA:750,1
DA:751,1
DA:752,1
DA:753,1
DA:754,1
DA:755,1
DA:756,1
DA:757,1
DA:758,1
DA:759,1
DA:760,1
DA:761,1
DA:762,1
DA:763,1
DA:764,1
DA:765,1
DA:766,1
DA:767,1
DA:768,1
DA:769,1
DA:770,1
DA:771,1
DA:772,1
DA:773,1
DA:774,1
DA:775,1
DA:776,1
DA:777,1
DA:778,1
DA:779,1
DA:780,1
DA:781,1
DA:782,1
DA:783,1
DA:784,1
DA:785,1
DA:786,1
DA:787,1
DA:788,1
DA:789,1
DA:790,1
DA:791,1
DA:792,1
DA:793,1
DA:794,1
DA:795,1
DA:796,1
DA:797,1
DA:798,1
DA:799,1
DA:800,1
DA:801,1
DA:802,1
DA:803,1
DA:804,1
DA:805,1
DA:806,1
DA:807,1
DA:808,1
DA:809,1
DA:810,1
DA:811,1
DA:812,1
DA:813,1
DA:814,1
DA:815,1
DA:816,1
DA:817,1
DA:818,1
DA:819,1
DA:820,1
DA:821,1
DA:822,1
DA:823,1
DA:824,1
DA:825,1
DA:826,1
DA:827,1
DA:828,1
DA:829,1
DA:830,1
DA:831,1
DA:832,1
DA:833,1
DA:834,1
DA:835,1
DA:836,1
DA:837,1
DA:838,1
DA:839,1
DA:840,1
DA:841,1
DA:842,1
DA:843,1
DA:844,1
DA:845,1
DA:846,1
DA:847,1
DA:848,1
DA:849,1
DA:850,1
DA:851,1
DA:852,1
DA:853,1
DA:854,1
DA:855,1
DA:856,1
DA:857,1
DA:858,1
DA:859,1
DA:860,1
DA:861,1
DA:862,1
DA:863,1
DA:864,1
DA:865,1
DA:866,1
DA:867,1
DA:868,1
DA:869,1
DA:870,1
DA:871,1
DA:872,1
DA:873,1
DA:874,1
DA:875,1
DA:876,1
DA:877,1
DA:878,1
DA:879,1
DA:880,1
DA:881,1
DA:882,1
DA:883,1
DA:884,1
DA:885,1
DA:886,1
DA:887,1
DA:888,1
DA:889,1
DA:890,1
DA:891,1
DA:892,1
DA:893,1
DA:894,1
DA:895,1
DA:896,1
DA:897,1
DA:898,1
DA:899,1
DA:900,1
DA:901,1
DA:902,1
DA:903,1
DA:904,1
DA:905,1
DA:906,1
DA:907,1
DA:908,1
DA:909,1
DA:910,1
DA:911,1
DA:912,1
DA:913,1
DA:914,1
DA:915,1
DA:916,1
DA:917,1
DA:918,1
DA:919,1
DA:920,1
DA:921,1
DA:922,1
DA:923,1
DA:924,1
DA:925,1
DA:926,1
DA:927,1
DA:928,1
DA:929,1
DA:930,1
DA:931,1
DA:932,1
DA:933,1
DA:934,1
DA:935,1
DA:936,1
DA:937,1
DA:938,1
DA:939,1
DA:940,1
DA:941,1
DA:942,1
DA:943,1
DA:944,1
DA:945,1
DA:946,1
DA:947,1
DA:948,1
DA:949,1
DA:950,1
DA:951,1
DA:952,1
DA:953,1
DA:954,1
DA:955,1
DA:956,1
DA:957,1
DA:958,1
DA:959,1
DA:960,1
DA:961,1
DA:962,1
DA:963,1
DA:964,1
DA:965,1
DA:966,1
DA:967,1
DA:968,1
DA:969,1
DA:970,1
DA:971,1
DA:972,1
DA:973,1
DA:974,1
DA:975,1
DA:976,1
DA:977,1
DA:978,1
DA:979,1
DA:980,1
DA:981,1
DA:982,1
DA:983,1
DA:984,1
DA:985,1
DA:986,1
DA:987,1
DA:988,1
DA:989,1
DA:990,1
DA:991,1
DA:992,1
DA:993,1
DA:994,1
DA:995,1
DA:996,1
DA:997,1
DA:998,1
DA:999,1
DA:1000,1
DA:1001,1
DA:1002,1
DA:1003,1
DA:1004,1
DA:1005,1
DA:1006,1
DA:1007,1
DA:1008,1
DA:1009,1
DA:1010,1
DA:1011,1
DA:1012,1
DA:1013,1
DA:1014,1
DA:1015,1
DA:1016,1
DA:1017,1
DA:1018,1
DA:1019,1
DA:1020,1
DA:1021,1
DA:1022,1
DA:1023,1
DA:1024,1
DA:1025,1
DA:1026,1
DA:1027,1
DA:1028,1
DA:1029,1
DA:1030,1
DA:1031,1
DA:1032,1
DA:1033,1
DA:1034,1
DA:1035,1
DA:1036,1
DA:1037,1
DA:1038,1
DA:1039,1
DA:1040,1
DA:1041,1
DA:1042,1
DA:1043,1
DA:1044,1
DA:1045,1
DA:1046,1
DA:1047,1
DA:1048,1
DA:1049,1
DA:1050,1
DA:1051,1
DA:1052,1
DA:1053,1
DA:1054,1
DA:1055,1
DA:1056,1
DA:1057,1
DA:1058,1
DA:1059,1
DA:1060,1
DA:1061,1
DA:1062,1
DA:1063,1
DA:1064,1
DA:1065,1
DA:1066,1
DA:1067,1
DA:1068,1
DA:1069,1
DA:1070,1
DA:1071,1
DA:1072,1
DA:1073,1
DA:1074,1
DA:1075,1
DA:1076,1
DA:1077,1
DA:1078,1
DA:1079,1
DA:1080,1
DA:1081,1
DA:1082,1
DA:1083,1
DA:1084,1
DA:1085,1
DA:1086,1
DA:1087,1
DA:1088,1
DA:1089,1
DA:1090,1
DA:1091,1
DA:1092,1
DA:1093,1
DA:1094,1
DA:1095,1
DA:1096,1
DA:1097,1
DA:1098,1
DA:1099,1
DA:1100,1
DA:1101,1
DA:1102,1
DA:1103,1
DA:1104,1
DA:1105,1
DA:1106,1
DA:1107,1
DA:1108,1
DA:1109,1
DA:1110,1
DA:1111,1
DA:1112,1
DA:1113,1
DA:1114,1
DA:1115,1
DA:1116,1
DA:1117,1
DA:1118,1
DA:1119,1
DA:1120,1
DA:1121,1
DA:1122,1
DA:1123,1
DA:1124,1
DA:1125,1
DA:1126,1
DA:1127,1
DA:1128,1
DA:1129,1
DA:1130,1
DA:1131,1
DA:1132,1
DA:1133,1
DA:1134,1
DA:1135,1
DA:1136,1
DA:1137,1
DA:1138,1
DA:1139,1
DA:1140,1
DA:1141,1
DA:1142,1
DA:1143,1
DA:1144,1
DA:1145,1
DA:1146,1
DA:1147,1
DA:1148,1
DA:1149,1
DA:1150,1
DA:1151,1
DA:1152,1
DA:1153,1
DA:1154,1
DA:1155,1
DA:1156,1
DA:1157,1
DA:1158,1
DA:1159,1
DA:1160,1
DA:1161,1
DA:1162,1
DA:1163,1
DA:1164,1
DA:1165,1
DA:1166,1
DA:1167,1
DA:1168,1
DA:1169,1
DA:1170,1
DA:1171,1
DA:1172,1
DA:1173,1
DA:1174,1
DA:1175,1
DA:1176,1
DA:1177,1
DA:1178,1
DA:1179,1
DA:1180,1
DA:1181,1
DA:1182,1
DA:1183,1
DA:1184,1
DA:1185,1
DA:1186,1
DA:1187,1
DA:1188,1
DA:1189,1
DA:1190,1
DA:1191,1
DA:1192,1
DA:1193,1
DA:1194,1
DA:1195,1
DA:1196,1
DA:1197,1
DA:1198,1
DA:1199,1
DA:1200,1
DA:1201,1
DA:1202,1
DA:1203,1
DA:1204,1
DA:1205,1
DA:1206,1
DA:1207,1
DA:1208,1
DA:1209,1
DA:1210,1
DA:1211,1
DA:1212,1
DA:1213,1
DA:1214,1
DA:1215,1
DA:1216,1
DA:1217,1
DA:1218,1
DA:1219,1
DA:1220,1
DA:1221,1
DA:1222,1
DA:1223,1
DA:1224,1
DA:1225,1
DA:1226,1
DA:1227,1
DA:1228,1
DA:1229,1
DA:1230,1
DA:1231,1
DA:1232,1
DA:1233,1
DA:1234,1
DA:1235,1
DA:1236,1
DA:1237,1
DA:1238,1
DA:1239,1
DA:1240,1
DA:1241,1
DA:1242,1
DA:1243,1
DA:1244,1
DA:1245,1
DA:1246,1
DA:1247,1
DA:1248,1
DA:1249,1
DA:1250,1
DA:1251,1
DA:1252,1
DA:1253,1
DA:1254,1
DA:1255,1
DA:1256,1
DA:1257,1
DA:1258,1
DA:1259,1
DA:1260,1
DA:1261,1
DA:1262,1
DA:1263,1
DA:1264,1
DA:1265,1
DA:1266,1
DA:1267,1
DA:1268,1
DA:1269,1
DA:1270,1
DA:1271,1
DA:1272,1
DA:1273,1
DA:1274,1
DA:1275,1
DA:1276,1
DA:1277,1
DA:1278,1
DA:1279,1
DA:1280,1
DA:1281,1
DA:1282,1
DA:1283,1
DA:1284,1
DA:1285,1
DA:1286,1
DA:1287,1
DA:1288,1
DA:1289,1
DA:1290,1
DA:1291,1
DA:1292,1
DA:1293,1
DA:1294,1
DA:1295,1
DA:1296,1
DA:1297,1
DA:1298,1
DA:1299,1
DA:1300,1
DA:1301,1
DA:1302,1
DA:1303,1
DA:1304,1
DA:1305,1
DA:1306,1
DA:1307,1
DA:1308,1
DA:1309,1
DA:1310,1
DA:1311,1
DA:1312,1
DA:1313,1
DA:1314,1
DA:1315,1
DA:1316,1
DA:1317,1
DA:1318,1
DA:1319,1
DA:1320,1
DA:1321,1
DA:1322,1
DA:1323,1
DA:1324,1
DA:1325,1
DA:1326,1
DA:1327,1
DA:1328,1
DA:1329,1
DA:1330,1
DA:1331,1
DA:1332,1
DA:1333,1
DA:1334,1
DA:1335,1
DA:1336,1
DA:1337,1
DA:1338,1
DA:1339,1
DA:1340,1
DA:1341,1
DA:1342,1
DA:1343,1
DA:1344,1
DA:1345,1
DA:1346,1
DA:1347,1
DA:1348,1
DA:1349,1
DA:1350,1
DA:1351,1
DA:1352,1
DA:1353,1
DA:1354,1
DA:1355,1
DA:1356,1
DA:1357,1
DA:1358,1
DA:1359,1
DA:1360,1
DA:1361,1
DA:1362,1
DA:1363,1
DA:1364,1
DA:1365,1
DA:1366,1
DA:1367,1
DA:1368,1
DA:1369,1
DA:1370,1
DA:1371,1
DA:1372,1
DA:1373,1
DA:1374,1
DA:1375,1
DA:1376,1
DA:1377,1
DA:1378,1
DA:1379,1
DA:1380,1
DA:1381,1
DA:1382,1
DA:1383,1
DA:1384,1
DA:1385,1
DA:1386,1
DA:1387,1
DA:1388,1
DA:1389,1
DA:1390,1
DA:1391,1
DA:1392,1
DA:1393,1
DA:1394,1
DA:1395,1
DA:1396,1
DA:1397,1
DA:1398,1
DA:1399,1
DA:1400,1
DA:1401,1
DA:1402,1
DA:1403,1
DA:1404,1
DA:1405,1
DA:1406,1
DA:1407,1
DA:1408,1
DA:1409,1
DA:1410,1
DA:1411,1
DA:1412,1
DA:1413,1
DA:1414,1
DA:1415,1
DA:1416,1
DA:1417,1
DA:1418,1
DA:1419,1
DA:1420,1
DA:1421,1
DA:1422,1
DA:1423,1
DA:1424,1
DA:1425,1
DA:1426,1
DA:1427,1
DA:1428,1
DA:1429,1
DA:1430,1
DA:1431,1
DA:1432,1
DA:1433,1
DA:1434,1
DA:1435,1
DA:1436,1
DA:1437,1
DA:1438,1
DA:1439,1
DA:1440,1
DA:1441,1
DA:1442,1
DA:1443,1
DA:1444,1
DA:1445,1
DA:1446,1
DA:1447,1
DA:1448,1
DA:1449,1
DA:1450,1
DA:1451,1
DA:1452,1
DA:1453,1
DA:1454,1
DA:1455,1
DA:1456,1
DA:1457,1
DA:1458,1
DA:1459,1
DA:1460,1
DA:1461,1
DA:1462,1
DA:1463,1
DA:1464,1
DA:1465,1
DA:1466,1
DA:1467,1
DA:1468,1
DA:1469,1
DA:1470,1
DA:1471,1
DA:1472,1
DA:1473,1
DA:1474,1
DA:1475,1
DA:1476,1
DA:1477,1
DA:1478,1
DA:1479,1
DA:1480,1
DA:1481,1
DA:1482,1
DA:1483,1
DA:1484,1
DA:1485,1
DA:1486,1
DA:1487,1
DA:1488,1
DA:1489,1
DA:1490,1
DA:1491,1
DA:1492,1
DA:1493,1
DA:1494,1
DA:1495,1
DA:1496,1
DA:1497,1
DA:1498,1
DA:1499,1
DA:1500,1
DA:1501,1
DA:1502,1
DA:1503,1
DA:1504,1
DA:1505,1
DA:1506,1
DA:1507,1
DA:1508,1
DA:1509,1
DA:1510,1
DA:1511,1
DA:1512,1
DA:1513,1
DA:1514,1
DA:1515,1
DA:1516,1
DA:1517,1
DA:1518,1
DA:1519,1
DA:1520,1
DA:1521,1
DA:1522,1
DA:1523,1
DA:1524,1
DA:1525,1
DA:1526,1
DA:1527,1
DA:1528,1
DA:1529,1
DA:1530,1
DA:1531,1
DA:1532,1
DA:1533,1
DA:1534,1
DA:1535,1
DA:1536,1
DA:1537,1
DA:1538,1
DA:1539,1
DA:1540,1
DA:1541,1
DA:1542,1
DA:1543,1
DA:1544,1
DA:1545,1
DA:1546,1
DA:1547,1
DA:1548,1
DA:1549,1
DA:1550,1
DA:1551,1
DA:1552,1
DA:1553,1
DA:1554,1
DA:1555,1
DA:1556,1
DA:1557,1
DA:1558,1
DA:1559,1
DA:1560,1
DA:1561,1
DA:1562,1
DA:1563,1
DA:1564,1
DA:1565,1
DA:1566,1
DA:1567,1
DA:1568,1
DA:1569,1
DA:1570,1
DA:1571,1
DA:1572,1
DA:1573,1
DA:1574,1
DA:1575,1
DA:1576,1
DA:1577,1
DA:1578,1
DA:1579,1
DA:1580,1
DA:1581,1
DA:1582,1
DA:1583,1
DA:1584,1
DA:1585,1
DA:1586,1
DA:1587,1
DA:1588,1
DA:1589,1
DA:1590,1
DA:1591,1
DA:1592,1
DA:1593,1
DA:1594,1
DA:1595,1
DA:1596,1
DA:1597,1
DA:1598,1
DA:1599,1
DA:1600,1
DA:1601,1
DA:1602,1
DA:1603,1
DA:1604,1
DA:1605,1
DA:1606,1
DA:1607,1
DA:1608,1
DA:1609,1
DA:1610,1
DA:1611,1
DA:1612,1
DA:1613,1
DA:1614,1
DA:1615,1
DA:1616,1
DA:1617,1
DA:1618,1
DA:1619,1
DA:1620,1
DA:1621,1
DA:1622,1
DA:1623,1
DA:1624,1
DA:1625,1
DA:1626,1
DA:1627,1
DA:1628,1
DA:1629,1
DA:1630,1
DA:1631,1
DA:1632,1
DA:1633,1
DA:1634,1
DA:1635,1
DA:1636,1
DA:1637,1
DA:1638,1
DA:1639,1
DA:1640,1
DA:1641,1
DA:1642,1
DA:1643,1
DA:1644,1
DA:1645,1
DA:1646,1
DA:1647,1
DA:1648,1
DA:1649,1
DA:1650,1
DA:1651,1
DA:1652,1
DA:1653,1
DA:1654,1
DA:1655,1
DA:1656,1
DA:1657,1
DA:1658,1
DA:1659,1
DA:1660,1
DA:1661,1
DA:1662,1
DA:1663,1
DA:1664,1
DA:1665,1
DA:1666,1
DA:1667,1
DA:1668,1
DA:1669,1
DA:1670,1
DA:1671,1
DA:1672,1
DA:1673,1
DA:1674,1
DA:1675,1
DA:1676,1
DA:1677,1
DA:1678,1
DA:1679,1
DA:1680,1
DA:1681,1
DA:1682,1
DA:1683,1
DA:1684,1
DA:1685,1
DA:1686,1
DA:1687,1
DA:1688,1
DA:1689,1
DA:1690,1
DA:1691,1
DA:1692,1
DA:1693,1
DA:1694,1
DA:1695,1
DA:1696,1
DA:1697,1
DA:1698,1
DA:1699,1
DA:1700,1
DA:1701,1
DA:1702,1
DA:1703,1
DA:1704,1
DA:1705,1
DA:1706,1
DA:1707,1
DA:1708,1
DA:1709,1
DA:1710,1
DA:1711,1
DA:1712,1
DA:1713,1
DA:1714,1
DA:1715,1
DA:1716,1
DA:1717,1
DA:1718,1
DA:1719,1
DA:1720,1
DA:1721,1
DA:1722,1
DA:1723,1
DA:1724,1
DA:1725,1
DA:1726,1
DA:1727,1
DA:1728,1
DA:1729,1
DA:1730,1
DA:1731,1
DA:1732,1
DA:1733,1
DA:1734,1
DA:1735,1
DA:1736,1
DA:1737,1
DA:1738,1
DA:1739,1
DA:1740,1
DA:1741,1
DA:1742,1
DA:1743,1
DA:1744,1
DA:1745,1
DA:1746,1
DA:1747,1
DA:1748,1
DA:1749,1
DA:1750,1
DA:1751,1
DA:1752,1
DA:1753,1
DA:1754,1
DA:1755,1
DA:1756,1
DA:1757,1
DA:1758,1
DA:1759,1
DA:1760,1
DA:1761,1
DA:1762,1
DA:1763,1
DA:1764,1
DA:1765,1
DA:1766,1
DA:1767,1
DA:1768,1
DA:1769,1
DA:1770,1
DA:1771,1
DA:1772,1
DA:1773,1
DA:1774,1
DA:1775,1
DA:1776,1
DA:1777,1
DA:1778,1
DA:1779,1
DA:1780,1
DA:1781,1
DA:1782,1
DA:1783,1
DA:1784,1
DA:1785,1
DA:1786,1
DA:1787,1
DA:1788,1
DA:1789,1
DA:1790,1
DA:1791,1
DA:1792,1
DA:1793,1
DA:1794,1
DA:1795,1
DA:1796,1
DA:1797,1
DA:1798,1
DA:1799,1
DA:1800,1
DA:1801,1
DA:1802,1
DA:1803,1
DA:1804,1
DA:1805,1
DA:1806,1
DA:1807,1
DA:1808,1
DA:1809,1
DA:1810,1
DA:1811,1
DA:1812,1
DA:1813,1
DA:1814,1
DA:1815,1
DA:1816,1
DA:1817,1
DA:1818,1
DA:1819,1
DA:1820,1
DA:1821,1
DA:1822,1
DA:1823,1
DA:1824,1
DA:1825,1
DA:1826,1
DA:1827,1
DA:1828,1
DA:1829,1
DA:1830,1
DA:1831,1
DA:1832,1
DA:1833,1
DA:1834,1
DA:1835,1
DA:1836,1
DA:1837,1
DA:1838,1
DA:1839,1
DA:1840,1
DA:1841,1
DA:1842,1
DA:1843,1
DA:1844,1
DA:1845,1
DA:1846,1
DA:1847,1
DA:1848,1
DA:1849,1
DA:1850,1
DA:1851,1
DA:1852,1
DA:1853,1
DA:1854,1
DA:1855,1
DA:1856,1
DA:1857,1
DA:1858,1
DA:1859,1
DA:1860,1
DA:1861,1
DA:1862,1
DA:1863,1
DA:1864,1
DA:1865,1
DA:1866,1
DA:1867,1
DA:1868,1
DA:1869,1
DA:1870,1
DA:1871,1
DA:1872,1
DA:1873,1
DA:1874,1
DA:1875,1
DA:1876,1
DA:1877,1
DA:1878,1
DA:1879,1
DA:1880,1
DA:1881,1
DA:1882,1
DA:1883,1
DA:1884,1
DA:1885,1
DA:1886,1
DA:1887,1
DA:1888,1
DA:1889,1
DA:1890,1
DA:1891,1
DA:1892,1
DA:1893,1
DA:1894,1
DA:1895,1
DA:1896,1
DA:1897,1
DA:1898,1
DA:1899,1
DA:1900,1
DA:1901,1
DA:1902,1
DA:1903,1
DA:1904,1
DA:1905,1
DA:1906,1
DA:1907,1
DA:1908,1
DA:1909,1
DA:1910,1
DA:1911,1
DA:1912,1
DA:1913,1
DA:1914,1
DA:1915,1
DA:1916,1
DA:1917,1
DA:1918,1
DA:1919,1
DA:1920,1
DA:1921,1
DA:1922,1
DA:1923,1
DA:1924,1
DA:1925,1
DA:1926,1
DA:1927,1
DA:1928,1
DA:1929,1
DA:1930,1
DA:1931,1
DA:1932,1
DA:1933,1
DA:1934,1
DA:1935,1
DA:1936,1
DA:1937,1
DA:1938,1
DA:1939,1
DA:1940,1
DA:1941,1
DA:1942,1
DA:1943,1
DA:1944,1
DA:1945,1
DA:1946,1
DA:1947,1
DA:1948,1
DA:1949,1
DA:1950,1
DA:1951,1
DA:1952,1
DA:1953,1
DA:1954,1
DA:1955,1
DA:1956,1
DA:1957,1
DA:1958,1
DA:1959,1
DA:1960,1
DA:1961,1
DA:1962,1
DA:1963,1
DA:1964,1
DA:1965,1
DA:1966,1
DA:1967,1
DA:1968,1
DA:1969,1
DA:1970,1
DA:1971,1
DA:1972,1
DA:1973,1
DA:1974,1
DA:1975,1
DA:1976,1
DA:1977,1
DA:1978,1
DA:1979,1
DA:1980,1
DA:1981,1
DA:1982,1
DA:1983,1
DA:1984,1
DA:1985,1
DA:1986,1
DA:1987,1
DA:1988,1
DA:1989,1
DA:1990,1
DA:1991,1
DA:1992,1
DA:1993,1
DA:1994,1
DA:1995,1
DA:1996,1
DA:1997,1
DA:1998,1
DA:1999,1
DA:2000,1
DA:2001,1
DA:2002,1
DA:2003,1
DA:2004,1
DA:2005,1
DA:2006,1
DA:2007,1
DA:2008,1
DA:2009,1
DA:2010,1
DA:2011,1
DA:2012,1
DA:2013,1
DA:2014,1
DA:2015,1
DA:2016,1
DA:2017,1
DA:2018,1
DA:2019,1
DA:2020,1
DA:2021,1
DA:2022,1
DA:2023,1
DA:2024,1
DA:2025,1
DA:2026,1
DA:2027,1
DA:2028,1
DA:2029,1
DA:2030,1
DA:2031,1
DA:2032,1
DA:2033,1
DA:2034,1
DA:2035,1
DA:2036,1
DA:2037,1
DA:2038,1
DA:2039,1
DA:2040,1
DA:2041,1
DA:2042,1
DA:2043,1
DA:2044,1
DA:2045,1
DA:2046,1
DA:2047,1
DA:2048,1
DA:2049,1
DA:2050,1
DA:2051,1
DA:2052,1
DA:2053,1
DA:2054,1
DA:2055,1
DA:2056,1
DA:2057,1
DA:2058,1
DA:2059,1
DA:2060,1
DA:2061,1
DA:2062,1
DA:2063,1
DA:2064,1
DA:2065,1
DA:2066,1
DA:2067,1
DA:2068,1
DA:2069,1
DA:2070,1
DA:2071,1
DA:2072,1
DA:2073,1
DA:2074,1
DA:2075,1
DA:2076,1
DA:2077,1
DA:2078,1
DA:2079,1
DA:2080,1
DA:2081,1
DA:2082,1
DA:2083,1
DA:2084,1
DA:2085,1
DA:2086,1
DA:2087,1
DA:2088,1
DA:2089,1
DA:2090,1
DA:2091,1
DA:2092,1
DA:2093,1
DA:2094,1
DA:2095,1
DA:2096,1
DA:2097,1
DA:2098,1
DA:2099,1
DA:2100,1
DA:2101,1
DA:2102,1
DA:2103,1
DA:2104,1
DA:2105,1
DA:2106,1
DA:2107,1
DA:2108,1
DA:2109,1
DA:2110,1
DA:2111,1
DA:2112,1
DA:2113,1
DA:2114,1
DA:2115,1
DA:2116,1
DA:2117,1
DA:2118,1
DA:2119,1
DA:2120,1
DA:2121,1
DA:2122,1
DA:2123,1
DA:2124,1
DA:2125,1
DA:2126,1
DA:2127,1
DA:2128,1
DA:2129,1
DA:2130,1
DA:2131,1
DA:2132,1
DA:2133,1
DA:2134,1
DA:2135,1
DA:2136,1
DA:2137,1
DA:2138,1
DA:2139,1
DA:2140,1
DA:2141,1
DA:2142,1
DA:2143,1
DA:2144,1
DA:2145,1
DA:2146,1
DA:2147,1
DA:2148,1
DA:2149,1
DA:2150,1
DA:2151,1
DA:2152,1
DA:2153,1
DA:2154,1
DA:2155,1
DA:2156,1
DA:2157,1
DA:2158,1
DA:2159,1
DA:2160,1
DA:2161,1
DA:2162,1
DA:2163,1
DA:2164,1
DA:2165,1
DA:2166,1
DA:2167,1
DA:2168,1
DA:2169,1
DA:2170,1
DA:2171,1
DA:2172,1
DA:2173,1
DA:2174,1
DA:2175,1
DA:2176,1
DA:2177,1
DA:2178,1
DA:2179,1
DA:2180,1
DA:2181,1
DA:2182,1
DA:2183,1
DA:2184,1
DA:2185,1
DA:2186,1
DA:2187,1
DA:2188,1
DA:2189,1
DA:2190,1
DA:2191,1
DA:2192,1
DA:2193,1
DA:2194,1
DA:2195,1
DA:2196,1
DA:2197,1
DA:2198,1
DA:2199,1
DA:2200,1
DA:2201,1
DA:2202,1
DA:2203,1
DA:2204,1
DA:2205,1
DA:2206,1
DA:2207,1
DA:2208,1
DA:2209,1
DA:2210,1
DA:2211,1
DA:2212,1
DA:2213,1
DA:2214,1
DA:2215,1
DA:2216,1
DA:2217,1
DA:2218,1
DA:2219,1
DA:2220,1
DA:2221,1
DA:2222,1
DA:2223,1
DA:2224,1
DA:2225,1
DA:2226,1
DA:2227,1
DA:2228,1
DA:2229,1
DA:2230,1
DA:2231,1
DA:2232,1
DA:2233,1
DA:2234,1
DA:2235,1
DA:2236,1
DA:2237,1
DA:2238,1
DA:2239,1
DA:2240,1
DA:2241,1
DA:2242,1
DA:2243,1
DA:2244,1
DA:2245,1
DA:2246,1
DA:2247,1
DA:2248,1
DA:2249,1
DA:2250,1
DA:2251,1
DA:2252,1
DA:2253,1
DA:2254,1
DA:2255,1
DA:2256,1
DA:2257,1
DA:2258,1
DA:2259,1
DA:2260,1
DA:2261,1
DA:2262,1
DA:2263,1
DA:2264,1
DA:2265,1
DA:2266,1
DA:2267,1
DA:2268,1
DA:2269,1
DA:2270,1
DA:2271,1
DA:2272,1
DA:2273,1
DA:2274,1
DA:2275,1
DA:2276,1
DA:2277,1
DA:2278,1
DA:2279,1
DA:2280,1
DA:2281,1
DA:2282,1
DA:2283,1
DA:2284,1
DA:2285,1
DA:2286,1
DA:2287,1
DA:2288,1
DA:2289,1
DA:2290,1
DA:2291,1
DA:2292,1
DA:2293,1
DA:2294,1
DA:2295,1
DA:2296,1
DA:2297,1
DA:2298,1
DA:2299,1
DA:2300,1
DA:2301,1
DA:2302,1
DA:2303,1
DA:2304,1
DA:2305,1
DA:2306,1
DA:2307,1
DA:2308,1
DA:2309,1
DA:2310,1
DA:2311,1
DA:2312,1
DA:2313,1
DA:2314,1
DA:2315,1
DA:2316,1
DA:2317,1
DA:2318,1
DA:2319,1
DA:2320,1
DA:2321,1
DA:2322,1
DA:2323,1
DA:2324,1
DA:2325,1
DA:2326,1
DA:2327,1
DA:2328,1
DA:2329,1
DA:2330,1
DA:2331,1
DA:2332,1
DA:2333,1
DA:2334,1
DA:2335,1
DA:2336,1
DA:2337,1
DA:2338,1
DA:2339,1
DA:2340,1
DA:2341,1
DA:2342,1
DA:2343,1
DA:2344,1
DA:2345,1
DA:2346,1
DA:2347,1
DA:2348,1
DA:2349,1
DA:2350,1
DA:2351,1
DA:2352,1
DA:2353,1
DA:2354,1
DA:2355,1
DA:2356,1
DA:2357,1
DA:2358,1
DA:2359,1
DA:2360,1
DA:2361,1
DA:2362,1
DA:2363,1
DA:2364,1
DA:2365,1
DA:2366,1
DA:2367,1
DA:2368,1
DA:2369,1
DA:2370,1
DA:2371,1
DA:2372,1
DA:2373,1
DA:2374,1
DA:2375,1
DA:2376,1
DA:2377,1
DA:2378,1
DA:2379,1
DA:2380,1
DA:2381,1
DA:2382,1
DA:2383,1
DA:2384,1
DA:2385,1
DA:2386,1
DA:2387,1
DA:2388,1
DA:2389,1
DA:2390,1
DA:2391,1
DA:2392,1
DA:2393,1
DA:2394,1
DA:2395,1
DA:2396,1
DA:2397,1
DA:2398,1
DA:2399,1
DA:2400,1
DA:2401,1
DA:2402,1
DA:2403,1
DA:2404,1
DA:2405,1
DA:2406,1
DA:2407,1
DA:2408,1
DA:2409,1
DA:2410,1
DA:2411,1
DA:2412,1
DA:2413,1
DA:2414,1
DA:2415,1
DA:2416,1
DA:2417,1
DA:2418,1
DA:2419,1
DA:2420,1
DA:2421,1
DA:2422,1
DA:2423,1
DA:2424,1
DA:2425,1
DA:2426,1
DA:2427,1
DA:2428,1
DA:2429,1
DA:2430,1
DA:2431,1
DA:2432,1
DA:2433,1
DA:2434,1
DA:2435,1
DA:2436,1
DA:2437,1
DA:2438,1
DA:2439,1
DA:2440,1
DA:2441,1
DA:2442,1
DA:2443,1
DA:2444,1
DA:2445,1
DA:2446,1
DA:2447,1
DA:2448,1
DA:2449,1
DA:2450,1
DA:2451,1
DA:2452,1
DA:2453,1
DA:2454,1
DA:2455,1
DA:2456,1
DA:2457,1
DA:2458,1
DA:2459,1
DA:2460,1
DA:2461,1
DA:2462,1
DA:2463,1
DA:2464,1
DA:2465,1
DA:2466,1
DA:2467,1
DA:2468,1
DA:2469,1
DA:2470,1
DA:2471,1
DA:2472,1
DA:2473,1
DA:2474,1
DA:2475,1
DA:2476,1
DA:2477,1
DA:2478,1
DA:2479,1
DA:2480,1
DA:2481,1
DA:2482,1
DA:2483,1
DA:2484,1
DA:2485,1
DA:2486,1
DA:2487,1
DA:2488,1
DA:2489,1
DA:2490,1
DA:2491,1
DA:2492,1
DA:2493,1
DA:2494,1
DA:2495,1
DA:2496,1
DA:2497,1
DA:2498,1
DA:2499,1
DA:2500,1
LH:2500
LF:2500
end_of_record
SF:/Users/seanknowles/Projects/tellimer/open-source/packages/countrify/src/main.ts
FN:12,<instance_members_initializer>
FN:19,countryCode
FN:35,searchByName
FN:50,searchBySlug
FN:61,get emojis
FN:68,get codes
FN:75,get names
FN:82,get unicodes
FN:91,slug
FNDA:1,<instance_members_initializer>
FNDA:7,countryCode
FNDA:8,searchByName
FNDA:6,searchBySlug
FNDA:2,get emojis
FNDA:2,get codes
FNDA:2,get names
FNDA:2,get unicodes
FNDA:2,slug
FNF:9
FNH:9
BRDA:20,2,0,0
BRDA:26,3,0,991
BRDA:36,4,0,1
BRDA:38,4,1,7
BRDA:51,6,0,1
BRDA:53,6,1,5
BRDA:92,16,0,0
BRF:7
BRH:5
DA:3,1
DA:8,1
DA:12,1
DA:19,1
DA:20,0
DA:21,0
DA:22,0
DA:24,8
DA:25,8
DA:26,8
DA:28,8
DA:35,1
DA:36,9
DA:37,10
DA:38,10
DA:39,16
DA:40,16
DA:41,16
DA:43,9
DA:50,1
DA:51,7
DA:52,8
DA:53,8
DA:54,12
DA:55,12
DA:56,7
DA:61,1
DA:62,3
DA:63,3
DA:68,1
DA:69,3
DA:70,3
DA:75,1
DA:76,3
DA:77,3
DA:82,1
DA:83,3
DA:84,3
DA:91,1
DA:92,0
DA:93,0
DA:94,0
DA:95,3
DA:96,3
DA:97,3
DA:98,1
DA:103,1
LH:41
LF:47
end_of_record
SF:/Users/seanknowles/Projects/tellimer/open-source/packages/econify/src/aggregations/aggregations.ts
FN:42,aggregate
FN:152,parseTargetUnit
FN:168,extractWeights
FN:184,sum
FN:188,average
FN:192,median
FN:198,weightedAverage
FN:203,geometricMean
FN:212,harmonicMean
FN:217,variance
FN:222,standardDeviation
FN:229,movingAverage
FNDA:12,aggregate
FNDA:3,parseTargetUnit
FNDA:1,extractWeights
FNDA:27,sum
FNDA:24,average
FNDA:1,median
FNDA:1,weightedAverage
FNDA:1,geometricMean
FNDA:1,harmonicMean
FNDA:20,variance
FNDA:10,standardDeviation
FNDA:0,movingAverage
FNF:12
FNH:11
BRDA:55,1,0,1
BRDA:57,1,1,11
BRDA:60,1,2,10
BRDA:60,1,3,10
BRDA:62,1,4,1
BRDA:73,1,5,9
BRDA:73,1,6,0
BRDA:75,1,7,10
BRDA:75,1,8,1
BRDA:75,1,9,1
BRDA:76,1,10,3
BRDA:82,1,11,0
BRDA:87,1,12,0
BRDA:92,1,13,9
BRDA:93,1,14,32
BRDA:95,1,15,30
BRDA:95,1,16,2
BRDA:98,1,17,30
BRDA:101,1,18,10
BRDA:103,1,19,0
BRDA:105,1,20,10
BRDA:110,1,21,2
BRDA:113,1,22,4
BRDA:116,1,23,1
BRDA:119,1,24,1
BRDA:122,1,25,1
BRDA:125,1,26,1
BRDA:128,1,27,0
BRDA:130,1,28,10
BRDA:174,4,0,0
BRDA:176,4,1,0
BRDA:195,10,0,0
BRF:32
BRH:24
DA:5,7
DA:6,7
DA:42,7
DA:43,7
DA:44,7
DA:46,19
DA:47,19
DA:48,19
DA:49,19
DA:50,19
DA:51,19
DA:52,19
DA:55,19
DA:56,20
DA:57,20
DA:60,19
DA:61,87
DA:62,29
DA:63,30
DA:64,30
DA:65,30
DA:66,30
DA:68,30
DA:69,29
DA:72,29
DA:73,0
DA:75,19
DA:76,20
DA:77,23
DA:78,23
DA:79,23
DA:80,23
DA:81,23
DA:82,0
DA:83,0
DA:84,0
DA:85,0
DA:86,23
DA:87,0
DA:88,0
DA:89,0
DA:90,0
DA:91,23
DA:92,19
DA:93,28
DA:94,60
DA:95,60
DA:96,62
DA:97,62
DA:98,62
DA:99,90
DA:100,90
DA:101,28
DA:103,0
DA:104,0
DA:105,0
DA:108,29
DA:109,29
DA:110,19
DA:111,21
DA:112,21
DA:113,19
DA:114,23
DA:115,23
DA:116,19
DA:117,20
DA:118,20
DA:119,19
DA:120,20
DA:121,20
DA:122,19
DA:123,20
DA:124,20
DA:125,19
DA:126,20
DA:127,20
DA:128,0
DA:129,0
DA:130,19
DA:133,29
DA:134,29
DA:135,29
DA:136,29
DA:137,29
DA:138,29
DA:140,29
DA:141,29
DA:142,29
DA:143,29
DA:144,29
DA:145,29
DA:146,29
DA:147,19
DA:152,7
DA:157,10
DA:158,10
DA:159,10
DA:160,10
DA:161,10
DA:162,10
DA:163,10
DA:168,7
DA:169,7
DA:170,7
DA:172,8
DA:173,8
DA:174,8
DA:176,0
DA:177,0
DA:178,0
DA:180,0
DA:181,8
DA:184,34
DA:185,34
DA:186,34
DA:188,31
DA:189,31
DA:190,31
DA:192,8
DA:193,24
DA:194,8
DA:195,0
DA:196,8
DA:198,8
DA:199,8
DA:200,8
DA:201,8
DA:203,8
DA:205,8
DA:206,8
DA:209,8
DA:210,8
DA:212,8
DA:213,8
DA:214,8
DA:215,8
DA:217,27
DA:218,27
DA:219,27
DA:220,27
DA:222,17
DA:223,17
DA:224,17
DA:229,0
DA:230,0
DA:231,0
DA:232,0
DA:234,0
DA:236,0
DA:237,0
DA:238,0
DA:239,0
DA:240,0
DA:241,0
DA:242,0
DA:243,0
DA:245,0
DA:246,0
DA:247,0
DA:248,0
DA:249,0
DA:250,0
DA:251,0
DA:252,0
DA:253,0
DA:255,0
DA:256,0
LH:124
LF:167
end_of_record
SF:/Users/seanknowles/Projects/tellimer/open-source/packages/econify/src/algebra/algebra.ts
FN:16,roundPrecision
FN:23,unitsMatch
FN:36,unitMultiply
FN:71,unitDivide
FN:93,unitAdd
FN:107,unitSubtract
FN:121,unitPower
FN:144,simplifyUnit
FN:226,isDimensionless
FN:241,<instance_members_initializer>
FN:242,UnitChain
FN:244,multiply
FN:249,divide
FN:254,add
FN:259,subtract
FN:264,power
FN:269,value
FN:274,chain
FNDA:2,roundPrecision
FNDA:1,unitsMatch
FNDA:6,unitMultiply
FNDA:5,unitDivide
FNDA:3,unitAdd
FNDA:3,unitSubtract
FNDA:3,unitPower
FNDA:6,simplifyUnit
FNDA:4,isDimensionless
FNDA:0,<instance_members_initializer>
FNDA:0,UnitChain
FNDA:0,multiply
FNDA:0,divide
FNDA:0,add
FNDA:0,subtract
FNDA:0,power
FNDA:0,value
FNDA:0,chain
FNF:18
FNH:9
BRDA:24,2,0,0
BRDA:27,2,1,0
BRDA:28,2,2,0
BRDA:41,3,0,2
BRDA:41,3,1,2
BRDA:44,3,2,0
BRDA:44,3,3,0
BRDA:46,3,4,4
BRDA:49,3,5,1
BRDA:54,3,6,3
BRDA:76,4,0,2
BRDA:81,4,1,3
BRDA:94,5,0,1
BRDA:96,5,1,2
BRDA:108,6,0,1
BRDA:110,6,1,2
BRDA:122,7,0,0
BRDA:126,7,1,0
BRDA:132,7,2,0
BRDA:150,8,0,1
BRDA:155,8,1,0
BRDA:163,8,2,0
BRDA:170,8,3,1
BRDA:180,8,4,0
BRDA:189,8,5,0
BRDA:189,8,6,0
BRDA:208,8,7,2
BRDA:212,8,8,0
BRDA:214,8,9,1
BRF:29
BRH:15
DA:5,7
DA:16,7
DA:17,9
DA:18,9
DA:23,7
DA:24,0
DA:27,0
DA:28,0
DA:30,8
DA:31,8
DA:36,7
DA:37,13
DA:38,13
DA:41,13
DA:42,15
DA:43,15
DA:44,0
DA:45,15
DA:46,15
DA:49,13
DA:50,14
DA:51,14
DA:52,14
DA:53,14
DA:54,14
DA:57,16
DA:58,16
DA:59,16
DA:60,16
DA:63,16
DA:65,16
DA:66,13
DA:71,7
DA:72,12
DA:73,12
DA:76,12
DA:77,14
DA:78,14
DA:79,14
DA:80,14
DA:81,14
DA:84,15
DA:85,15
DA:86,15
DA:87,15
DA:88,12
DA:93,7
DA:94,10
DA:95,11
DA:96,11
DA:98,12
DA:99,12
DA:100,12
DA:101,12
DA:102,10
DA:107,7
DA:108,10
DA:109,11
DA:110,11
DA:112,12
DA:113,12
DA:114,12
DA:115,12
DA:116,10
DA:121,7
DA:122,0
DA:123,0
DA:124,0
DA:126,0
DA:127,0
DA:128,0
DA:130,10
DA:131,10
DA:132,0
DA:133,10
DA:136,10
DA:138,10
DA:139,10
DA:144,7
DA:145,13
DA:148,13
DA:149,13
DA:150,13
DA:151,14
DA:152,14
DA:153,14
DA:154,14
DA:155,0
DA:156,0
DA:157,0
DA:158,14
DA:161,13
DA:162,13
DA:163,0
DA:164,0
DA:165,0
DA:168,13
DA:169,13
DA:170,13
DA:171,14
DA:172,14
DA:173,14
DA:174,14
DA:175,14
DA:178,13
DA:179,13
DA:180,0
DA:181,0
DA:182,0
DA:183,0
DA:184,0
DA:185,0
DA:189,0
DA:190,0
DA:191,0
DA:192,0
DA:193,0
DA:194,0
DA:195,0
DA:196,0
DA:197,0
DA:198,0
DA:199,0
DA:200,0
DA:201,0
DA:202,0
DA:203,0
DA:204,0
DA:205,0
DA:208,13
DA:209,15
DA:210,15
DA:211,15
DA:212,0
DA:213,0
DA:214,0
DA:215,16
DA:216,16
DA:217,15
DA:218,15
DA:220,13
DA:221,13
DA:226,7
DA:227,11
DA:228,11
DA:229,11
DA:230,11
DA:231,11
DA:232,11
DA:233,11
DA:234,11
DA:235,11
DA:241,7
DA:242,0
DA:244,0
DA:245,0
DA:246,0
DA:247,0
DA:249,0
DA:250,0
DA:251,0
DA:252,0
DA:254,0
DA:255,0
DA:256,0
DA:257,0
DA:259,0
DA:260,0
DA:261,0
DA:262,0
DA:264,0
DA:265,0
DA:266,0
DA:267,0
DA:269,0
DA:270,0
DA:271,0
DA:272,7
DA:274,0
DA:275,0
DA:276,0
LH:111
LF:181
end_of_record
SF:/Users/seanknowles/Projects/tellimer/open-source/packages/econify/src/api/index.ts
FNF:0
FNH:0
BRF:0
BRH:0
DA:10,6
DA:11,6
DA:12,6
DA:13,6
DA:14,6
LH:5
LF:5
end_of_record
SF:/Users/seanknowles/Projects/tellimer/open-source/packages/econify/src/api/pipeline_api.ts
FN:56,processEconomicData
FN:199,processEconomicDataAuto
FN:294,validateEconomicData
FNDA:27,processEconomicData
FNDA:2,processEconomicDataAuto
FNDA:4,validateEconomicData
FNF:3
FNH:3
BRDA:107,4,0,0
BRDA:108,4,1,8
BRDA:108,4,2,8
BRDA:114,4,3,9
BRDA:115,4,4,1
BRDA:118,4,5,0
BRDA:126,4,6,57
BRDA:126,4,7,5
BRDA:138,4,8,26
BRDA:140,4,9,0
BRDA:147,4,10,1
BRDA:148,4,11,1
BRDA:158,4,12,1
BRDA:163,4,13,0
BRDA:163,4,14,0
BRDA:175,4,15,0
BRDA:177,4,16,0
BRDA:182,4,17,0
BRDA:128,6,0,1
BRDA:160,8,0,0
BRDA:223,13,0,2
BRDA:223,13,1,2
BRDA:225,13,2,1
BRDA:228,13,3,0
BRDA:230,13,4,0
BRDA:237,13,5,0
BRDA:254,13,6,2
BRDA:258,13,7,0
BRDA:263,13,8,0
BRDA:270,13,9,0
BRDA:298,15,0,0
BRDA:309,15,1,1
BRDA:325,15,2,1
BRDA:330,15,3,1
BRDA:322,18,0,7
BRF:35
BRH:19
DA:5,6
DA:6,6
DA:56,6
DA:57,6
DA:58,6
DA:60,33
DA:62,33
DA:63,60
DA:64,60
DA:65,60
DA:66,60
DA:67,60
DA:68,60
DA:71,0
DA:72,0
DA:73,0
DA:74,0
DA:76,60
DA:77,60
DA:79,60
DA:81,280
DA:82,280
DA:84,280
DA:85,280
DA:86,280
DA:87,280
DA:88,280
DA:89,280
DA:90,280
DA:91,280
DA:92,280
DA:93,280
DA:94,280
DA:95,280
DA:96,280
DA:99,280
DA:100,280
DA:101,280
DA:102,280
DA:103,280
DA:104,280
DA:105,280
DA:107,0
DA:108,280
DA:109,288
DA:110,288
DA:111,280
DA:114,280
DA:115,289
DA:116,0
DA:117,0
DA:118,0
DA:119,0
DA:121,290
DA:122,876
DA:123,289
DA:126,280
DA:127,285
DA:128,290
DA:129,291
DA:131,291
DA:132,291
DA:133,291
DA:134,285
DA:135,285
DA:138,280
DA:139,306
DA:140,0
DA:141,306
DA:142,306
DA:144,306
DA:145,306
DA:146,306
DA:147,306
DA:148,306
DA:149,306
DA:150,306
DA:151,306
DA:152,306
DA:153,306
DA:154,306
DA:155,306
DA:158,280
DA:159,0
DA:160,0
DA:163,0
DA:164,0
DA:165,0
DA:167,281
DA:168,281
DA:169,0
DA:170,0
DA:172,281
DA:173,281
DA:174,281
DA:175,0
DA:176,281
DA:177,0
DA:178,281
DA:179,281
DA:180,281
DA:181,281
DA:182,0
DA:183,281
DA:184,60
DA:186,60
DA:187,180
DA:188,33
DA:189,33
DA:199,6
DA:200,6
DA:201,6
DA:203,8
DA:204,10
DA:205,10
DA:206,10
DA:207,10
DA:208,10
DA:209,10
DA:210,10
DA:213,0
DA:214,0
DA:215,0
DA:216,0
DA:218,10
DA:219,10
DA:221,10
DA:223,28
DA:224,30
DA:225,30
DA:226,0
DA:227,0
DA:228,0
DA:229,0
DA:230,0
DA:231,0
DA:233,31
DA:234,92
DA:235,30
DA:237,0
DA:238,0
DA:239,0
DA:240,0
DA:241,0
DA:242,0
DA:243,0
DA:244,0
DA:245,0
DA:246,0
DA:247,0
DA:248,0
DA:249,0
DA:250,0
DA:251,0
DA:252,0
DA:254,28
DA:255,30
DA:256,30
DA:257,30
DA:258,0
DA:259,30
DA:260,30
DA:261,30
DA:262,30
DA:263,0
DA:264,30
DA:265,30
DA:266,30
DA:267,30
DA:268,30
DA:270,0
DA:271,0
DA:272,0
DA:274,0
DA:275,0
DA:276,0
DA:277,0
DA:278,0
DA:279,10
DA:281,10
DA:282,30
DA:283,8
DA:284,8
DA:294,6
DA:295,6
DA:296,6
DA:298,0
DA:299,0
DA:300,0
DA:301,0
DA:302,0
DA:303,0
DA:304,0
DA:306,10
DA:309,10
DA:310,11
DA:311,11
DA:313,11
DA:314,11
DA:315,11
DA:316,11
DA:319,10
DA:320,10
DA:321,10
DA:322,10
DA:323,10
DA:325,10
DA:326,11
DA:327,11
DA:329,10
DA:330,10
DA:331,11
DA:332,11
DA:335,10
DA:337,10
DA:338,10
DA:339,10
DA:340,10
DA:341,10
DA:342,10
LH:157
LF:220
end_of_record
SF:/Users/seanknowles/Projects/tellimer/open-source/packages/econify/src/batch/batch.ts
FN:15,normalizeScale
FN:37,normalizeTimeScale
FN:74,normalizeCurrency
FN:143,processBatch
FN:234,validateBatch
FN:267,processInParallel
FN:306,processSequentially
FN:338,processItem
FN:425,handleItemError
FN:467,titleCase
FN:471,buildNormalizedUnit
FN:496,chunkArray
FN:510,createBatchProcessor
FN:575,streamProcess
FNDA:183,normalizeScale
FNDA:183,normalizeTimeScale
FNDA:183,normalizeCurrency
FNDA:58,processBatch
FNDA:5,validateBatch
FNDA:58,processInParallel
FNDA:0,processSequentially
FNDA:184,processItem
FNDA:0,handleItemError
FNDA:0,titleCase
FNDA:159,buildNormalizedUnit
FNDA:58,chunkArray
FNDA:0,createBatchProcessor
FNDA:0,streamProcess
FNF:14
FNH:9
BRDA:16,1,0,6
BRDA:16,1,1,177
BRDA:16,1,2,11
BRDA:16,1,3,6
BRDA:19,1,4,0
BRDA:21,1,5,0
BRDA:23,1,6,2
BRDA:25,1,7,4
BRDA:27,1,8,0
BRDA:29,1,9,0
BRDA:38,2,0,11
BRDA:38,2,1,172
BRDA:38,2,2,19
BRDA:38,2,3,11
BRDA:41,2,4,1
BRDA:43,2,5,1
BRDA:45,2,6,9
BRDA:47,2,7,0
BRDA:49,2,8,0
BRDA:51,2,9,0
BRDA:54,2,10,0
BRDA:56,2,11,0
BRDA:58,2,12,0
BRDA:60,2,13,0
BRDA:62,2,14,0
BRDA:64,2,15,0
BRDA:66,2,16,0
BRDA:75,3,0,7
BRDA:75,3,1,176
BRDA:75,3,2,7
BRDA:174,4,0,5
BRDA:178,4,1,1
BRDA:179,4,2,0
BRDA:186,4,3,0
BRDA:208,4,4,0
BRDA:224,4,5,57
BRDA:225,4,6,1
BRDA:252,7,0,9
BRDA:253,7,1,0
BRDA:253,7,2,0
BRDA:277,10,0,67
BRDA:284,12,0,183
BRDA:289,12,1,48
BRDA:291,12,2,1
BRDA:291,12,3,0
BRDA:296,12,4,0
BRDA:348,14,0,173
BRDA:350,14,1,1
BRDA:353,14,2,183
BRDA:357,14,3,176
BRDA:359,14,4,177
BRDA:360,14,5,172
BRDA:379,14,6,13
BRDA:382,14,7,170
BRDA:382,14,8,11
BRDA:383,14,9,0
BRDA:383,14,10,0
BRDA:384,14,11,0
BRDA:385,14,12,159
BRDA:392,14,13,183
BRDA:396,14,14,48
BRDA:410,14,15,9
BRDA:410,14,16,0
BRDA:414,14,17,183
BRDA:417,14,18,0
BRDA:479,17,0,28
BRDA:479,17,1,144
BRDA:480,17,2,30
BRDA:481,17,3,147
BRDA:484,17,4,144
BRDA:485,17,5,140
BRDA:485,17,6,133
BRDA:488,17,7,18
BRDA:488,17,8,0
BRDA:490,17,9,15
BRDA:498,18,0,67
BRF:76
BRH:49
DA:5,8
DA:6,8
DA:7,8
DA:8,8
DA:9,8
DA:15,8
DA:16,191
DA:17,208
DA:18,208
DA:19,0
DA:20,0
DA:21,0
DA:22,0
DA:23,191
DA:24,193
DA:25,191
DA:26,195
DA:27,0
DA:28,0
DA:29,0
DA:30,0
DA:31,191
DA:32,191
DA:37,8
DA:38,191
DA:39,221
DA:40,221
DA:41,210
DA:42,211
DA:43,191
DA:44,192
DA:45,191
DA:46,200
DA:47,0
DA:48,0
DA:49,0
DA:50,0
DA:51,0
DA:52,0
DA:54,0
DA:55,0
DA:56,0
DA:57,0
DA:58,0
DA:59,0
DA:60,0
DA:61,0
DA:62,0
DA:63,0
DA:64,0
DA:65,0
DA:66,0
DA:67,0
DA:68,191
DA:69,191
DA:74,8
DA:75,191
DA:76,198
DA:77,191
DA:143,8
DA:144,8
DA:145,8
DA:147,66
DA:148,66
DA:149,66
DA:150,66
DA:151,66
DA:152,66
DA:153,66
DA:154,66
DA:155,66
DA:157,66
DA:158,66
DA:159,66
DA:160,66
DA:161,66
DA:162,66
DA:163,66
DA:164,66
DA:165,66
DA:166,66
DA:167,66
DA:168,66
DA:169,66
DA:170,66
DA:171,66
DA:174,66
DA:175,71
DA:176,71
DA:178,71
DA:179,0
DA:180,0
DA:181,0
DA:183,0
DA:186,0
DA:187,0
DA:188,0
DA:189,0
DA:190,0
DA:191,0
DA:192,72
DA:193,71
DA:196,0
DA:197,0
DA:200,66
DA:201,66
DA:202,66
DA:203,66
DA:204,66
DA:205,66
DA:206,66
DA:208,0
DA:209,0
DA:210,0
DA:211,0
DA:212,0
DA:213,0
DA:215,0
DA:218,66
DA:219,66
DA:220,66
DA:221,66
DA:222,66
DA:223,66
DA:224,66
DA:225,66
DA:226,66
DA:228,66
DA:229,66
DA:234,8
DA:235,8
DA:236,8
DA:238,13
DA:239,24
DA:240,24
DA:241,24
DA:242,13
DA:244,13
DA:245,13
DA:246,13
DA:247,13
DA:248,13
DA:251,13
DA:252,13
DA:253,0
DA:254,0
DA:255,0
DA:256,0
DA:257,0
DA:258,0
DA:259,22
DA:261,52
DA:262,13
DA:267,8
DA:268,8
DA:269,8
DA:270,8
DA:271,8
DA:272,8
DA:274,66
DA:275,66
DA:277,66
DA:278,133
DA:279,133
DA:281,133
DA:282,317
DA:284,317
DA:285,500
DA:286,500
DA:287,500
DA:288,500
DA:289,1596
DA:290,500
DA:291,0
DA:292,0
DA:293,0
DA:295,317
DA:296,0
DA:297,0
DA:298,0
DA:299,133
DA:300,133
DA:301,66
DA:306,0
DA:307,0
DA:308,0
DA:309,0
DA:310,0
DA:312,0
DA:313,0
DA:315,0
DA:316,0
DA:317,0
DA:318,0
DA:319,0
DA:320,0
DA:321,0
DA:322,0
DA:323,0
DA:324,0
DA:325,0
DA:326,0
DA:327,0
DA:329,0
DA:330,0
DA:331,0
DA:332,0
DA:333,0
DA:338,8
DA:339,8
DA:340,8
DA:342,192
DA:344,192
DA:347,192
DA:348,192
DA:349,192
DA:350,192
DA:352,193
DA:353,193
DA:357,192
DA:358,192
DA:359,192
DA:360,192
DA:361,192
DA:364,192
DA:365,192
DA:366,192
DA:367,192
DA:368,192
DA:370,192
DA:371,192
DA:372,192
DA:373,192
DA:374,192
DA:377,192
DA:378,192
DA:379,192
DA:381,205
DA:382,192
DA:383,0
DA:384,0
DA:385,362
DA:386,521
DA:387,521
DA:388,521
DA:389,521
DA:390,521
DA:392,521
DA:395,375
DA:396,192
DA:397,240
DA:398,240
DA:399,240
DA:400,240
DA:401,240
DA:403,240
DA:404,240
DA:405,240
DA:406,240
DA:407,240
DA:410,0
DA:411,0
DA:412,0
DA:413,0
DA:414,240
DA:416,1875
DA:417,0
DA:418,0
DA:419,0
DA:420,192
DA:425,0
DA:426,0
DA:427,0
DA:428,0
DA:429,0
DA:431,0
DA:433,0
DA:434,0
DA:435,0
DA:437,0
DA:438,0
DA:439,0
DA:440,0
DA:441,0
DA:442,0
DA:443,0
DA:444,0
DA:445,0
DA:446,0
DA:447,0
DA:448,0
DA:449,0
DA:450,0
DA:451,0
DA:453,0
DA:454,0
DA:455,0
DA:456,0
DA:457,0
DA:458,0
DA:459,0
DA:460,0
DA:461,0
DA:462,0
DA:467,0
DA:468,0
DA:469,0
DA:471,167
DA:472,167
DA:473,167
DA:474,167
DA:475,167
DA:477,167
DA:479,167
DA:480,167
DA:481,167
DA:483,167
DA:484,167
DA:485,167
DA:487,167
DA:488,0
DA:490,167
DA:491,167
DA:496,8
DA:497,66
DA:498,66
DA:499,133
DA:500,133
DA:501,66
DA:502,66
DA:510,0
DA:511,0
DA:523,0
DA:524,0
DA:525,0
DA:526,0
DA:528,0
DA:529,0
DA:530,0
DA:532,0
DA:533,0
DA:534,0
DA:535,0
DA:536,0
DA:537,0
DA:540,0
DA:541,0
DA:542,0
DA:545,0
DA:546,0
DA:547,0
DA:548,0
DA:549,0
DA:550,0
DA:552,0
DA:553,0
DA:554,0
DA:555,0
DA:556,0
DA:558,0
DA:560,0
DA:561,0
DA:563,0
DA:564,0
DA:565,0
DA:567,0
DA:568,0
DA:569,0
DA:570,0
DA:575,0
DA:576,0
DA:577,0
DA:579,0
DA:580,0
DA:581,0
DA:582,0
DA:583,0
DA:584,0
DA:585,0
DA:586,0
DA:587,0
DA:588,0
DA:589,0
DA:590,0
DA:591,0
DA:592,0
DA:594,0
DA:595,0
DA:596,0
DA:597,0
LH:199
LF:390
end_of_record
SF:/Users/seanknowles/Projects/tellimer/open-source/packages/econify/src/cache/cache.ts
FN:13,<instance_members_initializer>
FN:16,SmartCache
FN:25,get
FN:37,set
FN:50,clear
FN:58,withCache
FNDA:8,<instance_members_initializer>
FNDA:8,SmartCache
FNDA:27,get
FNDA:17,set
FNDA:1,clear
FNDA:3,withCache
FNF:6
FNH:6
BRDA:27,3,0,8
BRDA:27,3,1,19
BRDA:29,3,2,2
BRDA:32,3,3,17
BRDA:38,4,0,0
BRDA:38,4,1,1
BRDA:46,4,2,0
BRDA:63,6,0,2
BRDA:69,8,0,3
BRDA:71,8,1,5
BRF:10
BRH:8
DA:12,7
DA:13,7
DA:14,7
DA:16,7
DA:17,15
DA:18,15
DA:19,15
DA:20,15
DA:21,15
DA:22,15
DA:23,15
DA:25,7
DA:26,34
DA:27,34
DA:29,34
DA:30,36
DA:31,36
DA:32,36
DA:34,51
DA:35,34
DA:37,7
DA:38,0
DA:40,25
DA:41,25
DA:42,25
DA:44,24
DA:45,24
DA:46,0
DA:47,24
DA:48,24
DA:50,7
DA:51,8
DA:52,8
DA:53,7
DA:58,7
DA:59,7
DA:60,7
DA:62,10
DA:63,10
DA:65,10
DA:66,18
DA:67,18
DA:69,18
DA:70,21
DA:71,21
DA:73,23
DA:74,23
DA:75,23
DA:76,10
DA:77,10
LH:48
LF:50
end_of_record
SF:/Users/seanknowles/Projects/tellimer/open-source/packages/econify/src/classification/classification.ts
FN:22,normalizeText
FN:31,escapeRegExp
FN:35,compileWordBoundaryRegex
FN:45,anyMatch
FN:49,detectCurrencyInText
FN:66,classifyIndicator
FN:115,isStock
FN:120,isFlow
FN:125,isRate
FN:130,isCurrency
FNDA:132,normalizeText
FNDA:504,escapeRegExp
FNDA:40,compileWordBoundaryRegex
FNDA:165,anyMatch
FNDA:33,detectCurrencyInText
FNDA:33,classifyIndicator
FNDA:2,isStock
FNDA:2,isFlow
FNDA:1,isRate
FNDA:1,isCurrency
FNF:10
FNH:10
BRDA:23,1,0,74
BRDA:50,7,0,458
BRDA:51,7,1,18
BRDA:52,7,2,15
BRDA:53,7,3,253
BRDA:54,7,4,295
BRDA:54,7,5,12
BRDA:54,7,6,241
BRDA:55,7,7,3
BRDA:67,8,0,7
BRDA:67,8,1,26
BRDA:75,8,2,6
BRDA:77,8,3,7
BRDA:79,8,4,30
BRDA:82,8,5,10
BRDA:84,8,6,10
BRDA:86,8,7,13
BRDA:88,8,8,5
BRDA:92,8,9,27
BRDA:92,8,10,13
BRDA:94,8,11,6
BRDA:94,8,12,7
BRDA:95,8,13,20
BRDA:95,8,14,10
BRDA:95,8,15,10
BRDA:97,8,16,7
BRDA:97,8,17,7
BRDA:97,8,18,3
BRDA:103,8,19,28
BRDA:104,8,20,5
BRDA:106,8,21,5
BRF:31
BRH:31
DA:10,8
DA:11,8
DA:12,8
DA:13,8
DA:14,8
DA:15,8
DA:16,8
DA:17,8
DA:18,8
DA:19,8
DA:22,140
DA:23,140
DA:24,140
DA:25,140
DA:26,140
DA:27,140
DA:28,140
DA:29,140
DA:31,512
DA:32,512
DA:33,512
DA:35,48
DA:36,48
DA:37,48
DA:39,24
DA:40,24
DA:41,24
DA:42,24
DA:43,24
DA:45,173
DA:46,173
DA:47,173
DA:49,41
DA:50,41
DA:51,499
DA:52,499
DA:53,41
DA:54,294
DA:55,535
DA:56,44
DA:57,41
DA:66,8
DA:67,130
DA:68,246
DA:69,41
DA:70,41
DA:71,41
DA:72,41
DA:74,41
DA:75,41
DA:76,41
DA:77,41
DA:78,41
DA:79,41
DA:81,41
DA:82,41
DA:83,41
DA:84,41
DA:85,41
DA:86,41
DA:87,41
DA:88,41
DA:90,41
DA:91,41
DA:92,41
DA:93,54
DA:94,54
DA:95,41
DA:96,71
DA:97,71
DA:98,71
DA:99,71
DA:100,71
DA:101,71
DA:103,41
DA:104,41
DA:105,41
DA:106,41
DA:107,46
DA:108,46
DA:109,46
DA:111,246
DA:112,41
DA:115,8
DA:116,10
DA:117,10
DA:120,8
DA:121,10
DA:122,10
DA:125,8
DA:126,9
DA:127,9
DA:130,8
DA:131,9
DA:132,9
LH:95
LF:95
end_of_record
SF:/Users/seanknowles/Projects/tellimer/open-source/packages/econify/src/count/count-normalization.ts
FN:37,isCountIndicator
FN:64,isCountUnit
FN:98,normalizeCountData
FN:145,detectCountData
FNDA:671,isCountIndicator
FNDA:624,isCountUnit
FNDA:1,normalizeCountData
FNDA:2,detectCountData
FNF:4
FNH:4
BRDA:41,1,0,136
BRDA:41,1,1,0
BRDA:43,1,2,136
BRDA:43,1,3,0
BRDA:65,3,0,0
BRDA:72,3,1,623
BRDA:73,3,2,622
BRDA:74,3,3,622
BRDA:76,3,4,2
BRDA:78,3,5,622
BRDA:81,3,6,90
BRDA:81,3,7,532
BRDA:83,3,8,564
BRDA:83,3,9,90
BRDA:88,3,10,558
BRDA:88,3,11,2
BRDA:90,3,12,88
BRDA:109,4,0,2
BRDA:132,4,1,0
BRDA:148,5,0,0
BRDA:152,6,0,2
BRDA:152,6,1,0
BRF:22
BRH:16
DA:6,12
DA:7,12
DA:37,12
DA:38,12
DA:39,12
DA:41,0
DA:43,0
DA:46,683
DA:47,683
DA:48,683
DA:49,683
DA:50,683
DA:51,683
DA:52,683
DA:53,683
DA:54,683
DA:55,683
DA:56,683
DA:58,683
DA:59,683
DA:64,12
DA:65,0
DA:67,636
DA:68,636
DA:71,636
DA:72,636
DA:73,636
DA:74,636
DA:75,636
DA:76,636
DA:77,638
DA:78,638
DA:81,636
DA:82,1168
DA:83,1168
DA:86,1290
DA:87,1290
DA:88,1200
DA:89,1760
DA:90,1760
DA:92,1846
DA:93,636
DA:98,12
DA:99,12
DA:100,12
DA:102,13
DA:103,13
DA:104,13
DA:105,13
DA:107,13
DA:109,13
DA:110,15
DA:112,15
DA:113,15
DA:114,15
DA:115,15
DA:116,15
DA:117,15
DA:118,15
DA:119,15
DA:120,15
DA:123,15
DA:124,15
DA:125,15
DA:126,15
DA:127,15
DA:129,15
DA:132,0
DA:133,0
DA:134,0
DA:136,15
DA:137,15
DA:139,13
DA:140,13
DA:145,12
DA:146,12
DA:148,0
DA:151,0
DA:152,0
DA:154,14
LH:71
LF:80
end_of_record
SF:/Users/seanknowles/Projects/tellimer/open-source/packages/econify/src/currency/currency.ts
FN:18,normalizeCurrencyValue
FNDA:153,normalizeCurrencyValue
FNF:1
FNH:1
BRDA:27,1,0,2
BRDA:27,1,1,151
BRDA:29,1,2,17
BRDA:29,1,3,134
BRDA:30,1,4,133
BRDA:32,1,5,1
BRDA:32,1,6,132
BRDA:34,1,7,1
BRDA:36,1,8,149
BRDA:37,1,9,127
BRDA:37,1,10,98
BRDA:37,1,11,22
BRDA:39,1,12,1
BRDA:41,1,13,21
BRF:14
BRH:14
DA:18,12
DA:19,12
DA:20,12
DA:21,12
DA:22,12
DA:24,165
DA:25,165
DA:26,165
DA:27,165
DA:28,316
DA:29,165
DA:30,299
DA:31,432
DA:32,432
DA:33,564
DA:34,299
DA:35,300
DA:36,300
DA:37,165
DA:38,285
DA:39,263
DA:40,264
DA:41,264
DA:42,284
DA:43,165
LH:25
LF:25
end_of_record
SF:/Users/seanknowles/Projects/tellimer/open-source/packages/econify/src/custom/custom_units.ts
FN:27,registerCustomUnit
FN:45,registerCustomUnits
FN:54,getCustomUnit
FN:61,parseWithCustomUnits
FN:81,convertCustomUnit
FN:191,loadDomainUnits
FNDA:80,registerCustomUnit
FNDA:29,registerCustomUnits
FNDA:14,getCustomUnit
FNDA:636,parseWithCustomUnits
FNDA:3,convertCustomUnit
FNDA:28,loadDomainUnits
FNF:6
FNH:6
BRDA:31,1,0,2
BRDA:32,1,1,78
BRDA:46,2,0,73
BRDA:66,4,0,4909
BRDA:67,4,1,25
BRDA:74,4,2,611
BRDA:89,5,0,1
BRDA:89,5,1,1
BRDA:89,5,2,1
BRDA:91,5,3,2
BRDA:93,5,4,1
BRDA:93,5,5,1
BRDA:93,5,6,1
BRF:13
BRH:13
DA:21,10
DA:22,10
DA:27,10
DA:28,90
DA:31,90
DA:32,90
DA:33,90
DA:35,90
DA:36,90
DA:37,90
DA:38,90
DA:39,90
DA:40,90
DA:45,10
DA:46,39
DA:47,112
DA:48,112
DA:49,39
DA:54,10
DA:55,24
DA:56,24
DA:61,10
DA:66,646
DA:67,5555
DA:68,5580
DA:69,5580
DA:70,5580
DA:71,5580
DA:72,5580
DA:73,5580
DA:74,5555
DA:75,1257
DA:76,646
DA:81,10
DA:82,10
DA:83,10
DA:84,10
DA:86,13
DA:87,13
DA:89,13
DA:90,14
DA:91,14
DA:93,13
DA:94,14
DA:95,14
DA:97,14
DA:98,13
DA:104,10
DA:105,10
DA:106,10
DA:107,10
DA:108,10
DA:109,10
DA:110,40
DA:111,10
DA:112,10
DA:113,10
DA:114,10
DA:115,10
DA:116,10
DA:117,10
DA:119,10
DA:120,10
DA:121,10
DA:122,10
DA:123,10
DA:124,10
DA:125,10
DA:126,10
DA:127,10
DA:128,10
DA:129,10
DA:130,10
DA:131,10
DA:132,10
DA:133,10
DA:134,40
DA:135,10
DA:136,10
DA:138,10
DA:139,10
DA:140,10
DA:141,10
DA:142,10
DA:143,10
DA:144,10
DA:145,10
DA:146,10
DA:147,10
DA:148,10
DA:149,10
DA:151,10
DA:152,10
DA:153,10
DA:154,10
DA:155,10
DA:156,10
DA:157,10
DA:158,10
DA:159,10
DA:160,10
DA:161,10
DA:162,10
DA:163,10
DA:164,10
DA:165,10
DA:166,10
DA:167,10
DA:169,10
DA:170,10
DA:171,10
DA:172,10
DA:173,10
DA:174,10
DA:175,10
DA:176,10
DA:177,10
DA:178,10
DA:179,10
DA:180,10
DA:181,10
DA:182,10
DA:183,10
DA:184,10
DA:185,10
DA:186,10
DA:191,10
DA:192,38
DA:193,38
DA:194,38
DA:195,38
DA:196,38
LH:132
LF:132
end_of_record
SF:/Users/seanknowles/Projects/tellimer/open-source/packages/econify/src/exemptions/exemptions.ts
FN:28,shouldExemptFromNormalization
FN:73,filterExemptions
FN:98,createExemptionSummary
FNDA:228,shouldExemptFromNormalization
FNDA:44,filterExemptions
FNDA:1,createExemptionSummary
FNF:3
FNH:3
BRDA:32,1,0,203
BRDA:34,1,1,26
BRDA:34,1,2,25
BRDA:39,1,3,12
BRDA:39,1,4,56
BRDA:39,1,5,12
BRDA:41,1,6,4
BRDA:44,1,7,25
BRDA:44,1,8,21
BRDA:47,1,9,15
BRDA:47,1,10,56
BRDA:47,1,11,11
BRDA:48,1,12,5
BRDA:51,1,13,25
BRDA:51,1,14,16
BRDA:54,1,15,13
BRDA:54,1,16,56
BRDA:54,1,17,13
BRDA:56,1,18,15
BRDA:57,1,19,6
BRDA:60,1,20,7
BRDA:61,1,21,10
BRDA:80,2,0,212
BRDA:81,2,1,5
BRDA:83,2,2,207
BRDA:112,3,0,3
BRDA:116,3,1,0
BRDA:132,3,2,0
BRF:28
BRH:26
DA:28,7
DA:29,7
DA:30,7
DA:32,235
DA:33,438
DA:34,438
DA:36,286
DA:39,235
DA:40,303
DA:41,303
DA:42,307
DA:43,307
DA:44,303
DA:47,235
DA:48,302
DA:49,307
DA:50,307
DA:51,302
DA:54,235
DA:55,304
DA:56,304
DA:57,319
DA:58,325
DA:59,325
DA:60,319
DA:61,311
DA:63,301
DA:64,235
DA:73,7
DA:74,7
DA:75,7
DA:77,51
DA:78,51
DA:80,51
DA:81,263
DA:82,268
DA:83,263
DA:84,470
DA:85,470
DA:86,263
DA:88,204
DA:89,51
DA:98,7
DA:99,7
DA:100,7
DA:107,8
DA:108,8
DA:109,8
DA:112,8
DA:113,11
DA:114,11
DA:115,11
DA:116,0
DA:117,0
DA:118,0
DA:119,0
DA:120,0
DA:122,11
DA:123,11
DA:124,11
DA:125,11
DA:126,11
DA:127,11
DA:128,11
DA:130,8
DA:131,8
DA:132,0
DA:133,8
DA:134,8
DA:135,8
DA:136,8
LH:65
LF:71
end_of_record
SF:/Users/seanknowles/Projects/tellimer/open-source/packages/econify/src/fx/fx-validation.ts
FN:45,validateFXRates
FN:110,suggestFXRateCorrection
FN:146,validateAndCorrectFXRates
FNDA:6,validateFXRates
FNDA:4,suggestFXRateCorrection
FNDA:2,validateAndCorrectFXRates
FNF:3
FNH:3
BRDA:53,1,0,15
BRDA:56,1,1,2
BRDA:58,1,2,0
BRDA:60,1,3,1
BRDA:62,1,4,0
BRDA:66,1,5,13
BRDA:69,1,6,1
BRDA:71,1,7,12
BRDA:71,1,8,4
BRDA:79,1,9,0
BRDA:84,1,10,8
BRDA:84,1,11,0
BRDA:115,2,0,0
BRDA:120,2,1,2
BRDA:126,2,2,0
BRDA:130,2,3,0
BRDA:137,2,4,2
BRDA:159,3,0,1
BRDA:159,3,1,1
BRDA:180,3,2,1
BRF:20
BRH:13
DA:11,7
DA:13,28
DA:14,28
DA:15,28
DA:16,28
DA:17,28
DA:18,28
DA:21,28
DA:22,28
DA:23,28
DA:24,28
DA:27,28
DA:28,28
DA:29,28
DA:30,28
DA:33,28
DA:34,28
DA:35,28
DA:38,28
DA:39,28
DA:40,7
DA:45,7
DA:50,13
DA:51,13
DA:53,13
DA:54,28
DA:56,28
DA:58,0
DA:59,0
DA:60,0
DA:61,31
DA:62,0
DA:63,0
DA:64,0
DA:65,30
DA:66,30
DA:69,28
DA:70,29
DA:71,28
DA:72,44
DA:73,44
DA:74,44
DA:75,44
DA:76,44
DA:77,44
DA:79,0
DA:80,0
DA:81,0
DA:83,0
DA:84,0
DA:85,0
DA:86,0
DA:87,0
DA:88,0
DA:89,0
DA:90,0
DA:92,0
DA:93,0
DA:94,0
DA:96,0
DA:97,0
DA:98,28
DA:100,13
DA:101,13
DA:102,13
DA:103,13
DA:104,13
DA:105,13
DA:110,7
DA:111,7
DA:112,7
DA:114,11
DA:115,0
DA:117,11
DA:120,11
DA:121,65
DA:122,13
DA:123,13
DA:124,13
DA:125,13
DA:126,13
DA:127,0
DA:130,0
DA:131,0
DA:132,0
DA:133,0
DA:134,0
DA:135,0
DA:136,0
DA:137,0
DA:140,13
DA:141,11
DA:146,7
DA:147,7
DA:148,7
DA:154,9
DA:155,9
DA:157,9
DA:159,9
DA:160,10
DA:161,10
DA:162,10
DA:163,10
DA:164,10
DA:165,10
DA:167,30
DA:170,9
DA:171,9
DA:172,9
DA:173,9
DA:174,9
DA:175,9
DA:176,9
DA:177,9
DA:178,9
DA:179,9
DA:180,9
DA:182,10
DA:183,10
DA:184,10
DA:185,10
DA:186,10
DA:187,40
DA:188,10
DA:189,10
DA:190,9
LH:94
LF:126
end_of_record
SF:/Users/seanknowles/Projects/tellimer/open-source/packages/econify/src/main.ts
FNF:0
FNH:0
BRF:0
BRH:0
DA:34,6
DA:35,6
DA:36,6
DA:37,6
DA:38,6
DA:39,6
DA:40,6
DA:41,6
DA:42,6
DA:43,6
DA:44,6
DA:45,6
DA:46,6
DA:47,6
DA:50,6
DA:51,6
DA:52,6
DA:53,6
DA:54,6
DA:55,6
DA:56,6
DA:59,6
DA:62,6
DA:63,6
DA:64,6
DA:65,6
DA:66,6
DA:67,6
DA:68,6
DA:69,6
DA:70,6
DA:71,6
DA:74,6
DA:75,6
DA:76,6
DA:77,6
DA:78,6
DA:79,6
DA:82,6
DA:83,6
DA:84,6
DA:85,6
DA:86,6
DA:87,6
DA:88,6
DA:89,6
DA:90,6
DA:91,6
DA:92,6
DA:94,6
DA:95,6
DA:96,6
DA:99,6
DA:102,6
DA:103,6
DA:104,6
DA:107,6
DA:109,6
DA:112,6
DA:113,6
DA:114,6
DA:117,6
DA:118,6
DA:119,6
DA:120,6
DA:123,6
DA:124,6
DA:125,6
DA:126,6
DA:127,6
DA:128,6
DA:129,6
DA:131,6
DA:132,6
DA:133,6
DA:134,6
DA:137,6
DA:141,6
DA:142,6
DA:143,6
DA:146,6
DA:147,6
DA:154,6
DA:157,6
DA:162,6
DA:163,6
DA:164,6
DA:165,6
DA:168,6
DA:169,6
DA:171,6
DA:172,6
DA:173,6
DA:174,6
DA:175,6
DA:176,6
DA:177,6
DA:180,6
DA:181,6
DA:184,6
DA:185,6
DA:188,6
DA:191,6
DA:192,6
DA:193,6
DA:194,6
DA:195,6
DA:196,6
DA:197,6
DA:198,6
DA:200,6
DA:203,6
DA:206,6
DA:208,6
DA:210,6
DA:213,6
DA:214,6
DA:215,6
DA:217,6
DA:220,6
DA:223,6
DA:224,6
DA:225,6
DA:226,6
DA:236,6
DA:239,6
DA:240,6
DA:241,6
DA:242,6
DA:244,6
DA:247,6
DA:248,6
DA:250,6
DA:251,6
DA:252,6
DA:255,6
DA:256,6
DA:257,6
DA:258,6
DA:259,6
LH:140
LF:140
end_of_record
SF:/Users/seanknowles/Projects/tellimer/open-source/packages/econify/src/normalization/explain.ts
FN:16,buildExplainMetadata
FN:464,buildOriginalUnitString
FN:481,buildNormalizedUnitString
FN:506,buildFullUnitString
FN:529,enhanceExplainWithFXSource
FNDA:118,buildExplainMetadata
FNDA:87,buildOriginalUnitString
FNDA:89,buildNormalizedUnitString
FNDA:177,buildFullUnitString
FNDA:3,enhanceExplainWithFXSource
FNF:5
FNH:5
BRDA:37,1,0,75
BRDA:38,1,1,98
BRDA:40,1,2,62
BRDA:44,1,3,78
BRDA:44,1,4,78
BRDA:44,1,5,53
BRDA:46,1,6,48
BRDA:54,1,7,1
BRDA:62,1,8,65
BRDA:63,1,9,64
BRDA:64,1,10,27
BRDA:68,1,11,24
BRDA:69,1,12,3
BRDA:83,1,13,52
BRDA:88,1,14,51
BRDA:93,1,15,66
BRDA:93,1,16,55
BRDA:95,1,17,29
BRDA:99,1,18,24
BRDA:100,1,19,5
BRDA:105,1,20,27
BRDA:105,1,21,24
BRDA:111,1,22,5
BRDA:127,1,23,89
BRDA:127,1,24,39
BRDA:129,1,25,13
BRDA:134,1,26,26
BRDA:135,1,27,13
BRDA:142,1,28,86
BRDA:151,1,29,42
BRDA:156,1,30,42
BRDA:158,1,31,31
BRDA:160,1,32,2
BRDA:162,1,33,6
BRDA:163,1,34,25
BRDA:165,1,35,3
BRDA:166,1,36,28
BRDA:168,1,37,6
BRDA:169,1,38,25
BRDA:171,1,39,87
BRDA:178,1,40,1
BRDA:187,1,41,24
BRDA:190,1,42,1
BRDA:192,1,43,1
BRDA:196,1,44,1
BRDA:198,1,45,0
BRDA:203,1,46,0
BRDA:205,1,47,0
BRDA:210,1,48,1
BRDA:212,1,49,0
BRDA:222,1,50,0
BRDA:224,1,51,0
BRDA:230,1,52,9
BRDA:232,1,53,9
BRDA:237,1,54,1
BRDA:238,1,55,0
BRDA:244,1,56,0
BRDA:251,1,57,42
BRDA:253,1,58,109
BRDA:258,1,59,42
BRDA:263,1,60,32
BRDA:268,1,61,86
BRDA:268,1,62,9
BRDA:274,1,63,77
BRDA:274,1,64,6
BRDA:278,1,65,71
BRDA:279,1,66,42
BRDA:279,1,67,59
BRDA:281,1,68,12
BRDA:286,1,69,59
BRDA:286,1,70,4
BRDA:291,1,71,55
BRDA:295,1,72,0
BRDA:299,1,73,5
BRDA:301,1,74,50
BRDA:301,1,75,3
BRDA:303,1,76,47
BRDA:307,1,77,0
BRDA:309,1,78,1
BRDA:316,1,79,9
BRDA:320,1,80,5
BRDA:325,1,81,5
BRDA:328,1,82,1
BRDA:332,1,83,72
BRDA:337,1,84,72
BRDA:347,1,85,40
BRDA:348,1,86,11
BRDA:349,1,87,0
BRDA:353,1,88,10
BRDA:353,1,89,9
BRDA:354,1,90,31
BRDA:356,1,91,7
BRDA:356,1,92,6
BRDA:357,1,93,34
BRDA:359,1,94,10
BRDA:359,1,95,9
BRDA:360,1,96,31
BRDA:364,1,97,0
BRDA:366,1,98,0
BRDA:371,1,99,0
BRDA:379,1,100,0
BRDA:387,1,101,9
BRDA:394,1,102,86
BRDA:395,1,103,87
BRDA:397,1,104,40
BRDA:406,1,105,87
BRDA:406,1,106,78
BRDA:407,1,107,0
BRDA:408,1,108,78
BRDA:411,1,109,0
BRDA:411,1,110,0
BRDA:415,1,111,0
BRDA:422,1,112,52
BRDA:422,1,113,79
BRDA:424,1,114,13
BRDA:433,1,115,18
BRDA:433,1,116,18
BRDA:438,1,117,48
BRDA:445,1,118,68
BRDA:445,1,119,29
BRDA:447,1,120,0
BRDA:450,1,121,64
BRDA:453,1,122,0
BRDA:468,2,0,9
BRDA:468,2,1,78
BRDA:471,2,2,44
BRDA:473,2,3,78
BRDA:488,3,0,88
BRDA:492,3,1,46
BRDA:496,3,2,63
BRDA:500,3,3,0
BRDA:511,4,0,10
BRDA:511,4,1,167
BRDA:515,4,2,90
BRDA:517,4,3,167
BRDA:519,4,4,122
BRDA:521,4,5,167
BRDA:535,5,0,2
BRDA:545,5,1,1
BRF:139
BRH:117
DA:5,9
DA:6,9
DA:7,9
DA:9,9
DA:10,9
DA:11,9
DA:16,9
DA:17,9
DA:18,9
DA:19,9
DA:20,9
DA:31,9
DA:33,127
DA:34,127
DA:37,127
DA:38,127
DA:40,127
DA:43,127
DA:44,127
DA:45,127
DA:46,127
DA:47,175
DA:48,175
DA:49,175
DA:50,175
DA:51,175
DA:52,175
DA:54,175
DA:55,175
DA:56,175
DA:57,175
DA:58,175
DA:59,175
DA:62,127
DA:63,127
DA:64,127
DA:67,154
DA:68,154
DA:69,154
DA:70,154
DA:71,154
DA:73,154
DA:74,154
DA:75,154
DA:76,154
DA:77,154
DA:78,154
DA:79,154
DA:80,154
DA:83,127
DA:84,127
DA:85,127
DA:88,127
DA:89,178
DA:90,178
DA:91,178
DA:92,127
DA:93,127
DA:94,127
DA:95,127
DA:98,156
DA:99,156
DA:100,156
DA:101,156
DA:104,156
DA:105,156
DA:106,207
DA:107,207
DA:108,207
DA:109,207
DA:110,207
DA:111,183
DA:112,188
DA:113,188
DA:114,188
DA:115,188
DA:116,188
DA:117,188
DA:119,156
DA:120,156
DA:121,156
DA:122,156
DA:123,156
DA:124,156
DA:125,156
DA:126,156
DA:127,127
DA:128,255
DA:129,255
DA:130,255
DA:131,255
DA:132,255
DA:133,255
DA:134,255
DA:135,255
DA:136,255
DA:137,255
DA:138,255
DA:141,127
DA:142,127
DA:143,127
DA:145,127
DA:146,127
DA:147,127
DA:148,127
DA:151,127
DA:154,127
DA:155,127
DA:156,127
DA:158,127
DA:160,158
DA:161,158
DA:162,158
DA:163,158
DA:164,158
DA:165,158
DA:166,158
DA:167,158
DA:168,158
DA:169,158
DA:170,158
DA:171,127
DA:173,214
DA:174,214
DA:175,214
DA:177,214
DA:178,214
DA:179,214
DA:180,214
DA:184,214
DA:185,214
DA:186,214
DA:187,214
DA:189,214
DA:190,214
DA:191,214
DA:192,214
DA:193,214
DA:196,214
DA:197,0
DA:198,0
DA:199,0
DA:200,0
DA:202,0
DA:203,0
DA:204,0
DA:205,0
DA:206,0
DA:207,215
DA:210,214
DA:211,0
DA:212,0
DA:213,0
DA:214,0
DA:216,215
DA:217,215
DA:218,215
DA:219,215
DA:221,0
DA:222,0
DA:223,0
DA:224,0
DA:225,0
DA:226,215
DA:227,214
DA:229,127
DA:230,127
DA:231,127
DA:232,127
DA:233,127
DA:234,127
DA:237,127
DA:238,0
DA:239,0
DA:240,0
DA:241,0
DA:242,0
DA:243,0
DA:244,0
DA:245,0
DA:246,0
DA:247,0
DA:248,128
DA:251,127
DA:252,127
DA:253,127
DA:254,127
DA:255,127
DA:258,127
DA:259,127
DA:260,127
DA:261,127
DA:263,127
DA:264,159
DA:265,159
DA:268,127
DA:269,136
DA:270,136
DA:271,136
DA:274,127
DA:275,133
DA:276,133
DA:277,127
DA:278,127
DA:279,127
DA:280,127
DA:281,127
DA:282,139
DA:283,139
DA:286,127
DA:287,131
DA:288,131
DA:291,127
DA:292,0
DA:293,0
DA:294,0
DA:295,0
DA:296,0
DA:297,0
DA:298,0
DA:299,0
DA:300,187
DA:301,182
DA:302,235
DA:303,0
DA:304,0
DA:305,0
DA:307,0
DA:308,0
DA:309,0
DA:310,280
DA:311,280
DA:312,182
DA:315,127
DA:316,127
DA:317,127
DA:318,127
DA:320,127
DA:321,132
DA:322,132
DA:324,127
DA:325,127
DA:326,127
DA:327,127
DA:328,127
DA:329,128
DA:330,128
DA:332,127
DA:333,199
DA:334,199
DA:337,127
DA:338,199
DA:339,199
DA:340,199
DA:341,199
DA:342,199
DA:343,199
DA:344,199
DA:345,127
DA:347,127
DA:348,167
DA:349,0
DA:350,167
DA:352,167
DA:353,167
DA:354,167
DA:355,167
DA:356,167
DA:357,167
DA:358,167
DA:359,167
DA:360,167
DA:361,167
DA:363,167
DA:364,0
DA:365,167
DA:366,0
DA:367,167
DA:368,167
DA:371,0
DA:372,0
DA:373,0
DA:376,0
DA:377,0
DA:378,0
DA:379,0
DA:380,0
DA:381,0
DA:382,0
DA:383,0
DA:384,0
DA:387,167
DA:388,176
DA:389,176
DA:390,167
DA:393,127
DA:394,127
DA:395,127
DA:396,127
DA:397,127
DA:398,167
DA:399,167
DA:400,167
DA:401,167
DA:402,167
DA:404,127
DA:405,0
DA:406,0
DA:407,0
DA:408,0
DA:409,205
DA:410,205
DA:411,0
DA:412,205
DA:413,205
DA:415,0
DA:416,127
DA:417,127
DA:418,127
DA:419,127
DA:420,127
DA:422,127
DA:423,206
DA:424,206
DA:425,206
DA:426,206
DA:427,206
DA:429,127
DA:430,127
DA:431,127
DA:433,127
DA:434,145
DA:435,145
DA:436,145
DA:438,127
DA:439,175
DA:440,175
DA:442,175
DA:443,175
DA:445,127
DA:446,156
DA:447,0
DA:448,156
DA:450,127
DA:451,191
DA:452,191
DA:453,0
DA:454,191
DA:455,191
DA:456,191
DA:458,127
DA:459,127
DA:464,9
DA:465,9
DA:466,9
DA:468,96
DA:470,522
DA:471,96
DA:472,140
DA:473,140
DA:475,174
DA:476,174
DA:481,9
DA:482,9
DA:483,9
DA:484,9
DA:486,98
DA:488,98
DA:489,186
DA:490,186
DA:492,98
DA:493,144
DA:494,144
DA:496,98
DA:497,161
DA:498,161
DA:500,0
DA:501,98
DA:506,9
DA:507,9
DA:508,9
DA:509,9
DA:511,186
DA:513,1059
DA:515,186
DA:516,276
DA:517,276
DA:519,353
DA:520,308
DA:521,308
DA:523,353
DA:524,353
DA:529,9
DA:530,9
DA:531,9
DA:532,9
DA:533,9
DA:535,12
DA:536,14
DA:537,14
DA:538,14
DA:539,14
DA:540,14
DA:541,14
DA:542,14
DA:543,14
DA:544,14
DA:545,14
DA:546,13
DA:547,13
LH:344
LF:410
end_of_record
SF:/Users/seanknowles/Projects/tellimer/open-source/packages/econify/src/normalization/normalization.ts
FN:30,normalizeFlowValue
FN:78,normalizeMonetary
FN:120,normalizeMonetaryFlow
FN:169,normalizeValue
FNDA:0,normalizeFlowValue
FNDA:6,normalizeMonetary
FNDA:4,normalizeMonetaryFlow
FNDA:257,normalizeValue
FNF:4
FNH:3
BRDA:91,2,0,4
BRDA:93,2,1,1
BRDA:94,2,2,1
BRDA:96,2,3,5
BRDA:133,3,0,0
BRDA:134,3,1,0
BRDA:135,3,2,1
BRDA:142,3,3,1
BRDA:144,3,4,3
BRDA:189,4,0,114
BRDA:190,4,1,116
BRDA:192,4,2,177
BRDA:195,4,3,244
BRDA:200,4,4,151
BRDA:201,4,5,135
BRDA:203,4,6,27
BRDA:208,4,7,89
BRDA:209,4,8,78
BRDA:209,4,9,84
BRDA:209,4,10,33
BRDA:212,4,11,56
BRDA:212,4,12,11
BRDA:223,4,13,244
BRDA:224,4,14,215
BRDA:225,4,15,202
BRDA:226,4,16,193
BRDA:228,4,17,127
BRF:27
BRH:25
DA:6,11
DA:7,11
DA:8,11
DA:9,11
DA:10,11
DA:11,11
DA:12,11
DA:13,11
DA:14,11
DA:30,0
DA:31,0
DA:32,0
DA:36,0
DA:38,0
DA:40,0
DA:41,0
DA:42,0
DA:44,0
DA:46,0
DA:49,0
DA:50,0
DA:51,0
DA:52,0
DA:53,0
DA:54,0
DA:55,0
DA:58,0
DA:59,0
DA:60,0
DA:62,0
DA:63,0
DA:78,11
DA:79,11
DA:80,11
DA:88,11
DA:90,17
DA:91,17
DA:92,17
DA:93,17
DA:94,17
DA:95,18
DA:96,18
DA:97,22
DA:98,22
DA:99,22
DA:100,22
DA:102,22
DA:103,22
DA:104,22
DA:105,22
DA:106,22
DA:108,17
DA:120,11
DA:121,11
DA:122,11
DA:130,11
DA:133,0
DA:134,0
DA:135,15
DA:138,15
DA:139,15
DA:140,15
DA:141,15
DA:142,15
DA:143,16
DA:144,16
DA:145,18
DA:146,18
DA:147,18
DA:148,18
DA:150,18
DA:151,18
DA:152,18
DA:153,18
DA:154,18
DA:156,15
DA:169,11
DA:170,11
DA:171,11
DA:172,11
DA:183,11
DA:185,268
DA:186,268
DA:189,268
DA:190,268
DA:192,268
DA:195,268
DA:196,268
DA:199,268
DA:200,268
DA:201,268
DA:202,268
DA:203,268
DA:204,295
DA:205,295
DA:208,268
DA:209,357
DA:211,474
DA:212,441
DA:214,508
DA:215,508
DA:217,508
DA:219,357
DA:222,268
DA:223,268
DA:224,268
DA:225,268
DA:226,268
DA:227,268
DA:228,268
DA:229,395
DA:230,395
DA:231,395
DA:232,395
DA:233,395
DA:235,395
DA:237,268
DA:238,268
LH:94
LF:118
end_of_record
SF:/Users/seanknowles/Projects/tellimer/open-source/packages/econify/src/patterns.ts
FNF:0
FNH:0
BRF:0
BRH:0
DA:6,17
DA:7,17
DA:8,17
DA:9,17
DA:10,17
DA:11,17
DA:12,17
DA:13,17
DA:14,17
DA:15,17
DA:16,17
DA:17,17
DA:18,17
DA:19,17
DA:21,17
DA:22,17
DA:23,17
DA:24,17
DA:25,17
DA:26,17
DA:27,17
DA:28,17
DA:29,17
DA:30,17
DA:31,17
DA:32,17
DA:33,17
DA:34,17
DA:35,17
DA:36,17
DA:37,17
DA:38,17
DA:40,17
DA:41,17
DA:42,17
DA:43,17
DA:44,17
DA:45,17
DA:46,17
DA:47,17
DA:48,17
DA:49,17
DA:50,17
DA:51,17
DA:53,17
DA:54,17
DA:55,17
DA:56,17
DA:57,17
DA:58,17
DA:60,17
DA:61,17
DA:62,17
DA:63,17
DA:64,17
DA:65,17
DA:66,17
DA:67,17
DA:68,17
DA:69,17
DA:70,17
DA:71,17
DA:72,17
DA:73,17
DA:74,17
DA:75,17
DA:76,17
DA:77,17
DA:78,17
DA:79,17
DA:80,17
DA:81,17
DA:82,17
DA:84,17
DA:85,17
DA:86,17
DA:87,17
DA:88,17
DA:89,17
DA:90,17
DA:92,1
DA:93,17
DA:94,51
DA:95,34
DA:96,34
DA:97,34
DA:98,34
DA:99,34
DA:100,34
DA:101,34
DA:102,51
DA:103,51
DA:104,51
DA:105,68
DA:106,51
DA:107,51
DA:108,51
DA:109,51
DA:110,34
DA:111,51
DA:112,51
DA:113,51
DA:114,51
DA:115,34
DA:116,34
DA:117,68
DA:118,51
DA:119,51
DA:120,51
DA:121,51
DA:122,17
DA:123,17
DA:125,17
DA:126,17
DA:138,17
DA:139,17
DA:140,17
DA:141,17
DA:142,17
DA:143,17
DA:144,17
DA:145,17
DA:147,17
DA:148,68
DA:149,68
DA:150,68
DA:151,68
DA:152,51
DA:153,17
DA:157,17
DA:158,17
DA:159,17
DA:160,17
DA:161,17
DA:162,17
DA:163,17
DA:164,17
DA:166,17
DA:167,68
DA:168,17
DA:169,17
DA:170,17
DA:171,17
DA:172,17
DA:173,17
DA:174,17
DA:175,17
DA:176,68
DA:177,68
DA:178,51
DA:179,17
LH:151
LF:151
end_of_record
SF:/Users/seanknowles/Projects/tellimer/open-source/packages/econify/src/quality/quality.ts
FN:71,assessDataQuality
FN:208,checkCompleteness
FN:363,checkValidity
FN:447,checkConsistency
FN:520,detectOutliers
FN:555,detectOutliersIQR
FN:571,detectOutliersZScore
FN:585,_checkTimeliness
FN:624,calculateOverallScore
FN:649,generateRecommendations
FN:709,checkTemporal
FN:747,checkUniqueness
FN:777,checkSourceReliability
FNDA:64,assessDataQuality
FNDA:63,checkCompleteness
FNDA:63,checkValidity
FNDA:47,checkConsistency
FNDA:30,detectOutliers
FNDA:30,detectOutliersIQR
FNDA:0,detectOutliersZScore
FNDA:0,_checkTimeliness
FNDA:63,calculateOverallScore
FNDA:63,generateRecommendations
FNDA:63,checkTemporal
FNDA:63,checkUniqueness
FNDA:63,checkSourceReliability
FNF:13
FNH:11
BRDA:75,1,0,0
BRDA:90,1,1,1
BRDA:109,1,2,63
BRDA:112,1,3,33
BRDA:119,1,4,63
BRDA:140,1,5,63
BRDA:140,1,6,47
BRDA:147,1,7,30
BRDA:154,1,8,63
BRDA:176,1,9,0
BRDA:189,1,10,63
BRDA:215,2,0,276
BRDA:221,2,1,3
BRDA:232,2,2,2
BRDA:247,2,3,13
BRDA:260,2,4,9
BRDA:262,2,5,4
BRDA:264,2,6,0
BRDA:269,2,7,1
BRDA:278,2,8,0
BRDA:298,2,9,50
BRDA:298,2,10,34
BRDA:301,2,11,28
BRDA:313,2,12,13
BRDA:313,2,13,4
BRDA:320,2,14,3
BRDA:333,2,15,0
BRDA:333,2,16,0
BRDA:353,2,17,32
BRDA:370,8,0,276
BRDA:372,8,1,269
BRDA:372,8,2,7
BRDA:383,8,3,0
BRDA:383,8,4,0
BRDA:407,8,5,2
BRDA:418,8,6,0
BRDA:418,8,7,0
BRDA:418,8,8,0
BRDA:429,8,9,13
BRDA:429,8,10,0
BRDA:455,9,0,34
BRDA:471,9,1,4
BRDA:482,9,2,6
BRDA:482,9,3,6
BRDA:493,9,4,1
BRDA:504,9,5,45
BRDA:505,9,6,34
BRDA:507,9,7,11
BRDA:507,9,8,9
BRDA:507,9,9,7
BRDA:509,9,10,4
BRDA:532,16,0,0
BRDA:535,16,1,0
BRDA:539,16,2,9
BRDA:564,20,0,225
BRDA:564,20,1,9
BRDA:564,20,2,217
BRDA:637,24,0,378
BRDA:657,25,0,3
BRDA:664,25,1,49
BRDA:668,25,2,36
BRDA:672,25,3,5
BRDA:676,25,4,1
BRDA:680,25,5,5
BRDA:684,25,6,1
BRDA:691,25,7,2
BRDA:697,25,8,0
BRDA:720,28,0,13
BRDA:726,28,1,41
BRDA:730,28,2,9
BRDA:762,32,0,1
BRDA:800,35,0,276
BRDA:801,35,1,10
BRDA:803,35,2,2
BRF:74
BRH:59
DA:5,9
DA:71,9
DA:72,9
DA:73,9
DA:75,0
DA:76,73
DA:77,73
DA:80,73
DA:81,73
DA:82,73
DA:83,73
DA:84,73
DA:85,73
DA:86,73
DA:87,73
DA:90,73
DA:91,74
DA:92,74
DA:93,74
DA:94,74
DA:95,74
DA:96,74
DA:97,74
DA:98,74
DA:99,74
DA:100,74
DA:101,74
DA:102,74
DA:103,74
DA:104,74
DA:105,74
DA:106,74
DA:107,148
DA:108,74
DA:109,74
DA:112,73
DA:113,106
DA:114,106
DA:115,106
DA:116,106
DA:117,106
DA:118,106
DA:119,106
DA:122,136
DA:123,136
DA:124,136
DA:125,136
DA:127,136
DA:128,136
DA:129,136
DA:131,136
DA:132,136
DA:135,136
DA:136,136
DA:137,136
DA:140,73
DA:141,183
DA:142,183
DA:143,183
DA:144,183
DA:147,73
DA:148,103
DA:149,103
DA:150,103
DA:152,103
DA:153,103
DA:154,103
DA:157,136
DA:158,136
DA:159,136
DA:162,136
DA:163,136
DA:164,136
DA:165,136
DA:166,136
DA:168,136
DA:171,136
DA:172,136
DA:173,136
DA:176,0
DA:177,0
DA:178,0
DA:179,0
DA:180,0
DA:181,0
DA:182,0
DA:183,0
DA:184,0
DA:185,0
DA:186,0
DA:187,0
DA:188,0
DA:189,0
DA:192,136
DA:195,136
DA:197,136
DA:198,136
DA:199,136
DA:200,136
DA:201,136
DA:202,136
DA:203,73
DA:208,9
DA:209,9
DA:210,9
DA:212,72
DA:213,72
DA:215,72
DA:217,348
DA:218,348
DA:219,348
DA:220,348
DA:221,348
DA:222,351
DA:223,351
DA:224,351
DA:225,351
DA:226,351
DA:227,351
DA:228,351
DA:229,351
DA:232,348
DA:233,350
DA:234,350
DA:235,350
DA:236,350
DA:237,350
DA:238,350
DA:239,350
DA:240,350
DA:241,348
DA:244,72
DA:245,72
DA:247,72
DA:248,85
DA:249,85
DA:250,85
DA:251,85
DA:252,85
DA:255,85
DA:256,85
DA:257,85
DA:258,85
DA:260,85
DA:261,94
DA:262,85
DA:263,89
DA:264,0
DA:266,0
DA:267,0
DA:269,85
DA:270,86
DA:271,86
DA:272,86
DA:273,86
DA:274,86
DA:275,86
DA:276,86
DA:277,86
DA:278,0
DA:280,0
DA:281,0
DA:282,0
DA:283,0
DA:286,0
DA:287,0
DA:288,0
DA:289,0
DA:290,0
DA:291,0
DA:292,0
DA:293,0
DA:294,0
DA:295,0
DA:296,0
DA:297,0
DA:298,72
DA:301,156
DA:302,184
DA:303,184
DA:304,184
DA:305,184
DA:306,184
DA:307,184
DA:308,184
DA:309,184
DA:310,156
DA:313,72
DA:314,76
DA:315,76
DA:317,76
DA:318,76
DA:320,76
DA:321,79
DA:322,79
DA:323,79
DA:324,79
DA:325,79
DA:326,79
DA:327,79
DA:328,79
DA:329,79
DA:330,76
DA:333,0
DA:334,0
DA:335,0
DA:336,0
DA:337,0
DA:338,0
DA:339,0
DA:340,0
DA:341,0
DA:342,0
DA:343,0
DA:344,0
DA:345,0
DA:346,0
DA:347,0
DA:349,72
DA:352,72
DA:353,72
DA:354,104
DA:355,104
DA:357,288
DA:358,72
DA:363,9
DA:364,9
DA:365,9
DA:367,72
DA:368,72
DA:370,72
DA:372,348
DA:373,355
DA:374,355
DA:375,355
DA:376,355
DA:377,355
DA:378,355
DA:379,355
DA:380,355
DA:383,0
DA:384,0
DA:385,0
DA:386,0
DA:387,0
DA:388,0
DA:389,0
DA:390,0
DA:391,0
DA:392,0
DA:393,0
DA:394,0
DA:395,0
DA:396,0
DA:397,0
DA:398,0
DA:399,0
DA:400,0
DA:401,0
DA:402,0
DA:403,0
DA:406,348
DA:407,348
DA:408,350
DA:409,350
DA:410,350
DA:411,350
DA:412,350
DA:413,350
DA:414,350
DA:415,350
DA:418,0
DA:419,0
DA:420,0
DA:421,0
DA:422,0
DA:423,0
DA:424,0
DA:425,0
DA:426,0
DA:429,0
DA:430,0
DA:431,0
DA:432,0
DA:433,0
DA:434,0
DA:435,0
DA:436,0
DA:437,0
DA:438,348
DA:440,72
DA:441,288
DA:442,72
DA:447,9
DA:451,56
DA:454,56
DA:455,56
DA:456,90
DA:457,90
DA:458,90
DA:459,90
DA:460,90
DA:461,90
DA:462,90
DA:465,56
DA:466,56
DA:467,56
DA:468,56
DA:469,56
DA:471,56
DA:472,60
DA:473,60
DA:474,60
DA:475,60
DA:476,60
DA:477,60
DA:478,60
DA:481,56
DA:482,56
DA:483,62
DA:484,62
DA:485,62
DA:486,62
DA:487,62
DA:488,62
DA:489,62
DA:492,56
DA:493,56
DA:494,57
DA:495,57
DA:496,57
DA:497,57
DA:498,57
DA:499,57
DA:500,57
DA:503,56
DA:504,56
DA:505,101
DA:506,135
DA:507,101
DA:508,128
DA:509,121
DA:510,125
DA:511,125
DA:512,101
DA:514,224
DA:515,56
DA:520,9
DA:521,9
DA:522,9
DA:524,39
DA:525,39
DA:526,39
DA:528,39
DA:529,39
DA:530,39
DA:531,39
DA:532,0
DA:533,0
DA:534,0
DA:535,0
DA:536,0
DA:537,39
DA:539,39
DA:540,48
DA:541,48
DA:542,48
DA:543,48
DA:544,48
DA:545,48
DA:546,48
DA:548,39
DA:549,156
DA:550,39
DA:555,9
DA:556,117
DA:557,39
DA:558,39
DA:559,39
DA:560,39
DA:561,39
DA:563,39
DA:564,39
DA:565,39
DA:566,39
DA:571,0
DA:572,0
DA:573,0
DA:574,0
DA:577,0
DA:578,0
DA:579,0
DA:580,0
DA:585,0
DA:589,0
DA:590,0
DA:591,0
DA:593,0
DA:594,0
DA:596,0
DA:597,0
DA:599,0
DA:600,0
DA:601,0
DA:602,0
DA:603,0
DA:604,0
DA:605,0
DA:606,0
DA:607,0
DA:608,0
DA:609,0
DA:610,0
DA:611,0
DA:612,0
DA:613,0
DA:614,0
DA:615,0
DA:617,0
DA:618,0
DA:619,0
DA:624,9
DA:625,72
DA:626,72
DA:627,72
DA:628,72
DA:629,72
DA:630,72
DA:631,72
DA:632,72
DA:634,72
DA:635,72
DA:637,72
DA:638,450
DA:639,450
DA:640,450
DA:641,450
DA:643,72
DA:644,72
DA:649,9
DA:650,9
DA:651,9
DA:653,72
DA:656,72
DA:657,72
DA:658,75
DA:659,75
DA:661,75
DA:664,72
DA:665,121
DA:666,121
DA:668,72
DA:669,108
DA:670,108
DA:672,72
DA:673,77
DA:674,77
DA:676,72
DA:677,73
DA:678,73
DA:680,72
DA:681,77
DA:682,77
DA:684,72
DA:685,73
DA:686,73
DA:689,72
DA:691,72
DA:692,74
DA:693,74
DA:695,74
DA:697,0
DA:698,0
DA:699,0
DA:701,0
DA:703,72
DA:704,72
DA:709,9
DA:713,72
DA:714,72
DA:717,72
DA:718,72
DA:720,72
DA:721,85
DA:722,85
DA:723,85
DA:726,85
DA:727,126
DA:728,126
DA:730,126
DA:731,135
DA:732,135
DA:733,135
DA:734,135
DA:735,135
DA:736,135
DA:737,135
DA:738,126
DA:739,85
DA:741,288
DA:742,72
DA:747,9
DA:751,72
DA:752,72
DA:755,72
DA:756,72
DA:757,72
DA:758,72
DA:760,72
DA:762,72
DA:763,73
DA:764,73
DA:765,73
DA:766,73
DA:767,73
DA:768,73
DA:769,73
DA:771,288
DA:772,72
DA:777,9
DA:781,72
DA:782,72
DA:784,72
DA:785,72
DA:786,72
DA:787,72
DA:788,72
DA:789,72
DA:790,72
DA:791,72
DA:792,72
DA:794,72
DA:795,72
DA:796,72
DA:797,72
DA:798,72
DA:800,72
DA:801,348
DA:802,358
DA:803,358
DA:804,360
DA:805,360
DA:806,360
DA:807,360
DA:808,360
DA:809,360
DA:810,360
DA:811,360
DA:812,358
DA:813,348
DA:815,288
DA:816,72
LH:418
LF:552
end_of_record
SF:/Users/seanknowles/Projects/tellimer/open-source/packages/econify/src/scale/scale.ts
FN:9,normalizeText
FN:22,detectScale
FN:33,getScale
FN:42,rescaleMagnitude
FN:51,toMillions
FN:56,fromMillions
FN:64,rescaleTime
FN:76,parseTimeScale
FN:85,rescaleFlow
FNDA:7,normalizeText
FNDA:7,detectScale
FNDA:81,getScale
FNDA:50,rescaleMagnitude
FNDA:3,toMillions
FNDA:3,fromMillions
FNDA:54,rescaleTime
FNDA:17,parseTimeScale
FNDA:5,rescaleFlow
FNF:9
FNH:9
BRDA:10,1,0,1
BRDA:24,2,0,25
BRDA:25,2,1,4
BRDA:26,2,2,3
BRDA:34,3,0,1
BRDA:35,3,1,376
BRDA:35,3,2,13
BRDA:35,3,3,68
BRDA:69,7,0,6
BRDA:69,7,1,48
BRDA:77,8,0,2
BRDA:78,8,1,66
BRDA:78,8,2,11
BRDA:78,8,3,6
BRDA:89,9,0,3
BRDA:90,9,1,2
BRDA:94,9,2,3
BRF:17
BRH:17
DA:6,13
DA:9,20
DA:10,20
DA:11,20
DA:12,20
DA:13,20
DA:14,20
DA:15,20
DA:16,20
DA:22,13
DA:23,20
DA:24,20
DA:25,45
DA:26,45
DA:27,23
DA:28,20
DA:33,13
DA:34,94
DA:35,94
DA:36,162
DA:37,94
DA:42,13
DA:43,13
DA:44,13
DA:45,13
DA:47,63
DA:48,63
DA:51,13
DA:52,16
DA:53,16
DA:56,13
DA:57,16
DA:58,16
DA:64,13
DA:65,13
DA:66,13
DA:67,13
DA:69,67
DA:70,115
DA:71,67
DA:76,13
DA:77,30
DA:78,30
DA:79,36
DA:80,30
DA:85,13
DA:86,13
DA:87,13
DA:89,18
DA:90,18
DA:91,20
DA:92,20
DA:94,20
DA:95,21
DA:96,18
LH:55
LF:55
end_of_record
SF:/Users/seanknowles/Projects/tellimer/open-source/packages/econify/src/seasonal/seasonal.ts
FN:14,deseasonalize
FN:33,deseasonalizeMA
FN:62,decomposeTimeSeries
FN:100,calculateCenteredMA
FN:122,calculateSeasonalComponent
FN:142,detectSeasonality
FN:177,autocorrelation
FNDA:8,deseasonalize
FNDA:6,deseasonalizeMA
FNDA:1,decomposeTimeSeries
FNDA:7,calculateCenteredMA
FNDA:6,calculateSeasonalComponent
FNDA:0,detectSeasonality
FNDA:0,autocorrelation
FNF:7
FNH:5
BRDA:21,1,0,6
BRDA:23,1,1,1
BRDA:25,1,2,1
BRDA:78,6,0,24
BRDA:84,6,1,12
BRDA:72,8,0,0
BRDA:104,10,0,123
BRDA:105,10,1,88
BRDA:105,10,2,67
BRDA:107,10,3,56
BRDA:130,12,0,99
BRF:11
BRH:10
DA:14,7
DA:15,7
DA:16,7
DA:18,15
DA:20,15
DA:21,15
DA:22,21
DA:23,15
DA:24,16
DA:25,15
DA:26,16
DA:27,15
DA:28,15
DA:33,7
DA:34,7
DA:35,7
DA:38,13
DA:39,13
DA:40,13
DA:44,13
DA:45,13
DA:46,13
DA:47,13
DA:51,13
DA:52,112
DA:53,112
DA:54,112
DA:55,112
DA:56,13
DA:57,13
DA:62,7
DA:63,7
DA:64,7
DA:66,8
DA:69,8
DA:72,0
DA:75,8
DA:76,8
DA:78,8
DA:79,32
DA:80,32
DA:81,32
DA:82,32
DA:84,8
DA:85,20
DA:86,20
DA:89,8
DA:90,32
DA:91,32
DA:92,32
DA:93,32
DA:94,8
DA:95,8
DA:100,7
DA:101,14
DA:102,14
DA:104,14
DA:105,137
DA:106,204
DA:107,137
DA:108,193
DA:109,193
DA:110,193
DA:111,193
DA:112,193
DA:113,193
DA:114,137
DA:116,137
DA:117,14
DA:122,7
DA:123,7
DA:124,7
DA:125,7
DA:127,13
DA:128,13
DA:130,13
DA:131,112
DA:132,112
DA:133,112
DA:134,112
DA:136,13
DA:137,13
DA:142,0
DA:143,0
DA:144,0
DA:146,0
DA:148,0
DA:149,0
DA:150,0
DA:153,0
DA:154,0
DA:156,0
DA:157,0
DA:158,0
DA:159,0
DA:160,0
DA:161,0
DA:162,0
DA:165,0
DA:167,0
DA:168,0
DA:169,0
DA:170,0
DA:171,0
DA:172,0
DA:177,0
DA:178,0
DA:179,0
DA:181,0
DA:182,0
DA:184,0
DA:185,0
DA:186,0
DA:188,0
DA:189,0
DA:190,0
DA:192,0
DA:193,0
LH:81
LF:118
end_of_record
SF:/Users/seanknowles/Projects/tellimer/open-source/packages/econify/src/services/wages-service.ts
FN:22,detectWagesData
FN:76,processWagesData
FNDA:0,detectWagesData
FNDA:26,processWagesData
FNF:2
FNH:1
BRDA:90,2,0,6
BRDA:96,2,1,3
BRDA:97,2,2,5
BRDA:99,2,3,1
BRDA:103,2,4,5
BRDA:103,2,5,1
BRDA:110,2,6,5
BRDA:110,2,7,1
BRDA:124,2,8,20
BRDA:141,2,9,0
BRDA:143,2,10,11
BRDA:146,2,11,13
BRDA:147,2,12,18
BRDA:148,2,13,10
BRDA:154,2,14,49
BRDA:158,2,15,2
BRDA:160,2,16,0
BRDA:175,2,17,47
BRDA:180,2,18,0
BRDA:194,2,19,20
BRDA:201,2,20,0
BRDA:128,4,0,0
BRDA:133,4,1,22
BRDA:134,4,2,22
BRF:24
BRH:19
DA:9,7
DA:10,7
DA:11,7
DA:12,7
DA:13,7
DA:14,7
DA:17,7
DA:22,0
DA:23,0
DA:26,0
DA:27,0
DA:28,0
DA:29,0
DA:30,0
DA:31,0
DA:32,0
DA:33,0
DA:35,0
DA:36,0
DA:37,0
DA:38,0
DA:39,0
DA:40,0
DA:41,0
DA:42,0
DA:43,0
DA:44,0
DA:45,0
DA:46,0
DA:49,0
DA:50,0
DA:53,0
DA:54,0
DA:58,0
DA:59,0
DA:60,0
DA:61,0
DA:63,0
DA:64,0
DA:65,0
DA:66,0
DA:68,0
DA:70,0
DA:71,0
DA:76,7
DA:77,7
DA:78,7
DA:79,7
DA:88,7
DA:90,33
DA:91,39
DA:96,39
DA:97,39
DA:98,39
DA:99,39
DA:101,39
DA:103,39
DA:104,40
DA:105,40
DA:106,40
DA:108,40
DA:110,39
DA:112,44
DA:113,44
DA:114,44
DA:115,44
DA:116,44
DA:117,44
DA:118,44
DA:119,44
DA:120,44
DA:121,44
DA:122,44
DA:123,44
DA:124,44
DA:127,53
DA:128,0
DA:129,102
DA:130,102
DA:132,102
DA:133,102
DA:134,102
DA:135,102
DA:136,53
DA:140,53
DA:141,0
DA:142,33
DA:143,33
DA:144,33
DA:145,33
DA:146,33
DA:147,33
DA:148,33
DA:149,33
DA:152,33
DA:154,33
DA:155,82
DA:156,82
DA:158,82
DA:160,84
DA:161,0
DA:162,0
DA:163,0
DA:164,0
DA:165,0
DA:166,0
DA:167,0
DA:168,0
DA:169,0
DA:170,0
DA:171,0
DA:172,0
DA:173,0
DA:174,0
DA:175,82
DA:177,129
DA:178,129
DA:179,129
DA:180,0
DA:181,0
DA:182,129
DA:183,129
DA:184,129
DA:185,129
DA:186,129
DA:187,129
DA:188,129
DA:189,129
DA:190,129
DA:191,129
DA:192,129
DA:193,129
DA:194,82
DA:197,53
DA:198,53
DA:199,0
DA:200,0
DA:201,0
DA:202,0
DA:205,33
DA:206,33
LH:82
LF:141
end_of_record
SF:/Users/seanknowles/Projects/tellimer/open-source/packages/econify/src/time/time-sampling.ts
FN:37,simpleTimeConversion
FN:50,resampleTimeSeries
FN:76,upsample
FN:109,downsample
FN:158,generateIntermediatePoints
FN:206,groupByPeriod
FN:227,getPeriodKey
FN:259,getIntervalMs
FN:283,inferFrequency
FN:307,convertWageTimeScale
FN:329,processWageTimeSeries
FN:367,parseTimeScaleFromUnit
FNDA:9,simpleTimeConversion
FNDA:6,resampleTimeSeries
FNDA:1,upsample
FNDA:5,downsample
FNDA:2,generateIntermediatePoints
FNDA:5,groupByPeriod
FNDA:46,getPeriodKey
FNDA:2,getIntervalMs
FNDA:6,inferFrequency
FNDA:9,convertWageTimeScale
FNDA:2,processWageTimeSeries
FNDA:59,parseTimeScaleFromUnit
FNF:12
FNH:12
BRDA:42,1,0,1
BRDA:42,1,1,8
BRDA:55,2,0,0
BRDA:66,2,1,1
BRDA:68,2,2,5
BRDA:83,4,0,2
BRDA:118,5,0,0
BRDA:123,5,1,2
BRDA:127,5,2,1
BRDA:130,5,3,1
BRDA:133,5,4,1
BRDA:136,5,5,0
BRDA:173,9,0,26
BRDA:182,9,1,0
BRDA:185,9,2,0
BRDA:212,10,0,46
BRDA:215,10,1,5
BRDA:233,11,0,0
BRDA:235,11,1,0
BRDA:237,11,2,30
BRDA:239,11,3,16
BRDA:243,11,4,0
BRDA:247,11,5,0
BRDA:251,11,6,0
BRDA:263,12,0,0
BRDA:265,12,1,0
BRDA:269,12,2,0
BRDA:271,12,3,0
BRDA:273,12,4,0
BRDA:275,12,5,0
BRDA:284,13,0,0
BRDA:288,13,1,23
BRDA:296,13,2,5
BRDA:296,13,3,1
BRDA:297,13,4,0
BRDA:297,13,5,1
BRDA:298,13,6,0
BRDA:298,13,7,1
BRDA:299,13,8,0
BRDA:299,13,9,1
BRDA:313,15,0,2
BRDA:313,15,1,7
BRDA:316,15,2,4
BRDA:317,15,3,2
BRDA:317,15,4,2
BRDA:320,15,5,3
BRDA:335,16,0,7
BRDA:338,16,1,0
BRDA:370,17,0,2
BRDA:370,17,1,57
BRDA:371,17,2,0
BRDA:371,17,3,57
BRDA:372,17,4,1
BRDA:372,17,5,56
BRDA:373,17,6,54
BRDA:373,17,7,2
BRDA:374,17,8,0
BRDA:374,17,9,54
BRDA:375,17,10,2
BRDA:375,17,11,52
BRF:60
BRH:37
DA:10,10
DA:37,10
DA:38,10
DA:39,10
DA:40,10
DA:42,19
DA:43,27
DA:44,19
DA:50,10
DA:51,10
DA:52,10
DA:53,42
DA:55,0
DA:58,48
DA:59,16
DA:63,16
DA:64,16
DA:66,16
DA:67,17
DA:68,16
DA:69,21
DA:70,21
DA:71,16
DA:76,10
DA:77,10
DA:78,10
DA:79,10
DA:81,11
DA:83,11
DA:84,13
DA:85,13
DA:88,13
DA:89,13
DA:90,13
DA:91,13
DA:92,13
DA:95,13
DA:96,13
DA:99,11
DA:100,11
DA:101,11
DA:103,11
DA:104,11
DA:109,10
DA:110,10
DA:111,10
DA:112,10
DA:114,15
DA:115,15
DA:117,15
DA:118,0
DA:120,15
DA:122,15
DA:123,15
DA:124,17
DA:125,17
DA:126,17
DA:127,15
DA:128,16
DA:129,16
DA:130,15
DA:131,16
DA:132,16
DA:133,15
DA:134,16
DA:135,16
DA:136,0
DA:137,0
DA:138,0
DA:139,15
DA:141,15
DA:142,15
DA:143,15
DA:144,15
DA:145,15
DA:146,15
DA:147,15
DA:148,15
DA:149,15
DA:150,15
DA:152,15
DA:153,15
DA:158,10
DA:159,10
DA:160,10
DA:161,10
DA:162,10
DA:164,12
DA:165,12
DA:166,12
DA:167,12
DA:170,12
DA:171,12
DA:173,12
DA:174,38
DA:175,38
DA:177,38
DA:178,38
DA:179,38
DA:180,38
DA:181,38
DA:182,0
DA:183,0
DA:184,0
DA:185,0
DA:186,0
DA:187,38
DA:189,38
DA:190,38
DA:191,38
DA:192,38
DA:193,38
DA:194,38
DA:195,38
DA:196,38
DA:197,38
DA:198,38
DA:200,12
DA:201,12
DA:206,10
DA:207,10
DA:208,10
DA:210,15
DA:212,15
DA:213,61
DA:215,61
DA:216,66
DA:217,66
DA:218,61
DA:219,61
DA:221,15
DA:222,15
DA:227,10
DA:228,56
DA:229,56
DA:230,56
DA:232,56
DA:233,0
DA:234,0
DA:235,0
DA:236,0
DA:237,56
DA:238,86
DA:239,128
DA:240,72
DA:241,72
DA:242,72
DA:243,0
DA:244,0
DA:245,0
DA:246,0
DA:247,0
DA:248,0
DA:249,0
DA:250,0
DA:251,0
DA:252,0
DA:253,56
DA:254,56
DA:259,10
DA:260,12
DA:262,12
DA:263,0
DA:264,0
DA:265,0
DA:266,0
DA:267,12
DA:268,12
DA:269,0
DA:270,0
DA:271,0
DA:272,0
DA:273,0
DA:274,0
DA:275,0
DA:276,0
DA:277,12
DA:278,12
DA:283,10
DA:284,0
DA:287,16
DA:288,16
DA:289,39
DA:290,39
DA:292,16
DA:293,16
DA:296,16
DA:297,0
DA:298,0
DA:299,0
DA:300,17
DA:301,16
DA:307,10
DA:308,10
DA:309,10
DA:310,10
DA:311,10
DA:313,19
DA:316,19
DA:317,23
DA:318,23
DA:319,23
DA:320,23
DA:323,22
DA:324,19
DA:329,10
DA:330,10
DA:331,10
DA:333,12
DA:335,12
DA:337,19
DA:338,0
DA:339,0
DA:340,0
DA:341,0
DA:344,19
DA:345,19
DA:346,19
DA:347,19
DA:349,19
DA:350,19
DA:351,19
DA:354,19
DA:355,19
DA:356,19
DA:357,19
DA:358,19
DA:359,19
DA:361,12
DA:362,12
DA:367,10
DA:368,69
DA:370,69
DA:371,0
DA:372,69
DA:373,69
DA:374,0
DA:375,123
DA:377,121
DA:378,69
LH:194
LF:240
end_of_record
SF:/Users/seanknowles/Projects/tellimer/open-source/packages/econify/src/units/units.ts
FN:393,detectRatio
FN:419,parseUnit
FN:565,isMonetaryUnit
FN:573,isPercentageUnit
FN:581,extractCurrency
FN:589,extractScale
FN:597,extractTimeScale
FNDA:2263,detectRatio
FNDA:2263,parseUnit
FNDA:5,isMonetaryUnit
FNDA:4,isPercentageUnit
FNDA:5,extractCurrency
FNDA:5,extractScale
FNDA:5,extractTimeScale
FNF:7
FNH:7
BRDA:402,1,0,357
BRDA:404,1,1,322
BRDA:411,1,2,1941
BRDA:420,2,0,0
BRDA:438,2,1,90969
BRDA:440,2,2,1802
BRDA:450,2,3,2261
BRDA:452,2,4,2261
BRDA:453,2,5,8527
BRDA:454,2,6,1382
BRDA:457,2,7,55
BRDA:466,2,8,12027
BRDA:467,2,9,492
BRDA:470,2,10,8
BRDA:470,2,11,484
BRDA:479,2,12,13416
BRDA:480,2,13,133
BRDA:488,2,14,273
BRDA:489,2,15,746
BRDA:490,2,16,38
BRDA:499,2,17,235
BRDA:500,2,18,2296
BRDA:501,2,19,139
BRDA:510,2,20,96
BRDA:511,2,21,161
BRDA:512,2,22,36
BRDA:521,2,23,60
BRDA:522,2,24,677
BRDA:523,2,25,42
BRDA:533,2,26,322
BRDA:544,2,27,293
BRDA:544,2,28,29
BRDA:548,2,29,293
BRDA:548,2,30,290
BRDA:548,2,31,3
BRDA:550,2,32,290
BRDA:550,2,33,289
BRDA:550,2,34,1
BRDA:552,2,35,289
BRDA:552,2,36,1
BRDA:567,3,0,4
BRDA:583,5,0,2
BRDA:591,6,0,2
BRDA:599,7,0,2
BRF:44
BRH:43
DA:8,16
DA:9,16
DA:10,16
DA:11,16
DA:12,16
DA:13,16
DA:14,16
DA:15,16
DA:16,16
DA:17,16
DA:18,16
DA:19,16
DA:20,16
DA:21,16
DA:22,16
DA:23,16
DA:24,16
DA:25,16
DA:26,16
DA:27,16
DA:28,16
DA:29,16
DA:30,16
DA:31,16
DA:32,16
DA:33,16
DA:34,16
DA:35,16
DA:36,16
DA:37,16
DA:38,16
DA:39,16
DA:40,16
DA:41,16
DA:42,16
DA:43,16
DA:44,16
DA:45,16
DA:46,16
DA:47,16
DA:48,16
DA:49,16
DA:50,16
DA:51,16
DA:52,16
DA:53,16
DA:54,16
DA:55,16
DA:56,16
DA:57,16
DA:58,16
DA:59,16
DA:60,16
DA:61,16
DA:62,16
DA:63,16
DA:64,16
DA:65,16
DA:66,16
DA:67,16
DA:68,16
DA:69,16
DA:70,16
DA:71,16
DA:72,16
DA:73,16
DA:74,16
DA:75,16
DA:76,16
DA:77,16
DA:78,16
DA:79,16
DA:80,16
DA:81,16
DA:82,16
DA:83,16
DA:84,16
DA:85,16
DA:86,16
DA:87,16
DA:88,16
DA:89,16
DA:90,16
DA:91,16
DA:92,16
DA:93,16
DA:94,16
DA:95,16
DA:96,16
DA:97,16
DA:98,16
DA:99,16
DA:100,16
DA:101,16
DA:102,16
DA:103,16
DA:104,16
DA:105,16
DA:106,16
DA:107,16
DA:108,16
DA:109,16
DA:110,16
DA:111,16
DA:112,16
DA:113,16
DA:114,16
DA:115,16
DA:116,16
DA:117,16
DA:118,16
DA:119,16
DA:120,16
DA:121,16
DA:122,16
DA:123,16
DA:124,16
DA:125,16
DA:126,16
DA:127,16
DA:128,16
DA:129,16
DA:130,16
DA:131,16
DA:132,16
DA:133,16
DA:134,16
DA:135,16
DA:136,16
DA:137,16
DA:138,16
DA:139,16
DA:140,16
DA:141,16
DA:142,16
DA:143,16
DA:144,16
DA:145,16
DA:146,16
DA:147,16
DA:148,16
DA:149,16
DA:150,16
DA:151,16
DA:152,16
DA:153,16
DA:154,16
DA:155,16
DA:156,16
DA:157,16
DA:158,16
DA:184,16
DA:185,80
DA:186,16
DA:187,16
DA:188,16
DA:189,16
DA:190,16
DA:191,16
DA:192,16
DA:193,16
DA:194,16
DA:195,16
DA:196,16
DA:197,16
DA:198,16
DA:199,16
DA:200,16
DA:201,80
DA:202,16
DA:205,16
DA:206,16
DA:207,16
DA:208,16
DA:209,16
DA:210,16
DA:211,16
DA:212,16
DA:213,16
DA:214,16
DA:215,16
DA:216,16
DA:217,16
DA:218,16
DA:219,16
DA:220,16
DA:221,16
DA:222,16
DA:223,16
DA:224,16
DA:225,16
DA:226,16
DA:227,16
DA:228,16
DA:229,16
DA:230,16
DA:231,16
DA:232,16
DA:233,16
DA:234,16
DA:235,16
DA:236,16
DA:239,16
DA:240,16
DA:241,16
DA:242,16
DA:243,16
DA:244,16
DA:245,16
DA:246,16
DA:247,16
DA:248,16
DA:249,16
DA:250,16
DA:251,16
DA:252,16
DA:253,16
DA:254,16
DA:255,16
DA:256,16
DA:257,16
DA:258,16
DA:259,16
DA:260,80
DA:261,16
DA:262,16
DA:263,16
DA:264,16
DA:265,16
DA:266,16
DA:269,16
DA:270,16
DA:271,16
DA:272,16
DA:273,16
DA:274,16
DA:275,16
DA:276,16
DA:277,16
DA:278,16
DA:279,16
DA:280,80
DA:281,80
DA:282,80
DA:283,80
DA:284,80
DA:285,16
DA:286,16
DA:287,16
DA:288,16
DA:289,16
DA:290,80
DA:291,80
DA:292,16
DA:293,16
DA:294,16
DA:295,16
DA:296,16
DA:297,80
DA:298,80
DA:299,80
DA:300,80
DA:301,80
DA:302,80
DA:303,16
DA:306,16
DA:307,16
DA:308,16
DA:309,16
DA:310,16
DA:311,16
DA:312,80
DA:313,80
DA:314,16
DA:317,16
DA:318,80
DA:319,80
DA:320,16
DA:323,16
DA:324,16
DA:325,16
DA:326,16
DA:327,16
DA:328,16
DA:329,16
DA:330,16
DA:331,16
DA:332,16
DA:333,16
DA:334,16
DA:335,16
DA:336,16
DA:337,16
DA:338,16
DA:339,16
DA:340,16
DA:341,16
DA:342,16
DA:343,16
DA:344,16
DA:345,16
DA:346,16
DA:347,16
DA:348,16
DA:349,80
DA:350,80
DA:351,80
DA:352,80
DA:353,80
DA:354,16
DA:355,16
DA:356,16
DA:357,16
DA:358,16
DA:359,80
DA:360,80
DA:361,16
DA:362,16
DA:363,16
DA:364,16
DA:365,16
DA:366,80
DA:367,80
DA:368,80
DA:369,16
DA:393,16
DA:399,2279
DA:400,2279
DA:402,2279
DA:403,2636
DA:404,2636
DA:405,2958
DA:406,2958
DA:407,2958
DA:408,2958
DA:409,2958
DA:410,2958
DA:411,2636
DA:413,12660
DA:414,2279
DA:419,16
DA:420,0
DA:421,0
DA:422,0
DA:423,0
DA:424,0
DA:425,0
DA:426,0
DA:427,0
DA:429,2279
DA:430,2279
DA:431,2279
DA:432,2279
DA:433,2279
DA:434,2279
DA:435,2279
DA:438,2279
DA:439,93248
DA:440,93248
DA:441,95050
DA:442,95050
DA:443,95050
DA:444,95050
DA:445,95050
DA:446,93248
DA:449,2279
DA:450,2279
DA:451,2279
DA:452,2279
DA:453,4540
DA:454,13067
DA:455,14449
DA:456,14449
DA:457,14449
DA:458,14504
DA:459,14504
DA:460,14449
DA:461,14449
DA:462,13067
DA:463,4540
DA:466,2279
DA:467,14306
DA:468,14798
DA:469,14798
DA:470,14798
DA:471,15282
DA:472,15282
DA:473,15282
DA:474,14798
DA:475,14798
DA:476,14306
DA:479,2279
DA:480,15695
DA:481,15828
DA:482,15828
DA:483,15828
DA:484,15828
DA:485,15695
DA:488,2279
DA:489,2552
DA:490,3298
DA:491,3336
DA:492,3336
DA:493,3336
DA:494,3336
DA:495,3298
DA:496,2552
DA:499,2279
DA:500,2514
DA:501,4810
DA:502,4949
DA:503,4949
DA:504,4949
DA:505,4949
DA:506,4810
DA:507,2514
DA:510,2279
DA:511,2375
DA:512,2536
DA:513,2572
DA:514,2572
DA:515,2572
DA:516,2572
DA:517,2536
DA:518,2375
DA:521,2279
DA:522,2339
DA:523,3016
DA:524,3058
DA:525,3058
DA:526,3058
DA:527,3058
DA:528,3016
DA:529,2339
DA:532,2279
DA:533,2279
DA:534,2601
DA:535,2601
DA:536,2601
DA:537,2601
DA:538,2601
DA:539,2601
DA:542,2601
DA:543,2601
DA:544,2601
DA:545,2630
DA:546,2630
DA:547,2630
DA:548,2601
DA:549,2897
DA:550,2894
DA:551,3185
DA:552,3184
DA:553,3474
DA:554,3474
DA:555,3474
DA:556,2601
DA:557,2601
DA:559,2279
DA:560,2279
DA:565,16
DA:566,21
DA:567,21
DA:568,21
DA:573,16
DA:574,20
DA:575,20
DA:576,20
DA:581,16
DA:582,21
DA:583,21
DA:584,21
DA:589,16
DA:590,21
DA:591,21
DA:592,21
DA:597,16
DA:598,21
DA:599,21
DA:600,21
LH:472
LF:480
end_of_record
SF:/Users/seanknowles/Projects/tellimer/open-source/packages/econify/src/wages/wages-normalization.ts
FN:46,normalizeWagesData
FN:147,isIndexOrPointsUnit
FN:177,isCurrencyTimeUnit
FN:202,getWageNormalizationSummary
FN:253,getComparableWagesData
FNDA:27,normalizeWagesData
FNDA:79,isIndexOrPointsUnit
FNDA:64,isCurrencyTimeUnit
FNDA:1,getWageNormalizationSummary
FNDA:21,getComparableWagesData
FNF:5
FNH:5
BRDA:61,1,0,72
BRDA:70,1,1,22
BRDA:79,1,2,8
BRDA:82,1,3,4
BRDA:91,1,4,64
BRDA:94,1,5,0
BRDA:109,1,6,26
BRDA:121,1,7,2
BRDA:126,1,8,0
BRDA:131,1,9,0
BRDA:155,2,0,70
BRDA:156,2,1,70
BRDA:157,2,2,70
BRDA:159,2,3,9
BRDA:161,2,4,70
BRDA:165,2,5,0
BRDA:165,2,6,0
BRDA:167,2,7,0
BRDA:169,2,8,70
BRDA:184,3,0,0
BRDA:227,5,0,0
BRDA:205,6,0,3
BRDA:214,11,0,3
BRDA:243,16,0,0
BRDA:257,18,0,51
BRDA:258,18,1,49
BRF:26
BRH:17
DA:6,7
DA:7,7
DA:8,7
DA:46,7
DA:47,7
DA:48,7
DA:50,34
DA:51,34
DA:52,34
DA:53,34
DA:54,34
DA:55,34
DA:56,34
DA:57,34
DA:59,34
DA:61,34
DA:62,106
DA:63,106
DA:64,106
DA:65,106
DA:66,106
DA:67,106
DA:68,106
DA:70,106
DA:71,128
DA:72,128
DA:74,106
DA:76,106
DA:79,106
DA:80,114
DA:82,114
DA:83,118
DA:84,118
DA:85,118
DA:86,118
DA:88,118
DA:89,118
DA:90,118
DA:91,106
DA:92,170
DA:94,0
DA:95,0
DA:96,0
DA:99,170
DA:100,170
DA:101,170
DA:102,170
DA:103,170
DA:105,170
DA:106,170
DA:109,170
DA:110,196
DA:111,196
DA:112,196
DA:113,196
DA:114,196
DA:115,196
DA:116,196
DA:117,196
DA:118,196
DA:119,196
DA:120,196
DA:121,196
DA:122,196
DA:123,196
DA:125,196
DA:126,0
DA:127,0
DA:128,0
DA:129,0
DA:130,0
DA:131,0
DA:132,0
DA:133,0
DA:134,0
DA:135,0
DA:136,0
DA:138,106
DA:139,106
DA:141,34
DA:142,34
DA:147,7
DA:148,7
DA:149,7
DA:151,86
DA:154,86
DA:155,86
DA:156,86
DA:157,86
DA:158,86
DA:159,86
DA:160,95
DA:161,95
DA:164,0
DA:165,0
DA:166,0
DA:167,0
DA:168,0
DA:169,0
DA:171,156
DA:172,86
DA:177,7
DA:178,7
DA:179,7
DA:182,71
DA:183,71
DA:184,71
DA:187,0
DA:188,0
DA:189,0
DA:190,0
DA:191,0
DA:192,0
DA:193,0
DA:194,0
DA:196,0
DA:197,71
DA:202,7
DA:203,8
DA:204,8
DA:205,8
DA:206,8
DA:207,8
DA:208,8
DA:209,8
DA:210,8
DA:212,8
DA:213,8
DA:214,8
DA:216,8
DA:218,8
DA:219,8
DA:220,8
DA:221,8
DA:222,8
DA:223,8
DA:224,8
DA:225,8
DA:226,8
DA:227,0
DA:228,0
DA:230,8
DA:231,8
DA:232,8
DA:233,8
DA:234,8
DA:235,8
DA:236,8
DA:237,8
DA:238,8
DA:239,8
DA:240,8
DA:241,8
DA:242,8
DA:243,0
DA:244,9
DA:245,9
DA:246,8
DA:247,8
DA:248,8
DA:253,7
DA:254,7
DA:256,28
DA:257,28
DA:258,28
DA:259,28
DA:261,28
LH:135
LF:167
end_of_record
SF:/Users/seanknowles/Projects/tellimer/open-source/packages/econify/src/workflows/economic-data-workflow.ts
FN:374,mergeByKey
FN:377,key
FN:596,formatNormalizedUnit
FN:619,qualityPassed
FN:624,shouldAdjustInflation
FN:627,shouldRemoveSeasonality
FN:632,logStep
FN:637,errors
FN:654,warnings
FN:662,logSuccess
FN:665,logFinalError
FN:668,emitResults
FN:676,context
FN:692,metrics
FN:706,input
FN:710,rawData
FN:725,input
FN:729,parsedData
FN:744,input
FN:748,qualityScore
FN:767,warnings
FN:792,input
FN:796,fxRates
FN:804,fxRates
FN:816,input
FN:820,normalizedData
FN:850,input
FN:854,adjustedData
FN:880,input
FN:884,adjustedData
FN:901,input
FN:905,finalData
FN:906,metrics
FN:935,createPipeline
FN:937,run
FN:971,createInteractive
FN:975,start
FN:986,continueAfterQualityReview
FN:990,abortAfterQualityReview
FN:994,fixAndRetry
FN:998,getState
FN:1002,getContext
FN:1006,stop
FNDA:68,mergeByKey
FNDA:407,key
FNDA:204,formatNormalizedUnit
FNDA:45,qualityPassed
FNDA:43,shouldAdjustInflation
FNDA:43,shouldRemoveSeasonality
FNDA:322,logStep
FNDA:2,errors
FNDA:12,warnings
FNDA:43,logSuccess
FNDA:2,logFinalError
FNDA:43,emitResults
FNDA:47,context
FNDA:47,metrics
FNDA:47,input
FNDA:45,rawData
FNDA:45,input
FNDA:45,parsedData
FNDA:45,input
FNDA:45,qualityScore
FNDA:13,warnings
FNDA:43,input
FNDA:31,fxRates
FNDA:12,fxRates
FNDA:43,input
FNDA:43,normalizedData
FNDA:0,input
FNDA:0,adjustedData
FNDA:0,input
FNDA:0,adjustedData
FNDA:43,input
FNDA:43,finalData
FNDA:43,metrics
FNDA:18,createPipeline
FNDA:16,run
FNDA:2,createInteractive
FNDA:2,start
FNDA:0,continueAfterQualityReview
FNDA:0,abortAfterQualityReview
FNDA:0,fixAndRetry
FNDA:2,getState
FNDA:1,getContext
FNDA:2,stop
FNF:43
FNH:36
BRDA:155,1,0,2
BRDA:157,1,1,45
BRDA:158,1,2,1
BRDA:158,1,3,1
BRDA:162,1,4,0
BRDA:165,1,5,45
BRDA:173,4,0,211
BRDA:175,4,1,0
BRDA:180,4,2,18
BRDA:180,4,3,16
BRDA:180,4,4,15
BRDA:180,4,5,3
BRDA:186,4,6,2
BRDA:190,4,7,0
BRDA:196,4,8,2
BRDA:196,4,9,209
BRDA:205,5,0,0
BRDA:221,6,0,0
BRDA:233,6,1,12
BRDA:237,6,2,31
BRDA:249,8,0,0
BRDA:259,8,1,1
BRDA:285,8,2,205
BRDA:288,8,3,0
BRDA:289,8,4,0
BRDA:290,8,5,0
BRDA:290,8,6,196
BRDA:291,8,7,0
BRDA:294,8,8,188
BRDA:295,8,9,148
BRDA:296,8,10,39
BRDA:299,8,11,195
BRDA:299,8,12,166
BRDA:302,8,13,9
BRDA:304,8,14,163
BRDA:306,8,15,195
BRDA:306,8,16,3
BRDA:309,8,17,180
BRDA:309,8,18,163
BRDA:312,8,19,160
BRDA:315,8,20,195
BRDA:315,8,21,3
BRDA:318,8,22,160
BRDA:321,8,23,6
BRDA:323,8,24,160
BRDA:327,8,25,195
BRDA:327,8,26,3
BRDA:330,8,27,157
BRDA:333,8,28,6
BRDA:335,8,29,151
BRDA:339,8,30,195
BRDA:339,8,31,6
BRDA:342,8,32,151
BRDA:345,8,33,0
BRDA:347,8,34,151
BRDA:350,8,35,195
BRDA:350,8,36,0
BRDA:353,8,37,186
BRDA:353,8,38,151
BRDA:357,8,39,140
BRDA:358,8,40,0
BRDA:359,8,41,195
BRDA:359,8,42,11
BRDA:362,8,43,140
BRDA:365,8,44,182
BRDA:365,8,45,13
BRDA:368,8,46,127
BRDA:406,8,47,20
BRDA:430,8,48,6
BRDA:441,8,49,10
BRDA:452,8,50,3
BRDA:464,8,51,3
BRDA:476,8,52,3
BRDA:488,8,53,3
BRDA:500,8,54,0
BRDA:512,8,55,20
BRDA:525,8,56,202
BRDA:380,11,0,202
BRDA:382,11,1,205
BRDA:385,11,2,202
BRDA:378,12,0,57
BRDA:378,12,1,0
BRDA:602,34,0,0
BRDA:620,37,0,31
BRDA:621,37,1,0
BRDA:641,41,0,0
BRDA:641,41,1,0
BRDA:658,42,0,0
BRDA:658,42,1,0
BRDA:677,46,0,0
BRDA:678,46,1,0
BRDA:770,54,0,0
BRDA:771,54,1,8
BRDA:909,66,0,0
BRDA:953,71,0,14
BRDA:956,71,1,0
BRDA:957,71,2,106
BRDA:957,71,3,1
BRF:98
BRH:72
DA:5,6
DA:6,6
DA:7,6
DA:8,6
DA:9,6
DA:11,6
DA:13,6
DA:15,6
DA:19,6
DA:20,6
DA:21,6
DA:22,6
DA:24,6
DA:26,6
DA:27,6
DA:28,6
DA:29,6
DA:32,6
DA:33,6
DA:34,6
DA:35,6
DA:142,6
DA:143,6
DA:144,6
DA:145,6
DA:150,6
DA:151,6
DA:152,6
DA:153,6
DA:154,53
DA:155,53
DA:156,55
DA:157,55
DA:158,53
DA:159,54
DA:160,54
DA:162,0
DA:163,0
DA:164,0
DA:165,54
DA:166,98
DA:167,6
DA:169,6
DA:170,51
DA:171,51
DA:173,51
DA:175,0
DA:176,0
DA:177,0
DA:179,262
DA:180,262
DA:181,265
DA:182,265
DA:183,265
DA:184,265
DA:185,265
DA:186,265
DA:187,267
DA:188,267
DA:189,265
DA:190,0
DA:191,262
DA:192,262
DA:193,262
DA:194,262
DA:195,262
DA:196,262
DA:197,262
DA:198,262
DA:199,51
DA:200,6
DA:202,6
DA:203,6
DA:204,51
DA:205,0
DA:206,0
DA:207,0
DA:208,51
DA:209,51
DA:210,51
DA:211,51
DA:212,51
DA:213,51
DA:215,6
DA:218,6
DA:219,49
DA:221,0
DA:222,0
DA:223,0
DA:224,0
DA:225,0
DA:227,0
DA:228,0
DA:229,0
DA:230,0
DA:231,0
DA:233,49
DA:234,61
DA:235,61
DA:237,61
DA:239,80
DA:240,80
DA:241,80
DA:242,80
DA:243,6
DA:245,6
DA:246,6
DA:247,49
DA:249,0
DA:250,0
DA:251,0
DA:254,49
DA:255,49
DA:256,49
DA:259,49
DA:260,50
DA:261,50
DA:263,50
DA:264,52
DA:265,50
DA:266,50
DA:270,49
DA:271,254
DA:272,254
DA:273,49
DA:275,49
DA:276,49
DA:277,49
DA:278,49
DA:279,49
DA:280,49
DA:281,49
DA:282,49
DA:283,49
DA:285,49
DA:286,254
DA:287,254
DA:288,0
DA:289,0
DA:290,0
DA:291,0
DA:294,254
DA:295,254
DA:296,254
DA:297,293
DA:298,293
DA:299,293
DA:302,254
DA:303,254
DA:304,254
DA:305,254
DA:306,254
DA:307,452
DA:308,452
DA:309,452
DA:312,629
DA:313,629
DA:314,629
DA:315,254
DA:316,452
DA:317,452
DA:318,452
DA:321,254
DA:322,254
DA:323,254
DA:324,254
DA:325,254
DA:327,254
DA:328,452
DA:329,452
DA:330,452
DA:333,254
DA:334,254
DA:335,254
DA:336,254
DA:337,254
DA:339,254
DA:340,455
DA:341,455
DA:342,455
DA:345,0
DA:346,0
DA:347,0
DA:348,0
DA:349,0
DA:350,254
DA:351,0
DA:352,0
DA:353,0
DA:356,0
DA:357,0
DA:358,0
DA:359,0
DA:360,460
DA:361,460
DA:362,460
DA:365,589
DA:366,644
DA:367,644
DA:368,644
DA:370,758
DA:371,758
DA:373,49
DA:374,49
DA:375,49
DA:377,0
DA:378,0
DA:379,117
DA:380,117
DA:381,117
DA:382,117
DA:383,322
DA:384,322
DA:385,322
DA:386,322
DA:387,117
DA:388,117
DA:391,49
DA:392,49
DA:393,49
DA:394,49
DA:395,49
DA:396,49
DA:397,49
DA:398,49
DA:399,49
DA:400,49
DA:401,49
DA:402,49
DA:404,49
DA:406,49
DA:407,69
DA:410,69
DA:411,69
DA:412,69
DA:413,69
DA:414,69
DA:415,69
DA:416,69
DA:417,69
DA:418,69
DA:419,69
DA:420,69
DA:421,69
DA:422,69
DA:424,69
DA:425,69
DA:426,387
DA:428,69
DA:430,49
DA:431,55
DA:432,55
DA:433,55
DA:434,55
DA:435,55
DA:436,55
DA:437,253
DA:439,55
DA:441,49
DA:442,59
DA:443,59
DA:444,59
DA:446,59
DA:447,59
DA:448,275
DA:450,59
DA:452,49
DA:453,52
DA:454,52
DA:455,52
DA:456,52
DA:457,52
DA:458,52
DA:459,52
DA:460,217
DA:462,52
DA:464,49
DA:465,52
DA:466,52
DA:467,52
DA:468,52
DA:469,52
DA:470,52
DA:471,52
DA:472,217
DA:474,52
DA:476,49
DA:477,52
DA:478,52
DA:479,52
DA:480,52
DA:481,52
DA:482,52
DA:483,52
DA:484,217
DA:486,52
DA:488,49
DA:489,52
DA:490,52
DA:491,52
DA:492,52
DA:493,52
DA:494,52
DA:495,52
DA:496,226
DA:498,52
DA:500,49
DA:501,0
DA:502,0
DA:503,0
DA:504,0
DA:505,0
DA:506,0
DA:507,0
DA:508,0
DA:510,0
DA:512,0
DA:513,69
DA:514,69
DA:515,69
DA:517,69
DA:518,69
DA:519,654
DA:521,69
DA:524,49
DA:525,49
DA:526,49
DA:529,196
DA:530,49
DA:533,0
DA:534,0
DA:535,0
DA:536,0
DA:537,0
DA:538,0
DA:539,0
DA:540,0
DA:541,0
DA:542,0
DA:543,0
DA:544,0
DA:545,0
DA:546,0
DA:547,0
DA:548,0
DA:550,0
DA:553,0
DA:554,0
DA:555,0
DA:556,0
DA:557,0
DA:558,0
DA:559,0
DA:560,0
DA:561,0
DA:562,0
DA:563,0
DA:564,0
DA:565,0
DA:566,0
DA:568,0
DA:569,0
DA:570,0
DA:578,0
DA:579,0
DA:580,0
DA:581,0
DA:582,0
DA:583,0
DA:584,0
DA:585,0
DA:586,0
DA:587,0
DA:589,0
DA:592,6
DA:593,6
DA:594,49
DA:596,49
DA:599,0
DA:600,0
DA:601,0
DA:602,0
DA:604,49
DA:605,49
DA:606,253
DA:607,253
DA:608,253
DA:609,253
DA:610,253
DA:611,253
DA:612,253
DA:613,49
DA:615,49
DA:617,6
DA:618,6
DA:619,6
DA:620,51
DA:621,0
DA:622,51
DA:623,51
DA:624,6
DA:625,49
DA:626,49
DA:627,6
DA:628,49
DA:629,49
DA:630,6
DA:631,6
DA:632,6
DA:635,328
DA:636,6
DA:637,6
DA:638,8
DA:639,0
DA:640,0
DA:641,0
DA:642,8
DA:643,8
DA:644,8
DA:645,8
DA:646,8
DA:647,8
DA:648,8
DA:649,8
DA:650,8
DA:651,8
DA:652,6
DA:653,6
DA:654,6
DA:655,18
DA:656,0
DA:657,0
DA:658,0
DA:659,72
DA:660,18
DA:661,6
DA:662,6
DA:664,49
DA:665,6
DA:667,8
DA:668,6
DA:670,49
DA:671,6
DA:672,6
DA:674,6
DA:675,6
DA:676,6
DA:677,0
DA:678,0
DA:679,53
DA:680,53
DA:681,53
DA:682,53
DA:683,53
DA:684,53
DA:685,53
DA:686,6
DA:687,6
DA:688,6
DA:689,6
DA:690,6
DA:691,6
DA:692,6
DA:693,53
DA:694,53
DA:695,53
DA:696,6
DA:697,6
DA:698,6
DA:699,6
DA:701,6
DA:702,6
DA:703,6
DA:704,6
DA:705,6
DA:706,6
DA:707,6
DA:708,6
DA:709,6
DA:710,6
DA:711,6
DA:712,6
DA:713,6
DA:714,6
DA:715,6
DA:716,6
DA:717,6
DA:718,6
DA:720,6
DA:721,6
DA:722,6
DA:723,6
DA:724,6
DA:725,6
DA:726,6
DA:727,6
DA:728,6
DA:729,6
DA:730,6
DA:731,6
DA:732,6
DA:733,6
DA:734,6
DA:735,6
DA:736,6
DA:737,6
DA:739,6
DA:740,6
DA:741,6
DA:742,6
DA:743,6
DA:744,6
DA:745,6
DA:746,6
DA:747,6
DA:748,6
DA:749,6
DA:750,6
DA:751,6
DA:752,6
DA:753,6
DA:754,6
DA:755,6
DA:756,6
DA:758,6
DA:759,6
DA:760,6
DA:761,6
DA:762,6
DA:763,6
DA:764,6
DA:765,6
DA:766,6
DA:767,6
DA:768,19
DA:769,0
DA:770,0
DA:771,0
DA:773,6
DA:774,6
DA:776,6
DA:778,6
DA:779,6
DA:780,6
DA:781,6
DA:782,6
DA:783,6
DA:784,6
DA:785,6
DA:787,6
DA:788,6
DA:789,6
DA:790,6
DA:791,6
DA:792,6
DA:793,6
DA:794,6
DA:795,6
DA:796,6
DA:797,6
DA:798,6
DA:799,6
DA:800,6
DA:801,6
DA:802,6
DA:803,6
DA:804,6
DA:805,6
DA:807,6
DA:808,6
DA:809,6
DA:811,6
DA:812,6
DA:813,6
DA:814,6
DA:815,6
DA:816,6
DA:817,6
DA:818,6
DA:819,6
DA:820,6
DA:821,6
DA:822,6
DA:823,6
DA:824,6
DA:825,6
DA:826,6
DA:827,6
DA:828,6
DA:830,6
DA:831,6
DA:832,6
DA:833,6
DA:834,6
DA:835,6
DA:836,6
DA:837,6
DA:838,6
DA:839,6
DA:840,6
DA:841,6
DA:842,6
DA:844,6
DA:846,6
DA:847,6
DA:848,6
DA:849,6
DA:850,0
DA:851,6
DA:852,6
DA:853,6
DA:854,0
DA:855,0
DA:856,6
DA:857,6
DA:858,6
DA:859,6
DA:860,6
DA:861,6
DA:862,6
DA:864,6
DA:865,6
DA:866,6
DA:867,6
DA:868,6
DA:869,6
DA:870,6
DA:871,6
DA:872,6
DA:874,6
DA:876,6
DA:877,6
DA:878,6
DA:879,6
DA:880,0
DA:881,6
DA:882,6
DA:883,6
DA:884,0
DA:885,0
DA:886,6
DA:887,6
DA:888,6
DA:889,6
DA:890,6
DA:891,6
DA:892,6
DA:893,6
DA:894,6
DA:896,6
DA:897,6
DA:898,6
DA:899,6
DA:900,6
DA:901,6
DA:902,6
DA:903,6
DA:904,6
DA:905,6
DA:906,6
DA:907,49
DA:908,49
DA:909,0
DA:910,49
DA:911,6
DA:912,6
DA:913,6
DA:914,6
DA:915,6
DA:916,6
DA:917,6
DA:918,6
DA:920,6
DA:921,6
DA:922,18
DA:923,6
DA:925,6
DA:926,6
DA:927,6
DA:928,6
DA:929,6
DA:930,6
DA:935,6
DA:936,24
DA:937,24
DA:938,40
DA:939,56
DA:940,56
DA:941,56
DA:942,56
DA:943,56
DA:944,56
DA:947,56
DA:948,57
DA:949,57
DA:950,56
DA:952,56
DA:953,176
DA:954,190
DA:955,190
DA:956,0
DA:957,176
DA:958,283
DA:959,283
DA:960,283
DA:961,283
DA:963,283
DA:964,176
DA:966,56
DA:967,168
DA:968,56
DA:969,40
DA:971,24
DA:972,26
DA:974,26
DA:975,26
DA:976,28
DA:977,28
DA:978,28
DA:979,28
DA:980,28
DA:981,28
DA:982,28
DA:983,84
DA:984,28
DA:986,0
DA:987,0
DA:988,0
DA:990,0
DA:991,0
DA:992,0
DA:994,0
DA:995,0
DA:996,0
DA:998,26
DA:999,28
DA:1000,28
DA:1002,26
DA:1003,27
DA:1004,27
DA:1006,26
DA:1007,28
DA:1008,28
DA:1009,26
DA:1010,26
DA:1011,24
DA:1012,24
LH:618
LF:747
end_of_record
