SF:/Users/seanknowles/Projects/tellimer/open-source/packages/econify/src/aggregations/aggregations.ts
FN:42,aggregate
FN:152,parseTargetUnit
FN:168,extractWeights
FN:184,sum
FN:188,average
FN:192,median
FN:198,weightedAverage
FN:203,geometricMean
FN:212,harmonicMean
FN:217,variance
FN:222,standardDeviation
FN:229,movingAverage
FNDA:12,aggregate
FNDA:3,parseTargetUnit
FNDA:1,extractWeights
FNDA:27,sum
FNDA:24,average
FNDA:1,median
FNDA:1,weightedAverage
FNDA:1,geometricMean
FNDA:1,harmonicMean
FNDA:20,variance
FNDA:10,standardDeviation
FNDA:0,movingAverage
FNF:12
FNH:11
BRDA:55,1,0,1
BRDA:57,1,1,11
BRDA:60,1,2,10
BRDA:60,1,3,10
BRDA:62,1,4,1
BRDA:73,1,5,9
BRDA:73,1,6,0
BRDA:75,1,7,10
BRDA:75,1,8,1
BRDA:75,1,9,1
BRDA:76,1,10,3
BRDA:82,1,11,0
BRDA:87,1,12,0
BRDA:92,1,13,9
BRDA:93,1,14,32
BRDA:95,1,15,30
BRDA:95,1,16,2
BRDA:98,1,17,30
BRDA:101,1,18,10
BRDA:103,1,19,0
BRDA:105,1,20,10
BRDA:110,1,21,2
BRDA:113,1,22,4
BRDA:116,1,23,1
BRDA:119,1,24,1
BRDA:122,1,25,1
BRDA:125,1,26,1
BRDA:128,1,27,0
BRDA:130,1,28,10
BRDA:174,4,0,0
BRDA:176,4,1,0
BRDA:195,10,0,0
BRF:32
BRH:24
DA:5,10
DA:6,10
DA:42,10
DA:43,10
DA:44,10
DA:46,22
DA:47,22
DA:48,22
DA:49,22
DA:50,22
DA:51,22
DA:52,22
DA:55,22
DA:56,23
DA:57,23
DA:60,22
DA:61,96
DA:62,32
DA:63,33
DA:64,33
DA:65,33
DA:66,33
DA:68,33
DA:69,32
DA:72,32
DA:73,0
DA:75,22
DA:76,23
DA:77,26
DA:78,26
DA:79,26
DA:80,26
DA:81,26
DA:82,0
DA:83,0
DA:84,0
DA:85,0
DA:86,26
DA:87,0
DA:88,0
DA:89,0
DA:90,0
DA:91,26
DA:92,22
DA:93,31
DA:94,63
DA:95,63
DA:96,65
DA:97,65
DA:98,65
DA:99,93
DA:100,93
DA:101,31
DA:103,0
DA:104,0
DA:105,0
DA:108,32
DA:109,32
DA:110,22
DA:111,24
DA:112,24
DA:113,22
DA:114,26
DA:115,26
DA:116,22
DA:117,23
DA:118,23
DA:119,22
DA:120,23
DA:121,23
DA:122,22
DA:123,23
DA:124,23
DA:125,22
DA:126,23
DA:127,23
DA:128,0
DA:129,0
DA:130,22
DA:133,32
DA:134,32
DA:135,32
DA:136,32
DA:137,32
DA:138,32
DA:140,32
DA:141,32
DA:142,32
DA:143,32
DA:144,32
DA:145,32
DA:146,32
DA:147,22
DA:152,10
DA:157,13
DA:158,13
DA:159,13
DA:160,13
DA:161,13
DA:162,13
DA:163,13
DA:168,10
DA:169,10
DA:170,10
DA:172,11
DA:173,11
DA:174,11
DA:176,0
DA:177,0
DA:178,0
DA:180,0
DA:181,11
DA:184,37
DA:185,37
DA:186,37
DA:188,34
DA:189,34
DA:190,34
DA:192,11
DA:193,33
DA:194,11
DA:195,0
DA:196,11
DA:198,11
DA:199,11
DA:200,11
DA:201,11
DA:203,11
DA:205,11
DA:206,11
DA:209,11
DA:210,11
DA:212,11
DA:213,11
DA:214,11
DA:215,11
DA:217,30
DA:218,30
DA:219,30
DA:220,30
DA:222,20
DA:223,20
DA:224,20
DA:229,0
DA:230,0
DA:231,0
DA:232,0
DA:234,0
DA:236,0
DA:237,0
DA:238,0
DA:239,0
DA:240,0
DA:241,0
DA:242,0
DA:243,0
DA:245,0
DA:246,0
DA:247,0
DA:248,0
DA:249,0
DA:250,0
DA:251,0
DA:252,0
DA:253,0
DA:255,0
DA:256,0
LH:124
LF:167
end_of_record
SF:/Users/seanknowles/Projects/tellimer/open-source/packages/econify/src/algebra/algebra.ts
FN:16,roundPrecision
FN:23,unitsMatch
FN:36,unitMultiply
FN:71,unitDivide
FN:93,unitAdd
FN:107,unitSubtract
FN:121,unitPower
FN:144,simplifyUnit
FN:226,isDimensionless
FN:241,<instance_members_initializer>
FN:242,UnitChain
FN:244,multiply
FN:249,divide
FN:254,add
FN:259,subtract
FN:264,power
FN:269,value
FN:274,chain
FNDA:3,roundPrecision
FNDA:7,unitsMatch
FNDA:13,unitMultiply
FNDA:6,unitDivide
FNDA:3,unitAdd
FNDA:4,unitSubtract
FNDA:6,unitPower
FNDA:15,simplifyUnit
FNDA:11,isDimensionless
FNDA:1,<instance_members_initializer>
FNDA:1,UnitChain
FNDA:2,multiply
FNDA:1,divide
FNDA:0,add
FNDA:0,subtract
FNDA:0,power
FNDA:1,value
FNDA:1,chain
FNF:18
FNH:15
BRDA:24,2,0,0
BRDA:27,2,1,2
BRDA:27,2,2,5
BRDA:28,2,3,2
BRDA:28,2,4,5
BRDA:41,3,0,2
BRDA:41,3,1,2
BRDA:44,3,2,0
BRDA:44,3,3,0
BRDA:46,3,4,11
BRDA:49,3,5,9
BRDA:49,3,6,1
BRDA:54,3,7,10
BRDA:76,4,0,2
BRDA:81,4,1,4
BRDA:94,5,0,1
BRDA:96,5,1,2
BRDA:108,6,0,1
BRDA:110,6,1,3
BRDA:122,7,0,1
BRDA:124,7,1,5
BRDA:126,7,2,0
BRDA:128,7,3,5
BRDA:132,7,4,1
BRDA:132,7,5,4
BRDA:150,8,0,2
BRDA:153,8,1,1
BRDA:163,8,2,0
BRDA:170,8,3,4
BRDA:172,8,4,3
BRDA:180,8,5,2
BRDA:182,8,6,1
BRDA:189,8,7,2
BRDA:189,8,8,1
BRDA:195,8,9,0
BRDA:198,8,10,0
BRDA:208,8,11,6
BRDA:212,8,12,1
BRDA:214,8,13,5
BRDA:214,8,14,3
BRF:40
BRH:33
DA:5,10
DA:16,10
DA:17,13
DA:18,13
DA:23,10
DA:24,0
DA:27,17
DA:28,17
DA:30,17
DA:31,17
DA:36,10
DA:37,23
DA:38,23
DA:41,23
DA:42,25
DA:43,25
DA:44,0
DA:45,25
DA:46,25
DA:49,23
DA:50,24
DA:51,24
DA:52,24
DA:53,24
DA:54,24
DA:57,33
DA:58,33
DA:59,33
DA:60,33
DA:63,33
DA:65,33
DA:66,23
DA:71,10
DA:72,16
DA:73,16
DA:76,16
DA:77,18
DA:78,18
DA:79,18
DA:80,18
DA:81,18
DA:84,20
DA:85,20
DA:86,20
DA:87,20
DA:88,16
DA:93,10
DA:94,13
DA:95,14
DA:96,14
DA:98,15
DA:99,15
DA:100,15
DA:101,15
DA:102,13
DA:107,10
DA:108,14
DA:109,15
DA:110,15
DA:112,17
DA:113,17
DA:114,17
DA:115,17
DA:116,14
DA:121,10
DA:122,16
DA:123,68
DA:124,17
DA:126,0
DA:127,0
DA:128,0
DA:130,21
DA:131,21
DA:132,16
DA:133,16
DA:136,16
DA:138,16
DA:139,16
DA:144,10
DA:145,25
DA:148,25
DA:149,25
DA:150,25
DA:151,27
DA:152,27
DA:153,27
DA:154,28
DA:155,28
DA:156,28
DA:157,28
DA:158,27
DA:161,25
DA:162,25
DA:163,0
DA:164,0
DA:165,0
DA:168,25
DA:169,25
DA:170,25
DA:171,29
DA:172,29
DA:173,32
DA:174,32
DA:175,29
DA:178,25
DA:179,25
DA:180,25
DA:181,27
DA:182,27
DA:183,28
DA:184,28
DA:185,27
DA:189,25
DA:190,26
DA:191,26
DA:192,26
DA:193,26
DA:194,26
DA:195,0
DA:196,0
DA:197,0
DA:198,0
DA:199,0
DA:200,0
DA:201,0
DA:202,0
DA:203,0
DA:204,26
DA:205,26
DA:208,25
DA:209,31
DA:210,31
DA:211,31
DA:212,31
DA:213,32
DA:214,31
DA:215,39
DA:216,39
DA:217,31
DA:218,31
DA:220,25
DA:221,25
DA:226,10
DA:227,21
DA:228,21
DA:229,21
DA:230,21
DA:231,21
DA:232,21
DA:233,21
DA:234,21
DA:235,21
DA:241,10
DA:242,32
DA:244,10
DA:245,12
DA:246,12
DA:247,12
DA:249,10
DA:250,11
DA:251,11
DA:252,11
DA:254,0
DA:255,0
DA:256,0
DA:257,0
DA:259,0
DA:260,0
DA:261,0
DA:262,0
DA:264,0
DA:265,0
DA:266,0
DA:267,0
DA:269,10
DA:270,11
DA:271,11
DA:272,10
DA:274,10
DA:275,11
DA:276,11
LH:152
LF:181
end_of_record
SF:/Users/seanknowles/Projects/tellimer/open-source/packages/econify/src/api/index.ts
FNF:0
FNH:0
BRF:0
BRH:0
DA:10,9
DA:11,9
DA:12,9
DA:13,9
DA:14,9
DA:20,9
LH:6
LF:6
end_of_record
SF:/Users/seanknowles/Projects/tellimer/open-source/packages/econify/src/api/pipeline_api.ts
FN:56,processEconomicData
FN:199,processEconomicDataAuto
FN:294,validateEconomicData
FNDA:46,processEconomicData
FNDA:2,processEconomicDataAuto
FNDA:4,validateEconomicData
FNF:3
FNH:3
BRDA:107,4,0,0
BRDA:108,4,1,9
BRDA:108,4,2,9
BRDA:114,4,3,11
BRDA:115,4,4,1
BRDA:118,4,5,0
BRDA:126,4,6,102
BRDA:126,4,7,6
BRDA:138,4,8,44
BRDA:140,4,9,0
BRDA:147,4,10,1
BRDA:148,4,11,1
BRDA:158,4,12,2
BRDA:163,4,13,0
BRDA:163,4,14,0
BRDA:175,4,15,0
BRDA:177,4,16,0
BRDA:182,4,17,0
BRDA:128,6,0,1
BRDA:160,8,0,0
BRDA:223,13,0,2
BRDA:223,13,1,2
BRDA:225,13,2,1
BRDA:228,13,3,0
BRDA:230,13,4,0
BRDA:237,13,5,0
BRDA:254,13,6,2
BRDA:258,13,7,0
BRDA:263,13,8,0
BRDA:270,13,9,0
BRDA:298,15,0,0
BRDA:309,15,1,1
BRDA:325,15,2,1
BRDA:330,15,3,1
BRDA:322,18,0,7
BRF:35
BRH:19
DA:5,9
DA:6,9
DA:56,9
DA:57,9
DA:58,9
DA:60,55
DA:62,55
DA:63,101
DA:64,101
DA:65,101
DA:66,101
DA:67,101
DA:68,101
DA:71,0
DA:72,0
DA:73,0
DA:74,0
DA:76,101
DA:77,101
DA:79,101
DA:81,514
DA:82,514
DA:84,514
DA:85,514
DA:86,514
DA:87,514
DA:88,514
DA:89,514
DA:90,514
DA:91,514
DA:92,514
DA:93,514
DA:94,514
DA:95,514
DA:96,514
DA:99,514
DA:100,514
DA:101,514
DA:102,514
DA:103,514
DA:104,514
DA:105,514
DA:107,0
DA:108,514
DA:109,523
DA:110,523
DA:111,514
DA:114,514
DA:115,525
DA:116,0
DA:117,0
DA:118,0
DA:119,0
DA:121,526
DA:122,1586
DA:123,525
DA:126,514
DA:127,520
DA:128,526
DA:129,527
DA:131,527
DA:132,527
DA:133,527
DA:134,520
DA:135,520
DA:138,514
DA:139,558
DA:140,0
DA:141,558
DA:142,558
DA:144,558
DA:145,558
DA:146,558
DA:147,558
DA:148,558
DA:149,558
DA:150,558
DA:151,558
DA:152,558
DA:153,558
DA:154,558
DA:155,558
DA:158,514
DA:159,0
DA:160,0
DA:163,0
DA:164,0
DA:165,0
DA:167,516
DA:168,516
DA:169,0
DA:170,0
DA:172,516
DA:173,516
DA:174,516
DA:175,0
DA:176,516
DA:177,0
DA:178,516
DA:179,516
DA:180,516
DA:181,516
DA:182,0
DA:183,516
DA:184,101
DA:186,101
DA:187,303
DA:188,55
DA:189,55
DA:199,9
DA:200,9
DA:201,9
DA:203,11
DA:204,13
DA:205,13
DA:206,13
DA:207,13
DA:208,13
DA:209,13
DA:210,13
DA:213,0
DA:214,0
DA:215,0
DA:216,0
DA:218,13
DA:219,13
DA:221,13
DA:223,33
DA:224,35
DA:225,35
DA:226,0
DA:227,0
DA:228,0
DA:229,0
DA:230,0
DA:231,0
DA:233,36
DA:234,107
DA:235,35
DA:237,0
DA:238,0
DA:239,0
DA:240,0
DA:241,0
DA:242,0
DA:243,0
DA:244,0
DA:245,0
DA:246,0
DA:247,0
DA:248,0
DA:249,0
DA:250,0
DA:251,0
DA:252,0
DA:254,33
DA:255,35
DA:256,35
DA:257,35
DA:258,0
DA:259,35
DA:260,35
DA:261,35
DA:262,35
DA:263,0
DA:264,35
DA:265,35
DA:266,35
DA:267,35
DA:268,35
DA:270,0
DA:271,0
DA:272,0
DA:274,0
DA:275,0
DA:276,0
DA:277,0
DA:278,0
DA:279,13
DA:281,13
DA:282,39
DA:283,11
DA:284,11
DA:294,9
DA:295,9
DA:296,9
DA:298,0
DA:299,0
DA:300,0
DA:301,0
DA:302,0
DA:303,0
DA:304,0
DA:306,13
DA:309,13
DA:310,14
DA:311,14
DA:313,14
DA:314,14
DA:315,14
DA:316,14
DA:319,13
DA:320,13
DA:321,13
DA:322,13
DA:323,13
DA:325,13
DA:326,14
DA:327,14
DA:329,13
DA:330,13
DA:331,14
DA:332,14
DA:335,13
DA:337,13
DA:338,13
DA:339,13
DA:340,13
DA:341,13
DA:342,13
LH:157
LF:220
end_of_record
SF:/Users/seanknowles/Projects/tellimer/open-source/packages/econify/src/batch/batch.ts
FN:16,normalizeScale
FN:38,normalizeTimeScale
FN:75,normalizeCurrency
FN:144,processBatch
FN:235,validateBatch
FN:268,processInParallel
FN:307,processSequentially
FN:339,processItem
FN:430,handleItemError
FN:472,titleCase
FN:476,buildNormalizedUnit
FN:502,chunkArray
FN:516,createBatchProcessor
FN:530,process
FN:534,processWithRetry
FN:581,streamProcess
FNDA:477,normalizeScale
FNDA:477,normalizeTimeScale
FNDA:477,normalizeCurrency
FNDA:186,processBatch
FNDA:11,validateBatch
FNDA:180,processInParallel
FNDA:4,processSequentially
FNDA:479,processItem
FNDA:7,handleItemError
FNDA:0,titleCase
FNDA:439,buildNormalizedUnit
FNDA:180,chunkArray
FNDA:2,createBatchProcessor
FNDA:0,process
FNDA:2,processWithRetry
FNDA:2,streamProcess
FNF:16
FNH:14
BRDA:17,1,0,6
BRDA:17,1,1,471
BRDA:17,1,2,22
BRDA:17,1,3,6
BRDA:20,1,4,0
BRDA:22,1,5,0
BRDA:24,1,6,2
BRDA:26,1,7,4
BRDA:28,1,8,0
BRDA:30,1,9,0
BRDA:39,2,0,13
BRDA:39,2,1,464
BRDA:39,2,2,277
BRDA:39,2,3,13
BRDA:42,2,4,1
BRDA:44,2,5,3
BRDA:46,2,6,9
BRDA:48,2,7,0
BRDA:50,2,8,0
BRDA:52,2,9,0
BRDA:55,2,10,0
BRDA:57,2,11,0
BRDA:59,2,12,0
BRDA:61,2,13,0
BRDA:63,2,14,0
BRDA:65,2,15,0
BRDA:67,2,16,0
BRDA:76,3,0,7
BRDA:76,3,1,470
BRDA:76,3,2,7
BRDA:175,4,0,11
BRDA:179,4,1,3
BRDA:180,4,2,2
BRDA:184,4,3,1
BRDA:187,4,4,0
BRDA:192,4,5,1
BRDA:194,4,6,184
BRDA:201,4,7,180
BRDA:209,4,8,4
BRDA:216,4,9,184
BRDA:225,4,10,100
BRDA:226,4,11,84
BRDA:253,7,0,28
BRDA:254,7,1,0
BRDA:254,7,2,0
BRDA:278,10,0,124
BRDA:285,12,0,466
BRDA:290,12,1,259
BRDA:292,12,2,2
BRDA:292,12,3,0
BRDA:297,12,4,0
BRDA:313,13,0,7
BRDA:318,13,1,0
BRDA:330,13,2,2
BRDA:349,14,0,466
BRDA:351,14,1,2
BRDA:354,14,2,477
BRDA:358,14,3,470
BRDA:360,14,4,471
BRDA:361,14,5,464
BRDA:365,14,6,117
BRDA:366,14,7,38
BRDA:384,14,8,16
BRDA:387,14,9,452
BRDA:387,14,10,13
BRDA:388,14,11,0
BRDA:389,14,12,0
BRDA:390,14,13,439
BRDA:397,14,14,468
BRDA:401,14,15,259
BRDA:415,14,16,81
BRDA:415,14,17,0
BRDA:419,14,18,468
BRDA:422,14,19,9
BRDA:436,15,0,0
BRDA:439,15,1,0
BRDA:442,15,2,0
BRDA:458,15,3,0
BRDA:484,17,0,38
BRDA:484,17,1,423
BRDA:486,17,2,0
BRDA:486,17,3,0
BRDA:487,17,4,206
BRDA:490,17,5,423
BRDA:491,17,6,405
BRDA:494,17,7,243
BRDA:494,17,8,242
BRDA:494,17,9,1
BRDA:496,17,10,15
BRDA:504,18,0,124
BRDA:538,21,0,4
BRDA:543,21,1,2
BRDA:546,21,2,0
BRDA:548,21,3,2
BRDA:551,21,4,1
BRDA:561,21,5,2
BRDA:564,21,6,1
BRDA:571,21,7,3
BRDA:573,21,8,0
BRDA:585,24,0,4
BRDA:588,24,1,2
BRDA:595,24,2,2
BRDA:596,24,3,1
BRDA:602,24,4,1
BRF:104
BRH:73
DA:5,12
DA:6,12
DA:7,12
DA:8,12
DA:9,12
DA:10,12
DA:16,12
DA:17,489
DA:18,517
DA:19,517
DA:20,0
DA:21,0
DA:22,0
DA:23,0
DA:24,489
DA:25,491
DA:26,489
DA:27,493
DA:28,0
DA:29,0
DA:30,0
DA:31,0
DA:32,489
DA:33,489
DA:38,12
DA:39,489
DA:40,779
DA:41,779
DA:42,766
DA:43,767
DA:44,489
DA:45,492
DA:46,489
DA:47,498
DA:48,0
DA:49,0
DA:50,0
DA:51,0
DA:52,0
DA:53,0
DA:55,0
DA:56,0
DA:57,0
DA:58,0
DA:59,0
DA:60,0
DA:61,0
DA:62,0
DA:63,0
DA:64,0
DA:65,0
DA:66,0
DA:67,0
DA:68,0
DA:69,489
DA:70,489
DA:75,12
DA:76,489
DA:77,496
DA:78,489
DA:144,12
DA:145,12
DA:146,12
DA:148,198
DA:149,198
DA:150,198
DA:151,198
DA:152,198
DA:153,198
DA:154,198
DA:155,198
DA:156,198
DA:158,198
DA:159,198
DA:160,198
DA:161,198
DA:162,198
DA:163,198
DA:164,198
DA:165,198
DA:166,198
DA:167,198
DA:168,198
DA:169,198
DA:170,198
DA:171,198
DA:172,198
DA:175,198
DA:176,209
DA:177,209
DA:179,209
DA:180,212
DA:181,214
DA:182,214
DA:184,214
DA:187,0
DA:188,0
DA:189,0
DA:190,0
DA:191,0
DA:192,0
DA:193,213
DA:194,209
DA:197,0
DA:198,0
DA:201,198
DA:202,378
DA:203,378
DA:204,378
DA:205,378
DA:206,378
DA:207,378
DA:209,198
DA:210,202
DA:211,202
DA:212,202
DA:213,202
DA:214,202
DA:216,202
DA:219,382
DA:220,382
DA:221,382
DA:222,382
DA:223,382
DA:224,382
DA:225,198
DA:226,198
DA:227,198
DA:229,198
DA:230,198
DA:235,12
DA:236,12
DA:237,12
DA:239,23
DA:240,45
DA:241,45
DA:242,45
DA:243,23
DA:245,23
DA:246,23
DA:247,23
DA:248,23
DA:249,23
DA:252,23
DA:253,23
DA:254,0
DA:255,0
DA:256,0
DA:257,0
DA:258,0
DA:259,0
DA:260,51
DA:262,92
DA:263,23
DA:268,12
DA:269,12
DA:270,12
DA:271,12
DA:272,12
DA:273,12
DA:275,192
DA:276,192
DA:278,192
DA:279,316
DA:280,316
DA:282,316
DA:283,784
DA:285,784
DA:286,1250
DA:287,1250
DA:288,1250
DA:289,1250
DA:290,4268
DA:291,1250
DA:292,0
DA:293,0
DA:294,0
DA:296,784
DA:297,0
DA:298,0
DA:299,0
DA:300,316
DA:301,316
DA:302,192
DA:307,12
DA:308,12
DA:309,12
DA:310,12
DA:311,12
DA:313,16
DA:314,23
DA:316,23
DA:317,23
DA:318,0
DA:319,0
DA:320,0
DA:321,0
DA:322,0
DA:323,0
DA:324,0
DA:325,0
DA:326,23
DA:327,23
DA:328,23
DA:330,23
DA:331,25
DA:332,25
DA:333,23
DA:334,16
DA:339,12
DA:340,12
DA:341,12
DA:343,491
DA:345,491
DA:348,491
DA:349,491
DA:350,491
DA:351,491
DA:353,493
DA:354,493
DA:358,491
DA:359,491
DA:360,491
DA:361,491
DA:362,491
DA:365,491
DA:366,491
DA:369,491
DA:370,491
DA:371,491
DA:372,491
DA:373,491
DA:375,491
DA:376,491
DA:377,491
DA:378,491
DA:379,491
DA:382,491
DA:383,491
DA:384,491
DA:386,507
DA:387,491
DA:388,0
DA:389,0
DA:390,943
DA:391,1382
DA:392,1382
DA:393,1382
DA:394,1382
DA:395,1382
DA:397,1382
DA:400,959
DA:401,491
DA:402,750
DA:403,750
DA:404,750
DA:405,750
DA:406,750
DA:408,750
DA:409,750
DA:410,750
DA:411,750
DA:412,750
DA:415,0
DA:416,0
DA:417,0
DA:418,0
DA:419,750
DA:421,4795
DA:422,491
DA:423,500
DA:424,500
DA:425,491
DA:430,12
DA:431,12
DA:432,12
DA:433,12
DA:434,12
DA:436,0
DA:438,19
DA:439,0
DA:440,0
DA:442,0
DA:443,0
DA:444,0
DA:445,0
DA:446,0
DA:447,0
DA:448,0
DA:449,0
DA:450,0
DA:451,0
DA:452,0
DA:453,0
DA:454,0
DA:455,0
DA:456,0
DA:458,0
DA:459,19
DA:460,19
DA:461,19
DA:462,19
DA:463,19
DA:464,19
DA:465,19
DA:466,19
DA:467,19
DA:472,0
DA:473,0
DA:474,0
DA:476,451
DA:477,451
DA:478,451
DA:479,451
DA:480,451
DA:482,451
DA:484,451
DA:486,0
DA:487,451
DA:489,451
DA:490,451
DA:491,451
DA:493,451
DA:494,451
DA:496,451
DA:497,451
DA:502,12
DA:503,192
DA:504,192
DA:505,316
DA:506,316
DA:507,192
DA:508,192
DA:516,12
DA:517,12
DA:529,14
DA:530,0
DA:531,0
DA:532,0
DA:534,14
DA:535,16
DA:536,16
DA:538,16
DA:539,20
DA:540,20
DA:541,20
DA:542,20
DA:543,20
DA:546,0
DA:547,0
DA:548,0
DA:551,20
DA:552,21
DA:553,21
DA:554,21
DA:555,21
DA:556,21
DA:558,21
DA:559,21
DA:560,21
DA:561,20
DA:562,22
DA:564,22
DA:566,23
DA:567,23
DA:569,23
DA:570,22
DA:571,20
DA:573,0
DA:574,16
DA:575,14
DA:576,14
DA:581,12
DA:582,12
DA:583,12
DA:585,14
DA:586,18
DA:587,18
DA:588,18
DA:589,20
DA:590,20
DA:591,20
DA:592,20
DA:593,20
DA:594,20
DA:595,18
DA:596,20
DA:597,21
DA:598,21
DA:600,21
DA:601,21
DA:602,18
DA:603,14
LH:301
LF:393
end_of_record
SF:/Users/seanknowles/Projects/tellimer/open-source/packages/econify/src/cache/cache.ts
FN:13,<instance_members_initializer>
FN:16,SmartCache
FN:25,get
FN:37,set
FN:50,clear
FN:58,withCache
FNDA:8,<instance_members_initializer>
FNDA:8,SmartCache
FNDA:27,get
FNDA:17,set
FNDA:1,clear
FNDA:3,withCache
FNF:6
FNH:6
BRDA:27,3,0,8
BRDA:27,3,1,19
BRDA:29,3,2,2
BRDA:32,3,3,17
BRDA:38,4,0,0
BRDA:38,4,1,1
BRDA:46,4,2,0
BRDA:63,6,0,2
BRDA:69,8,0,3
BRDA:71,8,1,5
BRF:10
BRH:8
DA:12,10
DA:13,10
DA:14,10
DA:16,10
DA:17,18
DA:18,18
DA:19,18
DA:20,18
DA:21,18
DA:22,18
DA:23,18
DA:25,10
DA:26,37
DA:27,37
DA:29,37
DA:30,39
DA:31,39
DA:32,39
DA:34,54
DA:35,37
DA:37,10
DA:38,0
DA:40,28
DA:41,28
DA:42,28
DA:44,27
DA:45,27
DA:46,0
DA:47,27
DA:48,27
DA:50,10
DA:51,11
DA:52,11
DA:53,10
DA:58,10
DA:59,10
DA:60,10
DA:62,13
DA:63,13
DA:65,13
DA:66,21
DA:67,21
DA:69,21
DA:70,24
DA:71,24
DA:73,26
DA:74,26
DA:75,26
DA:76,13
DA:77,13
LH:48
LF:50
end_of_record
SF:/Users/seanknowles/Projects/tellimer/open-source/packages/econify/src/classification/classification.ts
FN:22,normalizeText
FN:31,escapeRegExp
FN:35,compileWordBoundaryRegex
FN:45,anyMatch
FN:49,detectCurrencyInText
FN:66,classifyIndicator
FN:115,isStock
FN:120,isFlow
FN:125,isRate
FN:130,isCurrency
FNDA:132,normalizeText
FNDA:693,escapeRegExp
FNDA:55,compileWordBoundaryRegex
FNDA:165,anyMatch
FNDA:33,detectCurrencyInText
FNDA:33,classifyIndicator
FNDA:2,isStock
FNDA:2,isFlow
FNDA:1,isRate
FNDA:1,isCurrency
FNF:10
FNH:10
BRDA:23,1,0,74
BRDA:50,7,0,458
BRDA:51,7,1,18
BRDA:52,7,2,15
BRDA:53,7,3,253
BRDA:54,7,4,295
BRDA:54,7,5,12
BRDA:54,7,6,241
BRDA:55,7,7,3
BRDA:67,8,0,7
BRDA:67,8,1,26
BRDA:75,8,2,6
BRDA:77,8,3,7
BRDA:79,8,4,30
BRDA:82,8,5,10
BRDA:84,8,6,10
BRDA:86,8,7,13
BRDA:88,8,8,5
BRDA:92,8,9,27
BRDA:92,8,10,13
BRDA:94,8,11,6
BRDA:94,8,12,7
BRDA:95,8,13,20
BRDA:95,8,14,10
BRDA:95,8,15,10
BRDA:97,8,16,7
BRDA:97,8,17,7
BRDA:97,8,18,3
BRDA:103,8,19,28
BRDA:104,8,20,5
BRDA:106,8,21,5
BRF:31
BRH:31
DA:10,11
DA:11,11
DA:12,11
DA:13,11
DA:14,11
DA:15,11
DA:16,11
DA:17,11
DA:18,11
DA:19,11
DA:22,143
DA:23,143
DA:24,143
DA:25,143
DA:26,143
DA:27,143
DA:28,143
DA:29,143
DA:31,704
DA:32,704
DA:33,704
DA:35,66
DA:36,66
DA:37,66
DA:39,33
DA:40,33
DA:41,33
DA:42,33
DA:43,33
DA:45,176
DA:46,176
DA:47,176
DA:49,44
DA:50,44
DA:51,502
DA:52,502
DA:53,44
DA:54,297
DA:55,538
DA:56,47
DA:57,44
DA:66,11
DA:67,139
DA:68,264
DA:69,44
DA:70,44
DA:71,44
DA:72,44
DA:74,44
DA:75,44
DA:76,44
DA:77,44
DA:78,44
DA:79,44
DA:81,44
DA:82,44
DA:83,44
DA:84,44
DA:85,44
DA:86,44
DA:87,44
DA:88,44
DA:90,44
DA:91,44
DA:92,44
DA:93,57
DA:94,57
DA:95,44
DA:96,74
DA:97,74
DA:98,74
DA:99,74
DA:100,74
DA:101,74
DA:103,44
DA:104,44
DA:105,44
DA:106,44
DA:107,49
DA:108,49
DA:109,49
DA:111,264
DA:112,44
DA:115,11
DA:116,13
DA:117,13
DA:120,11
DA:121,13
DA:122,13
DA:125,11
DA:126,12
DA:127,12
DA:130,11
DA:131,12
DA:132,12
LH:95
LF:95
end_of_record
SF:/Users/seanknowles/Projects/tellimer/open-source/packages/econify/src/count/count-normalization.ts
FN:37,isCountIndicator
FN:64,isCountUnit
FN:98,normalizeCountData
FN:145,detectCountData
FNDA:1744,isCountIndicator
FNDA:1698,isCountUnit
FNDA:1,normalizeCountData
FNDA:2,detectCountData
FNF:4
FNH:4
BRDA:41,1,0,168
BRDA:41,1,1,0
BRDA:43,1,2,168
BRDA:43,1,3,0
BRDA:65,3,0,0
BRDA:72,3,1,1697
BRDA:73,3,2,1696
BRDA:74,3,3,1696
BRDA:76,3,4,2
BRDA:78,3,5,1696
BRDA:81,3,6,99
BRDA:81,3,7,1597
BRDA:83,3,8,1602
BRDA:83,3,9,99
BRDA:88,3,10,1596
BRDA:88,3,11,2
BRDA:90,3,12,97
BRDA:109,4,0,2
BRDA:132,4,1,0
BRDA:148,5,0,0
BRDA:152,6,0,2
BRDA:152,6,1,0
BRF:22
BRH:16
DA:6,16
DA:7,16
DA:37,16
DA:38,16
DA:39,16
DA:41,0
DA:43,0
DA:46,1760
DA:47,1760
DA:48,1760
DA:49,1760
DA:50,1760
DA:51,1760
DA:52,1760
DA:53,1760
DA:54,1760
DA:55,1760
DA:56,1760
DA:58,1760
DA:59,1760
DA:64,16
DA:65,0
DA:67,1714
DA:68,1714
DA:71,1714
DA:72,1714
DA:73,1714
DA:74,1714
DA:75,1714
DA:76,1714
DA:77,1716
DA:78,1716
DA:81,1714
DA:82,3311
DA:83,3311
DA:86,3415
DA:87,3415
DA:88,3316
DA:89,4914
DA:90,4914
DA:92,5009
DA:93,1714
DA:98,16
DA:99,16
DA:100,16
DA:102,17
DA:103,17
DA:104,17
DA:105,17
DA:107,17
DA:109,17
DA:110,19
DA:112,19
DA:113,19
DA:114,19
DA:115,19
DA:116,19
DA:117,19
DA:118,19
DA:119,19
DA:120,19
DA:123,19
DA:124,19
DA:125,19
DA:126,19
DA:127,19
DA:129,19
DA:132,0
DA:133,0
DA:134,0
DA:136,19
DA:137,19
DA:139,17
DA:140,17
DA:145,16
DA:146,16
DA:148,0
DA:151,0
DA:152,0
DA:154,18
LH:71
LF:80
end_of_record
SF:/Users/seanknowles/Projects/tellimer/open-source/packages/econify/src/currency/currency.ts
FN:18,normalizeCurrencyValue
FNDA:249,normalizeCurrencyValue
FNF:1
FNH:1
BRDA:27,1,0,2
BRDA:27,1,1,247
BRDA:29,1,2,24
BRDA:29,1,3,223
BRDA:30,1,4,213
BRDA:32,1,5,1
BRDA:32,1,6,212
BRDA:34,1,7,10
BRDA:36,1,8,240
BRDA:36,1,9,236
BRDA:37,1,10,207
BRDA:37,1,11,179
BRDA:37,1,12,29
BRDA:39,1,13,1
BRDA:41,1,14,28
BRF:15
BRH:15
DA:18,16
DA:19,16
DA:20,16
DA:21,16
DA:22,16
DA:24,265
DA:25,265
DA:26,265
DA:27,265
DA:28,512
DA:29,265
DA:30,488
DA:31,701
DA:32,701
DA:33,913
DA:34,488
DA:35,498
DA:36,498
DA:37,505
DA:38,473
DA:39,444
DA:40,445
DA:41,445
DA:42,472
DA:43,265
LH:25
LF:25
end_of_record
SF:/Users/seanknowles/Projects/tellimer/open-source/packages/econify/src/custom/custom_units.ts
FN:27,registerCustomUnit
FN:45,registerCustomUnits
FN:54,getCustomUnit
FN:61,parseWithCustomUnits
FN:81,convertCustomUnit
FN:191,loadDomainUnits
FNDA:278,registerCustomUnit
FNDA:97,registerCustomUnits
FNDA:14,getCustomUnit
FNDA:1886,parseWithCustomUnits
FNDA:3,convertCustomUnit
FNDA:96,loadDomainUnits
FNF:6
FNH:6
BRDA:31,1,0,2
BRDA:32,1,1,276
BRDA:46,2,0,271
BRDA:66,4,0,105767
BRDA:67,4,1,81
BRDA:74,4,2,1805
BRDA:89,5,0,1
BRDA:89,5,1,1
BRDA:89,5,2,1
BRDA:91,5,3,2
BRDA:93,5,4,1
BRDA:93,5,5,1
BRDA:93,5,6,1
BRF:13
BRH:13
DA:21,14
DA:22,14
DA:27,14
DA:28,292
DA:31,292
DA:32,292
DA:33,292
DA:35,292
DA:36,292
DA:37,292
DA:38,292
DA:39,292
DA:40,292
DA:45,14
DA:46,111
DA:47,382
DA:48,382
DA:49,111
DA:54,14
DA:55,28
DA:56,28
DA:61,14
DA:66,1900
DA:67,107667
DA:68,107748
DA:69,107748
DA:70,107748
DA:71,107748
DA:72,107748
DA:73,107748
DA:74,107667
DA:75,3705
DA:76,1900
DA:81,14
DA:82,14
DA:83,14
DA:84,14
DA:86,17
DA:87,17
DA:89,17
DA:90,18
DA:91,18
DA:93,17
DA:94,18
DA:95,18
DA:97,18
DA:98,17
DA:104,14
DA:105,14
DA:106,14
DA:107,14
DA:108,14
DA:109,14
DA:110,56
DA:111,14
DA:112,14
DA:113,14
DA:114,14
DA:115,14
DA:116,14
DA:117,14
DA:119,14
DA:120,14
DA:121,14
DA:122,14
DA:123,14
DA:124,14
DA:125,14
DA:126,14
DA:127,14
DA:128,14
DA:129,14
DA:130,14
DA:131,14
DA:132,14
DA:133,14
DA:134,56
DA:135,14
DA:136,14
DA:138,14
DA:139,14
DA:140,14
DA:141,14
DA:142,14
DA:143,14
DA:144,14
DA:145,14
DA:146,14
DA:147,14
DA:148,14
DA:149,14
DA:151,14
DA:152,14
DA:153,14
DA:154,14
DA:155,14
DA:156,14
DA:157,14
DA:158,14
DA:159,14
DA:160,14
DA:161,14
DA:162,14
DA:163,14
DA:164,14
DA:165,14
DA:166,14
DA:167,14
DA:169,14
DA:170,14
DA:171,14
DA:172,14
DA:173,14
DA:174,14
DA:175,14
DA:176,14
DA:177,14
DA:178,14
DA:179,14
DA:180,14
DA:181,14
DA:182,14
DA:183,14
DA:184,14
DA:185,14
DA:186,14
DA:191,14
DA:192,110
DA:193,110
DA:194,110
DA:195,110
DA:196,110
LH:132
LF:132
end_of_record
SF:/Users/seanknowles/Projects/tellimer/open-source/packages/econify/src/exemptions/exemptions.ts
FN:28,shouldExemptFromNormalization
FN:73,filterExemptions
FN:98,createExemptionSummary
FNDA:1090,shouldExemptFromNormalization
FNDA:127,filterExemptions
FNDA:1,createExemptionSummary
FNF:3
FNH:3
BRDA:32,1,0,1060
BRDA:34,1,1,31
BRDA:34,1,2,30
BRDA:39,1,3,17
BRDA:39,1,4,535
BRDA:39,1,5,17
BRDA:41,1,6,5
BRDA:44,1,7,29
BRDA:44,1,8,25
BRDA:47,1,9,19
BRDA:47,1,10,535
BRDA:47,1,11,11
BRDA:48,1,12,5
BRDA:51,1,13,29
BRDA:51,1,14,20
BRDA:54,1,15,17
BRDA:54,1,16,535
BRDA:54,1,17,17
BRDA:56,1,18,19
BRDA:57,1,19,7
BRDA:60,1,20,10
BRDA:61,1,21,13
BRDA:80,2,0,1074
BRDA:81,2,1,7
BRDA:83,2,2,1067
BRDA:112,3,0,3
BRDA:116,3,1,0
BRDA:132,3,2,0
BRF:28
BRH:26
DA:28,11
DA:29,11
DA:30,11
DA:32,1101
DA:33,2161
DA:34,2161
DA:36,1162
DA:39,1101
DA:40,1653
DA:41,1653
DA:42,1658
DA:43,1658
DA:44,1653
DA:47,1101
DA:48,1647
DA:49,1652
DA:50,1652
DA:51,1647
DA:54,1101
DA:55,1653
DA:56,1653
DA:57,1672
DA:58,1679
DA:59,1679
DA:60,1672
DA:61,1663
DA:63,1649
DA:64,1101
DA:73,11
DA:74,11
DA:75,11
DA:77,138
DA:78,138
DA:80,138
DA:81,1212
DA:82,1219
DA:83,1212
DA:84,2279
DA:85,2279
DA:86,1212
DA:88,552
DA:89,138
DA:98,11
DA:99,11
DA:100,11
DA:107,12
DA:108,12
DA:109,12
DA:112,12
DA:113,15
DA:114,15
DA:115,15
DA:116,0
DA:117,0
DA:118,0
DA:119,0
DA:120,0
DA:122,15
DA:123,15
DA:124,15
DA:125,15
DA:126,15
DA:127,15
DA:128,15
DA:130,12
DA:131,12
DA:132,0
DA:133,12
DA:134,12
DA:135,12
DA:136,12
LH:65
LF:71
end_of_record
SF:/Users/seanknowles/Projects/tellimer/open-source/packages/econify/src/fx/fx-validation.ts
FN:45,validateFXRates
FN:110,suggestFXRateCorrection
FN:146,validateAndCorrectFXRates
FNDA:6,validateFXRates
FNDA:4,suggestFXRateCorrection
FNDA:2,validateAndCorrectFXRates
FNF:3
FNH:3
BRDA:53,1,0,15
BRDA:56,1,1,2
BRDA:58,1,2,0
BRDA:60,1,3,1
BRDA:62,1,4,0
BRDA:66,1,5,13
BRDA:69,1,6,1
BRDA:71,1,7,12
BRDA:71,1,8,4
BRDA:79,1,9,0
BRDA:84,1,10,8
BRDA:84,1,11,0
BRDA:115,2,0,0
BRDA:120,2,1,2
BRDA:126,2,2,0
BRDA:130,2,3,0
BRDA:137,2,4,2
BRDA:159,3,0,1
BRDA:159,3,1,1
BRDA:180,3,2,1
BRF:20
BRH:13
DA:11,10
DA:13,40
DA:14,40
DA:15,40
DA:16,40
DA:17,40
DA:18,40
DA:21,40
DA:22,40
DA:23,40
DA:24,40
DA:27,40
DA:28,40
DA:29,40
DA:30,40
DA:33,40
DA:34,40
DA:35,40
DA:38,40
DA:39,40
DA:40,10
DA:45,10
DA:50,16
DA:51,16
DA:53,16
DA:54,31
DA:56,31
DA:58,0
DA:59,0
DA:60,0
DA:61,34
DA:62,0
DA:63,0
DA:64,0
DA:65,33
DA:66,33
DA:69,31
DA:70,32
DA:71,31
DA:72,47
DA:73,47
DA:74,47
DA:75,47
DA:76,47
DA:77,47
DA:79,0
DA:80,0
DA:81,0
DA:83,0
DA:84,0
DA:85,0
DA:86,0
DA:87,0
DA:88,0
DA:89,0
DA:90,0
DA:92,0
DA:93,0
DA:94,0
DA:96,0
DA:97,0
DA:98,31
DA:100,16
DA:101,16
DA:102,16
DA:103,16
DA:104,16
DA:105,16
DA:110,10
DA:111,10
DA:112,10
DA:114,14
DA:115,0
DA:117,14
DA:120,14
DA:121,80
DA:122,16
DA:123,16
DA:124,16
DA:125,16
DA:126,16
DA:127,0
DA:130,0
DA:131,0
DA:132,0
DA:133,0
DA:134,0
DA:135,0
DA:136,0
DA:137,0
DA:140,16
DA:141,14
DA:146,10
DA:147,10
DA:148,10
DA:154,12
DA:155,12
DA:157,12
DA:159,12
DA:160,13
DA:161,13
DA:162,13
DA:163,13
DA:164,13
DA:165,13
DA:167,39
DA:170,12
DA:171,12
DA:172,12
DA:173,12
DA:174,12
DA:175,12
DA:176,12
DA:177,12
DA:178,12
DA:179,12
DA:180,12
DA:182,13
DA:183,13
DA:184,13
DA:185,13
DA:186,13
DA:187,52
DA:188,13
DA:189,13
DA:190,12
LH:94
LF:126
end_of_record
SF:/Users/seanknowles/Projects/tellimer/open-source/packages/econify/src/fx/live_fx.ts
FN:42,isRecord
FN:46,isRates
FN:50,isECBResponse
FN:61,isExchangeRateAPIResponse
FN:93,fetchLiveFXRates
FN:146,fetchFromSource
FN:193,parseSourceResponse
FN:250,getCachedRates
FN:261,setCachedRates
FN:271,clearExpiredCache
FN:283,getAvailableCurrencies
FNDA:12,isRecord
FNDA:6,isRates
FNDA:6,isECBResponse
FNDA:0,isExchangeRateAPIResponse
FNDA:6,fetchLiveFXRates
FNDA:6,fetchFromSource
FNDA:6,parseSourceResponse
FNDA:0,getCachedRates
FNDA:0,setCachedRates
FNDA:0,clearExpiredCache
FNDA:0,getAvailableCurrencies
FNF:11
FNH:6
BRDA:107,6,0,0
BRDA:123,6,1,0
BRDA:123,6,2,0
BRDA:128,6,3,0
BRDA:132,6,4,0
BRDA:162,8,0,0
BRDA:167,8,1,0
BRDA:175,8,2,0
BRDA:185,8,3,0
BRDA:199,11,0,0
BRDA:208,11,1,0
BRDA:220,11,2,0
BRF:12
BRH:0
DA:42,10
DA:43,22
DA:44,22
DA:46,16
DA:47,16
DA:48,16
DA:50,16
DA:51,16
DA:53,16
DA:54,16
DA:55,16
DA:56,16
DA:57,16
DA:59,16
DA:61,0
DA:62,0
DA:64,0
DA:65,0
DA:66,0
DA:67,0
DA:69,0
DA:72,10
DA:73,10
DA:74,10
DA:75,10
DA:76,10
DA:77,10
DA:78,10
DA:79,10
DA:80,10
DA:81,10
DA:82,10
DA:83,10
DA:84,10
DA:85,10
DA:88,10
DA:93,10
DA:94,10
DA:95,10
DA:97,16
DA:98,16
DA:99,16
DA:100,16
DA:101,16
DA:102,16
DA:103,16
DA:104,16
DA:107,0
DA:108,0
DA:109,0
DA:110,0
DA:111,0
DA:112,0
DA:115,48
DA:118,16
DA:119,16
DA:120,16
DA:123,0
DA:124,0
DA:125,0
DA:127,64
DA:128,0
DA:129,0
DA:130,0
DA:131,0
DA:132,16
DA:135,0
DA:136,0
DA:137,0
DA:138,0
DA:140,0
DA:141,16
DA:146,10
DA:147,10
DA:148,10
DA:149,10
DA:150,10
DA:152,16
DA:154,16
DA:155,16
DA:156,16
DA:157,0
DA:159,16
DA:160,16
DA:161,16
DA:162,0
DA:163,16
DA:165,16
DA:167,0
DA:168,0
DA:169,0
DA:171,16
DA:174,16
DA:175,0
DA:176,0
DA:179,0
DA:180,0
DA:181,0
DA:183,0
DA:184,0
DA:185,16
DA:187,0
DA:188,16
DA:193,10
DA:194,10
DA:195,10
DA:197,16
DA:198,32
DA:199,0
DA:200,16
DA:201,16
DA:202,16
DA:203,16
DA:204,16
DA:205,16
DA:206,16
DA:208,0
DA:209,0
DA:210,0
DA:211,0
DA:212,0
DA:213,0
DA:214,0
DA:215,0
DA:216,0
DA:217,0
DA:218,0
DA:220,0
DA:221,0
DA:223,0
DA:224,0
DA:225,0
DA:226,0
DA:228,0
DA:229,0
DA:230,0
DA:231,0
DA:233,0
DA:234,0
DA:236,0
DA:238,0
DA:239,0
DA:240,0
DA:242,0
DA:243,0
DA:244,16
DA:245,16
DA:250,0
DA:251,0
DA:252,0
DA:253,0
DA:254,0
DA:255,0
DA:256,0
DA:261,0
DA:262,0
DA:263,0
DA:264,0
DA:265,0
DA:266,0
DA:271,0
DA:272,0
DA:273,0
DA:274,0
DA:275,0
DA:276,0
DA:277,0
DA:278,0
DA:283,0
DA:284,0
DA:286,0
DA:287,0
DA:288,0
LH:79
LF:173
end_of_record
SF:/Users/seanknowles/Projects/tellimer/open-source/packages/econify/src/historical/historical.ts
FN:34,normalizeHistorical
FN:67,getHistoricalFXRates
FN:97,fetchHistoricalFromAPI
FN:119,normalizeTimeSeries
FN:145,buildNormalizedUnit
FN:169,calculateChanges
FN:205,resampleTimeSeries
FN:245,groupByPeriod
FN:265,getPeriodKey
FN:290,getWeekNumber
FNDA:0,normalizeHistorical
FNDA:0,getHistoricalFXRates
FNDA:0,fetchHistoricalFromAPI
FNDA:0,normalizeTimeSeries
FNDA:0,buildNormalizedUnit
FNDA:0,calculateChanges
FNDA:0,resampleTimeSeries
FNDA:0,groupByPeriod
FNDA:0,getPeriodKey
FNDA:0,getWeekNumber
FNF:10
FNH:0
BRF:0
BRH:0
DA:6,9
DA:7,9
DA:29,9
DA:34,0
DA:35,0
DA:36,0
DA:37,0
DA:39,0
DA:40,0
DA:41,0
DA:42,0
DA:43,0
DA:44,0
DA:45,0
DA:46,0
DA:48,0
DA:49,0
DA:50,0
DA:53,0
DA:56,0
DA:57,0
DA:58,0
DA:59,0
DA:60,0
DA:61,0
DA:62,0
DA:67,0
DA:68,0
DA:69,0
DA:72,0
DA:73,0
DA:74,0
DA:76,0
DA:78,0
DA:79,0
DA:82,0
DA:83,0
DA:84,0
DA:85,0
DA:86,0
DA:87,0
DA:88,0
DA:90,0
DA:91,0
DA:92,0
DA:97,0
DA:98,0
DA:100,0
DA:101,0
DA:102,0
DA:103,0
DA:104,0
DA:106,0
DA:107,0
DA:108,0
DA:109,0
DA:110,0
DA:111,0
DA:112,0
DA:113,0
DA:114,0
DA:119,0
DA:120,0
DA:121,0
DA:123,0
DA:125,0
DA:126,0
DA:127,0
DA:128,0
DA:129,0
DA:132,0
DA:133,0
DA:134,0
DA:135,0
DA:136,0
DA:137,0
DA:139,0
DA:140,0
DA:145,0
DA:146,0
DA:147,0
DA:149,0
DA:151,0
DA:152,0
DA:153,0
DA:155,0
DA:156,0
DA:157,0
DA:159,0
DA:160,0
DA:161,0
DA:163,0
DA:164,0
DA:169,0
DA:170,0
DA:171,0
DA:173,0
DA:174,0
DA:175,0
DA:177,0
DA:178,0
DA:179,0
DA:180,0
DA:182,0
DA:183,0
DA:185,0
DA:186,0
DA:187,0
DA:188,0
DA:189,0
DA:190,0
DA:191,0
DA:192,0
DA:193,0
DA:194,0
DA:195,0
DA:196,0
DA:198,0
DA:199,0
DA:200,0
DA:205,0
DA:206,0
DA:207,0
DA:208,0
DA:210,0
DA:211,0
DA:213,0
DA:214,0
DA:215,0
DA:217,0
DA:218,0
DA:219,0
DA:220,0
DA:221,0
DA:222,0
DA:223,0
DA:224,0
DA:225,0
DA:226,0
DA:227,0
DA:228,0
DA:229,0
DA:230,0
DA:232,0
DA:233,0
DA:234,0
DA:235,0
DA:236,0
DA:237,0
DA:239,0
DA:240,0
DA:245,0
DA:246,0
DA:247,0
DA:249,0
DA:251,0
DA:252,0
DA:253,0
DA:254,0
DA:255,0
DA:256,0
DA:257,0
DA:259,0
DA:260,0
DA:265,0
DA:266,0
DA:267,0
DA:268,0
DA:269,0
DA:271,0
DA:272,0
DA:273,0
DA:274,0
DA:275,0
DA:276,0
DA:277,0
DA:278,0
DA:279,0
DA:280,0
DA:281,0
DA:282,0
DA:283,0
DA:284,0
DA:285,0
DA:290,0
DA:291,0
DA:292,0
DA:294,0
DA:295,0
DA:296,0
DA:297,0
DA:298,0
LH:3
LF:192
end_of_record
SF:/Users/seanknowles/Projects/tellimer/open-source/packages/econify/src/inference/inference.ts
FN:74,inferUnit
FN:195,extractNumber
FN:203,extractExplicitUnit
FN:225,inferFromIndicatorName
FN:264,inferFromCompany
FN:298,inferFromDocumentContext
FN:334,inferFromMagnitude
FN:368,inferFromHistory
FN:394,validateInferredUnit
FNDA:14,inferUnit
FNDA:0,extractNumber
FNDA:2,extractExplicitUnit
FNDA:3,inferFromIndicatorName
FNDA:0,inferFromCompany
FNDA:0,inferFromDocumentContext
FNDA:14,inferFromMagnitude
FNDA:0,inferFromHistory
FNDA:6,validateInferredUnit
FNF:9
FNH:5
BRDA:86,1,0,0
BRDA:89,1,1,2
BRDA:91,1,2,0
BRDA:102,1,3,3
BRDA:104,1,4,2
BRDA:115,1,5,0
BRDA:128,1,6,0
BRDA:128,1,7,0
BRDA:157,1,8,0
BRDA:157,1,9,0
BRDA:172,1,10,0
BRDA:212,5,0,8
BRDA:214,5,1,0
BRDA:230,6,0,1
BRDA:231,6,1,1
BRDA:233,6,2,2
BRDA:235,6,3,1
BRDA:238,6,4,0
BRDA:240,6,5,1
BRDA:243,6,6,0
BRDA:245,6,7,1
BRDA:249,6,8,0
BRDA:256,6,9,1
BRDA:341,9,0,8
BRDA:341,9,1,6
BRDA:341,9,2,0
BRDA:347,9,3,2
BRDA:349,9,4,12
BRDA:349,9,5,2
BRDA:351,9,6,10
BRDA:351,9,7,2
BRDA:353,9,8,8
BRDA:355,9,9,0
BRDA:360,9,10,0
BRDA:360,9,11,3
BRDA:402,11,0,2
BRDA:402,11,1,0
BRDA:407,11,2,1
BRDA:407,11,3,0
BRDA:411,11,4,0
BRDA:411,11,5,0
BRF:41
BRH:22
DA:5,10
DA:6,10
DA:41,10
DA:42,10
DA:43,10
DA:44,10
DA:45,10
DA:46,10
DA:47,10
DA:48,10
DA:49,10
DA:50,10
DA:51,10
DA:52,50
DA:53,50
DA:54,10
DA:55,10
DA:56,10
DA:57,10
DA:58,10
DA:60,10
DA:63,10
DA:64,40
DA:65,40
DA:66,40
DA:67,40
DA:68,40
DA:69,10
DA:74,10
DA:75,10
DA:76,10
DA:78,24
DA:79,24
DA:83,24
DA:86,0
DA:89,24
DA:90,26
DA:91,0
DA:92,0
DA:93,0
DA:94,0
DA:95,0
DA:96,0
DA:97,0
DA:98,0
DA:99,26
DA:102,24
DA:103,27
DA:104,27
DA:105,29
DA:106,29
DA:107,29
DA:108,29
DA:109,29
DA:110,29
DA:111,29
DA:112,27
DA:115,0
DA:116,0
DA:117,0
DA:118,0
DA:119,0
DA:120,0
DA:121,0
DA:122,0
DA:123,0
DA:124,0
DA:125,0
DA:128,0
DA:129,0
DA:130,0
DA:131,0
DA:133,0
DA:134,0
DA:135,0
DA:136,0
DA:137,0
DA:138,0
DA:139,0
DA:140,0
DA:141,0
DA:144,24
DA:145,24
DA:146,24
DA:147,24
DA:148,24
DA:149,24
DA:150,24
DA:151,24
DA:152,24
DA:153,24
DA:154,24
DA:157,0
DA:158,0
DA:159,0
DA:160,0
DA:161,0
DA:162,0
DA:163,0
DA:164,0
DA:165,0
DA:166,0
DA:167,0
DA:170,24
DA:172,0
DA:173,0
DA:174,0
DA:175,0
DA:176,0
DA:177,0
DA:178,0
DA:181,24
DA:182,24
DA:183,24
DA:184,24
DA:185,24
DA:186,26
DA:187,26
DA:188,24
DA:189,24
DA:190,24
DA:195,0
DA:196,0
DA:197,0
DA:198,0
DA:203,10
DA:205,12
DA:206,12
DA:207,12
DA:208,12
DA:209,12
DA:210,12
DA:212,12
DA:213,20
DA:214,0
DA:215,0
DA:216,0
DA:217,20
DA:219,12
DA:220,12
DA:225,10
DA:226,13
DA:229,13
DA:230,13
DA:231,13
DA:232,13
DA:233,13
DA:234,15
DA:235,15
DA:238,0
DA:239,0
DA:240,0
DA:243,0
DA:244,0
DA:245,0
DA:248,14
DA:249,0
DA:251,0
DA:252,0
DA:253,0
DA:254,0
DA:255,0
DA:256,0
DA:258,14
DA:259,13
DA:264,0
DA:265,0
DA:266,0
DA:268,0
DA:270,0
DA:273,0
DA:274,0
DA:275,0
DA:276,0
DA:277,0
DA:278,0
DA:279,0
DA:282,0
DA:283,0
DA:284,0
DA:285,0
DA:286,0
DA:287,0
DA:288,0
DA:289,0
DA:290,0
DA:292,0
DA:293,0
DA:298,0
DA:299,0
DA:300,0
DA:303,0
DA:304,0
DA:305,0
DA:306,0
DA:307,0
DA:308,0
DA:311,0
DA:312,0
DA:313,0
DA:314,0
DA:315,0
DA:316,0
DA:319,0
DA:320,0
DA:321,0
DA:324,0
DA:325,0
DA:326,0
DA:328,0
DA:329,0
DA:334,10
DA:335,10
DA:336,10
DA:338,24
DA:341,0
DA:342,0
DA:343,0
DA:346,24
DA:347,24
DA:348,26
DA:349,24
DA:350,38
DA:351,36
DA:352,48
DA:353,46
DA:354,54
DA:355,0
DA:356,0
DA:357,0
DA:360,0
DA:362,24
DA:363,24
DA:368,0
DA:369,0
DA:371,0
DA:374,0
DA:375,0
DA:376,0
DA:377,0
DA:379,0
DA:380,0
DA:381,0
DA:382,0
DA:383,0
DA:384,0
DA:385,0
DA:386,0
DA:388,0
DA:389,0
DA:394,10
DA:395,10
DA:396,10
DA:398,16
DA:399,16
DA:402,0
DA:403,0
DA:404,0
DA:407,0
DA:408,0
DA:409,0
DA:411,0
DA:412,0
DA:413,0
DA:415,16
DA:416,16
DA:417,16
DA:418,16
DA:419,16
LH:119
LF:269
end_of_record
SF:/Users/seanknowles/Projects/tellimer/open-source/packages/econify/src/inflation/inflation.ts
FN:89,adjustForInflation
FN:114,adjustWithCPI
FN:140,inferCountry
FN:154,getInflationRate
FN:186,nominalToReal
FN:198,realToNominal
FN:210,realGrowthRate
FN:221,adjustTimeSeriesForInflation
FN:235,adjustForPPP
FN:259,getAvailableCountries
FN:266,getAvailableYears
FNDA:0,adjustForInflation
FNDA:0,adjustWithCPI
FNDA:0,inferCountry
FNDA:0,getInflationRate
FNDA:0,nominalToReal
FNDA:0,realToNominal
FNDA:0,realGrowthRate
FNDA:0,adjustTimeSeriesForInflation
FNDA:0,adjustForPPP
FNDA:0,getAvailableCountries
FNDA:0,getAvailableYears
FNF:11
FNH:0
BRF:0
BRH:0
DA:5,9
DA:26,9
DA:27,9
DA:28,9
DA:29,9
DA:30,9
DA:31,9
DA:32,9
DA:33,9
DA:34,9
DA:35,9
DA:36,9
DA:37,9
DA:38,9
DA:39,9
DA:40,9
DA:41,9
DA:42,9
DA:43,9
DA:44,9
DA:45,9
DA:46,9
DA:47,9
DA:48,9
DA:49,9
DA:50,9
DA:51,9
DA:52,9
DA:53,9
DA:54,9
DA:55,9
DA:56,9
DA:57,9
DA:58,9
DA:59,9
DA:60,9
DA:61,9
DA:62,9
DA:63,9
DA:64,9
DA:65,9
DA:66,9
DA:67,9
DA:68,9
DA:69,9
DA:70,9
DA:71,9
DA:72,9
DA:73,9
DA:74,9
DA:75,9
DA:78,9
DA:79,9
DA:80,9
DA:81,9
DA:82,9
DA:84,9
DA:89,0
DA:90,0
DA:91,0
DA:93,0
DA:94,0
DA:95,0
DA:96,0
DA:97,0
DA:98,0
DA:100,0
DA:101,0
DA:102,0
DA:104,0
DA:105,0
DA:106,0
DA:108,0
DA:109,0
DA:114,0
DA:115,0
DA:116,0
DA:117,0
DA:118,0
DA:120,0
DA:122,0
DA:123,0
DA:124,0
DA:126,0
DA:127,0
DA:129,0
DA:130,0
DA:131,0
DA:134,0
DA:135,0
DA:140,0
DA:141,0
DA:143,0
DA:144,0
DA:145,0
DA:146,0
DA:148,0
DA:149,0
DA:154,0
DA:155,0
DA:156,0
DA:157,0
DA:158,0
DA:160,0
DA:162,0
DA:163,0
DA:164,0
DA:166,0
DA:167,0
DA:169,0
DA:170,0
DA:171,0
DA:173,0
DA:175,0
DA:176,0
DA:177,0
DA:178,0
DA:180,0
DA:181,0
DA:186,0
DA:187,0
DA:188,0
DA:189,0
DA:190,0
DA:192,0
DA:193,0
DA:198,0
DA:199,0
DA:200,0
DA:201,0
DA:202,0
DA:204,0
DA:205,0
DA:210,0
DA:211,0
DA:212,0
DA:215,0
DA:216,0
DA:221,0
DA:222,0
DA:223,0
DA:224,0
DA:226,0
DA:227,0
DA:228,0
DA:229,0
DA:230,0
DA:235,0
DA:236,0
DA:237,0
DA:238,0
DA:239,0
DA:242,0
DA:243,0
DA:245,0
DA:246,0
DA:247,0
DA:249,0
DA:253,0
DA:254,0
DA:259,0
DA:260,0
DA:261,0
DA:266,0
DA:267,0
DA:268,0
DA:269,0
DA:270,0
DA:271,0
DA:272,0
LH:57
LF:170
end_of_record
SF:/Users/seanknowles/Projects/tellimer/open-source/packages/econify/src/io/io.ts
FN:37,exportTo
FN:56,exportToCSV
FN:84,exportToJSON
FN:106,exportToExcel
FN:119,importFrom
FN:150,getContent
FN:175,detectFormat
FN:188,importFromCSV
FN:217,parseCSVLine
FN:247,parseValue
FN:265,importFromJSON
FN:280,isObjectWithArray
FN:287,postProcessData
FNDA:0,exportTo
FNDA:0,exportToCSV
FNDA:0,exportToJSON
FNDA:0,exportToExcel
FNDA:0,importFrom
FNDA:0,getContent
FNDA:0,detectFormat
FNDA:0,importFromCSV
FNDA:0,parseCSVLine
FNDA:0,parseValue
FNDA:0,importFromJSON
FNDA:0,isObjectWithArray
FNDA:0,postProcessData
FNF:13
FNH:0
BRF:0
BRH:0
DA:5,9
DA:6,9
DA:37,0
DA:38,0
DA:39,0
DA:41,0
DA:42,0
DA:43,0
DA:44,0
DA:45,0
DA:46,0
DA:47,0
DA:48,0
DA:49,0
DA:50,0
DA:51,0
DA:56,0
DA:57,0
DA:59,0
DA:60,0
DA:62,0
DA:63,0
DA:64,0
DA:65,0
DA:67,0
DA:68,0
DA:69,0
DA:70,0
DA:71,0
DA:72,0
DA:73,0
DA:74,0
DA:75,0
DA:76,0
DA:78,0
DA:79,0
DA:84,0
DA:85,0
DA:86,0
DA:87,0
DA:88,0
DA:89,0
DA:90,0
DA:91,0
DA:92,0
DA:93,0
DA:94,0
DA:95,0
DA:96,0
DA:98,0
DA:100,0
DA:101,0
DA:106,0
DA:109,0
DA:110,0
DA:119,0
DA:120,0
DA:121,0
DA:123,0
DA:124,0
DA:126,0
DA:128,0
DA:129,0
DA:130,0
DA:131,0
DA:132,0
DA:133,0
DA:134,0
DA:135,0
DA:136,0
DA:137,0
DA:140,0
DA:141,0
DA:142,0
DA:144,0
DA:145,0
DA:150,0
DA:151,0
DA:153,0
DA:154,0
DA:155,0
DA:156,0
DA:158,0
DA:159,0
DA:161,0
DA:162,0
DA:163,0
DA:165,0
DA:166,0
DA:167,0
DA:169,0
DA:170,0
DA:175,0
DA:176,0
DA:178,0
DA:179,0
DA:180,0
DA:182,0
DA:183,0
DA:188,0
DA:189,0
DA:190,0
DA:192,0
DA:193,0
DA:195,0
DA:196,0
DA:197,0
DA:199,0
DA:201,0
DA:202,0
DA:203,0
DA:205,0
DA:206,0
DA:207,0
DA:208,0
DA:210,0
DA:211,0
DA:212,0
DA:217,0
DA:218,0
DA:219,0
DA:220,0
DA:222,0
DA:223,0
DA:225,0
DA:226,0
DA:227,0
DA:228,0
DA:229,0
DA:230,0
DA:231,0
DA:232,0
DA:233,0
DA:234,0
DA:235,0
DA:236,0
DA:237,0
DA:238,0
DA:240,0
DA:241,0
DA:242,0
DA:247,0
DA:248,0
DA:251,0
DA:252,0
DA:255,0
DA:256,0
DA:259,0
DA:260,0
DA:265,0
DA:266,0
DA:268,0
DA:269,0
DA:270,0
DA:271,0
DA:273,0
DA:274,0
DA:275,0
DA:277,0
DA:278,0
DA:280,0
DA:281,0
DA:282,0
DA:287,0
DA:288,0
DA:289,0
DA:291,0
DA:292,0
DA:295,0
DA:296,0
DA:297,0
DA:298,0
DA:299,0
DA:300,0
DA:301,0
DA:304,0
DA:305,0
DA:306,0
DA:307,0
DA:308,0
DA:309,0
DA:310,0
DA:311,0
DA:313,0
DA:314,0
DA:315,0
LH:2
LF:186
end_of_record
SF:/Users/seanknowles/Projects/tellimer/open-source/packages/econify/src/main.ts
FNF:0
FNH:0
BRF:0
BRH:0
DA:34,9
DA:35,9
DA:36,9
DA:37,9
DA:38,9
DA:39,9
DA:40,9
DA:41,9
DA:42,9
DA:43,9
DA:44,9
DA:45,9
DA:46,9
DA:47,9
DA:50,9
DA:51,9
DA:52,9
DA:53,9
DA:54,9
DA:55,9
DA:56,9
DA:59,9
DA:62,9
DA:63,9
DA:64,9
DA:65,9
DA:66,9
DA:67,9
DA:68,9
DA:69,9
DA:70,9
DA:71,9
DA:74,9
DA:75,9
DA:76,9
DA:77,9
DA:78,9
DA:79,9
DA:82,9
DA:83,9
DA:84,9
DA:85,9
DA:86,9
DA:87,9
DA:88,9
DA:89,9
DA:90,9
DA:91,9
DA:92,9
DA:94,9
DA:95,9
DA:96,9
DA:99,9
DA:102,9
DA:103,9
DA:104,9
DA:107,9
DA:109,9
DA:112,9
DA:113,9
DA:114,9
DA:117,9
DA:118,9
DA:119,9
DA:120,9
DA:123,9
DA:124,9
DA:125,9
DA:126,9
DA:127,9
DA:128,9
DA:129,9
DA:131,9
DA:132,9
DA:133,9
DA:134,9
DA:137,9
DA:141,9
DA:142,9
DA:143,9
DA:146,9
DA:147,9
DA:154,9
DA:157,9
DA:162,9
DA:163,9
DA:164,9
DA:165,9
DA:168,9
DA:169,9
DA:171,9
DA:172,9
DA:173,9
DA:174,9
DA:175,9
DA:176,9
DA:177,9
DA:180,9
DA:181,9
DA:184,9
DA:185,9
DA:188,9
DA:191,9
DA:192,9
DA:193,9
DA:194,9
DA:195,9
DA:196,9
DA:197,9
DA:198,9
DA:200,9
DA:203,9
DA:206,9
DA:208,9
DA:210,9
DA:213,9
DA:214,9
DA:215,9
DA:217,9
DA:220,9
DA:223,9
DA:224,9
DA:225,9
DA:226,9
DA:236,9
DA:239,9
DA:240,9
DA:241,9
DA:242,9
DA:244,9
DA:247,9
DA:248,9
DA:250,9
DA:251,9
DA:252,9
DA:255,9
DA:256,9
DA:257,9
DA:258,9
DA:259,9
LH:140
LF:140
end_of_record
SF:/Users/seanknowles/Projects/tellimer/open-source/packages/econify/src/normalization/auto_targets.ts
FN:44,resolveKey
FN:52,isMonetary
FN:58,inc
FN:63,topWithShare
FN:82,applyTieBreaker
FN:108,computeAutoTargets
FNDA:4641,resolveKey
FNDA:4647,isMonetary
FNDA:13896,inc
FNDA:624,topWithShare
FNDA:210,applyTieBreaker
FNDA:62,computeAutoTargets
FNF:6
FNH:6
BRDA:48,1,0,4639
BRDA:48,1,1,1
BRDA:48,1,2,2
BRDA:53,2,0,2
BRDA:53,2,1,4645
BRDA:54,2,2,0
BRDA:55,2,3,4417
BRDA:59,3,0,222
BRDA:59,3,1,13788
BRDA:59,3,2,13674
BRDA:60,3,3,701
BRDA:70,4,0,701
BRDA:72,4,1,526
BRDA:78,4,2,482
BRDA:78,4,3,142
BRDA:86,5,0,3
BRDA:87,5,1,21
BRDA:88,5,2,1
BRDA:91,5,3,0
BRDA:94,5,4,189
BRDA:95,5,5,17
BRDA:96,5,6,0
BRDA:97,5,7,0
BRDA:99,5,8,172
BRDA:100,5,9,139
BRDA:101,5,10,172
BRDA:101,5,11,0
BRDA:113,6,0,52
BRDA:115,6,1,45
BRDA:125,6,2,4647
BRDA:126,6,3,6
BRDA:126,6,4,4641
BRDA:128,6,5,1
BRDA:128,6,6,4640
BRDA:130,6,7,17
BRDA:130,6,8,6
BRDA:130,6,9,4634
BRDA:132,6,10,13
BRDA:132,6,11,2
BRDA:132,6,12,4646
BRDA:132,6,13,4632
BRDA:134,6,14,208
BRDA:138,6,15,2
BRDA:138,6,16,4630
BRDA:140,6,17,2
BRDA:141,6,18,4630
BRDA:142,6,19,8
BRDA:145,6,20,225
BRDA:146,6,21,3
BRDA:146,6,22,222
BRDA:148,6,23,0
BRDA:149,6,24,0
BRDA:150,6,25,222
BRDA:157,6,26,208
BRDA:171,6,27,624
BRDA:174,6,28,482
BRDA:175,6,29,701
BRDA:185,6,30,187
BRDA:186,6,31,21
BRDA:187,6,32,0
BRDA:189,6,33,187
BRDA:189,6,34,198
BRDA:189,6,35,187
BRDA:191,6,36,21
BRDA:192,6,37,1
BRDA:194,6,38,0
BRDA:201,6,39,191
BRDA:202,6,40,17
BRDA:205,6,41,191
BRDA:205,6,42,198
BRDA:205,6,43,191
BRDA:207,6,44,17
BRDA:208,6,45,0
BRDA:210,6,46,0
BRDA:217,6,47,66
BRDA:217,6,48,36
BRDA:218,6,49,172
BRDA:221,6,50,66
BRDA:221,6,51,36
BRDA:221,6,52,197
BRDA:221,6,53,36
BRDA:223,6,54,172
BRDA:224,6,55,169
BRDA:224,6,56,139
BRDA:226,6,57,0
BRF:85
BRH:73
DA:7,11
DA:8,11
DA:44,4652
DA:45,4652
DA:46,4652
DA:48,4652
DA:49,4654
DA:50,4652
DA:52,4658
DA:53,4658
DA:54,0
DA:55,4658
DA:56,4658
DA:58,13907
DA:59,13907
DA:60,13907
DA:61,13907
DA:63,635
DA:64,635
DA:65,635
DA:67,635
DA:68,635
DA:69,635
DA:70,635
DA:71,1336
DA:72,1336
DA:73,1862
DA:74,1862
DA:75,1862
DA:76,1336
DA:77,635
DA:78,635
DA:79,3175
DA:80,635
DA:82,221
DA:83,221
DA:84,221
DA:86,221
DA:87,221
DA:88,242
DA:89,242
DA:90,242
DA:91,242
DA:92,0
DA:93,0
DA:94,0
DA:95,221
DA:96,0
DA:97,238
DA:98,0
DA:99,0
DA:100,221
DA:101,221
DA:102,0
DA:103,221
DA:108,11
DA:109,11
DA:110,11
DA:112,73
DA:113,521
DA:115,73
DA:118,73
DA:125,73
DA:126,4720
DA:127,9361
DA:128,4720
DA:130,4720
DA:132,4720
DA:134,9366
DA:135,52382
DA:138,4720
DA:139,4720
DA:140,4720
DA:141,4720
DA:142,4720
DA:144,4720
DA:145,4720
DA:146,4720
DA:148,0
DA:149,0
DA:150,4720
DA:151,4720
DA:152,4720
DA:153,4720
DA:155,73
DA:157,73
DA:158,281
DA:159,281
DA:160,281
DA:161,281
DA:162,281
DA:164,281
DA:165,281
DA:166,281
DA:167,281
DA:168,281
DA:171,281
DA:172,905
DA:173,905
DA:174,905
DA:175,1387
DA:176,1387
DA:177,905
DA:179,843
DA:181,281
DA:183,281
DA:184,281
DA:185,0
DA:186,0
DA:187,0
DA:188,281
DA:189,281
DA:190,666
DA:191,479
DA:192,500
DA:193,500
DA:194,0
DA:195,0
DA:196,0
DA:197,281
DA:199,281
DA:200,281
DA:201,281
DA:202,281
DA:203,281
DA:204,281
DA:205,281
DA:206,670
DA:207,479
DA:208,0
DA:209,496
DA:210,0
DA:211,0
DA:212,0
DA:213,281
DA:215,281
DA:216,281
DA:217,281
DA:218,281
DA:219,281
DA:220,281
DA:221,281
DA:222,514
DA:223,478
DA:224,650
DA:225,650
DA:226,0
DA:227,0
DA:228,0
DA:229,281
DA:231,281
DA:233,281
DA:234,281
DA:236,73
DA:237,73
LH:132
LF:155
end_of_record
SF:/Users/seanknowles/Projects/tellimer/open-source/packages/econify/src/normalization/explain.ts
FN:16,buildExplainMetadata
FN:567,buildOriginalUnitString
FN:584,buildNormalizedUnitString
FN:609,buildFullUnitString
FN:632,enhanceExplainWithFXSource
FNDA:331,buildExplainMetadata
FNDA:296,buildOriginalUnitString
FNDA:298,buildNormalizedUnitString
FNDA:595,buildFullUnitString
FNDA:75,enhanceExplainWithFXSource
FNF:5
FNH:5
BRDA:37,1,0,80
BRDA:38,1,1,105
BRDA:40,1,2,85
BRDA:44,1,3,287
BRDA:44,1,4,285
BRDA:44,1,5,257
BRDA:46,1,6,125
BRDA:48,1,7,120
BRDA:54,1,8,1
BRDA:62,1,9,71
BRDA:63,1,10,46
BRDA:64,1,11,91
BRDA:68,1,12,24
BRDA:69,1,13,67
BRDA:83,1,14,74
BRDA:88,1,15,240
BRDA:93,1,16,257
BRDA:93,1,17,246
BRDA:95,1,18,105
BRDA:99,1,19,99
BRDA:100,1,20,6
BRDA:105,1,21,103
BRDA:105,1,22,99
BRDA:111,1,23,6
BRDA:127,1,24,226
BRDA:127,1,25,172
BRDA:129,1,26,31
BRDA:134,1,27,141
BRDA:135,1,28,31
BRDA:142,1,29,279
BRDA:151,1,30,43
BRDA:156,1,31,43
BRDA:158,1,32,35
BRDA:161,1,33,0
BRDA:167,1,34,2
BRDA:168,1,35,33
BRDA:169,1,36,2
BRDA:172,1,37,7
BRDA:172,1,38,5
BRDA:173,1,39,30
BRDA:175,1,40,4
BRDA:175,1,41,2
BRDA:176,1,42,33
BRDA:178,1,43,7
BRDA:178,1,44,5
BRDA:179,1,45,30
BRDA:183,1,46,2
BRDA:183,1,47,2
BRDA:185,1,48,0
BRDA:191,1,49,0
BRDA:195,1,50,296
BRDA:202,1,51,5
BRDA:211,1,52,43
BRDA:214,1,53,5
BRDA:216,1,54,3
BRDA:220,1,55,1
BRDA:222,1,56,0
BRDA:227,1,57,0
BRDA:229,1,58,0
BRDA:234,1,59,1
BRDA:236,1,60,0
BRDA:246,1,61,0
BRDA:248,1,62,0
BRDA:254,1,63,9
BRDA:256,1,64,9
BRDA:261,1,65,1
BRDA:262,1,66,0
BRDA:268,1,67,0
BRDA:275,1,68,43
BRDA:277,1,69,322
BRDA:282,1,70,43
BRDA:287,1,71,32
BRDA:292,1,72,299
BRDA:292,1,73,9
BRDA:298,1,74,290
BRDA:298,1,75,8
BRDA:302,1,76,282
BRDA:303,1,77,43
BRDA:303,1,78,269
BRDA:305,1,79,13
BRDA:310,1,80,269
BRDA:310,1,81,4
BRDA:316,1,82,265
BRDA:316,1,83,2
BRDA:316,1,84,0
BRDA:321,1,85,265
BRDA:325,1,86,0
BRDA:329,1,87,5
BRDA:331,1,88,260
BRDA:331,1,89,3
BRDA:333,1,90,257
BRDA:337,1,91,0
BRDA:339,1,92,1
BRDA:346,1,93,9
BRDA:350,1,94,5
BRDA:355,1,95,5
BRDA:358,1,96,1
BRDA:362,1,97,75
BRDA:367,1,98,75
BRDA:377,1,99,43
BRDA:378,1,100,11
BRDA:379,1,101,0
BRDA:387,1,102,13
BRDA:389,1,103,9
BRDA:390,1,104,4
BRDA:392,1,105,1
BRDA:393,1,106,12
BRDA:396,1,107,7
BRDA:397,1,108,6
BRDA:399,1,109,8
BRDA:400,1,110,5
BRDA:404,1,111,30
BRDA:407,1,112,5
BRDA:407,1,113,4
BRDA:408,1,114,26
BRDA:410,1,115,1
BRDA:410,1,116,0
BRDA:413,1,117,5
BRDA:413,1,118,4
BRDA:414,1,119,26
BRDA:419,1,120,0
BRDA:421,1,121,0
BRDA:426,1,122,0
BRDA:434,1,123,0
BRDA:443,1,124,8
BRDA:445,1,125,0
BRDA:450,1,126,1
BRDA:452,1,127,0
BRDA:461,1,128,0
BRDA:467,1,129,0
BRDA:481,1,130,279
BRDA:482,1,131,296
BRDA:484,1,132,44
BRDA:486,1,133,43
BRDA:488,1,134,13
BRDA:489,1,135,30
BRDA:491,1,136,0
BRDA:502,1,137,296
BRDA:502,1,138,287
BRDA:503,1,139,0
BRDA:504,1,140,287
BRDA:507,1,141,2
BRDA:507,1,142,0
BRDA:511,1,143,0
BRDA:518,1,144,74
BRDA:518,1,145,288
BRDA:520,1,146,31
BRDA:526,1,147,2
BRDA:526,1,148,0
BRDA:528,1,149,0
BRDA:536,1,150,91
BRDA:536,1,151,91
BRDA:541,1,152,120
BRDA:548,1,153,277
BRDA:548,1,154,103
BRDA:550,1,155,0
BRDA:553,1,156,214
BRDA:556,1,157,0
BRDA:571,2,0,9
BRDA:571,2,1,287
BRDA:574,2,2,251
BRDA:576,2,3,287
BRDA:591,3,0,295
BRDA:595,3,1,253
BRDA:599,3,2,271
BRDA:603,3,3,296
BRDA:603,3,4,2
BRDA:614,4,0,12
BRDA:614,4,1,583
BRDA:618,4,2,504
BRDA:620,4,3,583
BRDA:622,4,4,520
BRDA:624,4,5,583
BRDA:638,5,0,74
BRDA:648,5,1,1
BRF:175
BRH:143
DA:5,13
DA:6,13
DA:7,13
DA:9,13
DA:10,13
DA:11,13
DA:16,13
DA:17,13
DA:18,13
DA:19,13
DA:20,13
DA:31,13
DA:33,344
DA:34,344
DA:37,344
DA:38,344
DA:40,344
DA:43,344
DA:44,344
DA:45,344
DA:46,344
DA:47,469
DA:48,469
DA:49,589
DA:50,589
DA:51,589
DA:52,589
DA:54,589
DA:55,589
DA:56,589
DA:57,589
DA:58,589
DA:59,469
DA:62,344
DA:63,344
DA:64,344
DA:67,435
DA:68,435
DA:69,435
DA:70,435
DA:71,435
DA:73,435
DA:74,435
DA:75,435
DA:76,435
DA:77,435
DA:78,435
DA:79,435
DA:80,435
DA:83,344
DA:84,344
DA:85,344
DA:88,344
DA:89,584
DA:90,584
DA:91,584
DA:92,344
DA:93,344
DA:94,344
DA:95,344
DA:98,449
DA:99,449
DA:100,449
DA:101,449
DA:104,449
DA:105,449
DA:106,651
DA:107,651
DA:108,651
DA:109,651
DA:110,651
DA:111,552
DA:112,558
DA:113,558
DA:114,558
DA:115,558
DA:116,558
DA:117,558
DA:119,449
DA:120,449
DA:121,449
DA:122,449
DA:123,449
DA:124,449
DA:125,449
DA:126,449
DA:127,344
DA:128,742
DA:129,742
DA:130,742
DA:131,742
DA:132,742
DA:133,742
DA:134,742
DA:135,742
DA:136,742
DA:137,742
DA:138,742
DA:141,344
DA:142,344
DA:143,344
DA:145,344
DA:146,344
DA:147,344
DA:148,344
DA:151,344
DA:154,344
DA:155,344
DA:156,344
DA:158,344
DA:161,0
DA:162,379
DA:163,379
DA:164,379
DA:165,379
DA:167,379
DA:168,379
DA:169,379
DA:171,379
DA:172,379
DA:173,379
DA:174,379
DA:175,379
DA:176,379
DA:177,379
DA:178,379
DA:179,379
DA:180,379
DA:183,379
DA:184,381
DA:185,0
DA:186,381
DA:187,381
DA:188,381
DA:189,381
DA:190,0
DA:191,0
DA:192,0
DA:193,381
DA:194,381
DA:195,344
DA:197,640
DA:198,640
DA:199,640
DA:201,640
DA:202,640
DA:203,640
DA:204,640
DA:208,640
DA:209,640
DA:210,640
DA:211,640
DA:213,640
DA:214,640
DA:215,640
DA:216,640
DA:217,640
DA:220,640
DA:221,0
DA:222,0
DA:223,0
DA:224,0
DA:226,0
DA:227,0
DA:228,0
DA:229,0
DA:230,0
DA:231,641
DA:234,640
DA:235,0
DA:236,0
DA:237,0
DA:238,0
DA:240,641
DA:241,641
DA:242,641
DA:243,641
DA:245,0
DA:246,0
DA:247,0
DA:248,0
DA:249,0
DA:250,641
DA:251,640
DA:253,344
DA:254,344
DA:255,344
DA:256,344
DA:257,344
DA:258,344
DA:261,344
DA:262,0
DA:263,0
DA:264,0
DA:265,0
DA:266,0
DA:267,0
DA:268,0
DA:269,0
DA:270,0
DA:271,0
DA:272,345
DA:275,344
DA:276,344
DA:277,344
DA:278,344
DA:279,344
DA:282,344
DA:283,344
DA:284,344
DA:285,344
DA:287,344
DA:288,376
DA:289,376
DA:292,344
DA:293,353
DA:294,353
DA:295,353
DA:298,344
DA:299,352
DA:300,352
DA:301,344
DA:302,344
DA:303,344
DA:304,344
DA:305,344
DA:306,357
DA:307,357
DA:310,344
DA:311,348
DA:312,348
DA:316,0
DA:317,0
DA:318,0
DA:321,344
DA:322,0
DA:323,0
DA:324,0
DA:325,0
DA:326,0
DA:327,0
DA:328,0
DA:329,0
DA:330,614
DA:331,609
DA:332,872
DA:333,0
DA:334,0
DA:335,0
DA:337,0
DA:338,0
DA:339,0
DA:340,1127
DA:341,1127
DA:342,609
DA:345,344
DA:346,344
DA:347,344
DA:348,344
DA:350,344
DA:351,349
DA:352,349
DA:354,344
DA:355,344
DA:356,344
DA:357,344
DA:358,344
DA:359,345
DA:360,345
DA:362,344
DA:363,419
DA:364,419
DA:367,344
DA:368,419
DA:369,419
DA:370,419
DA:371,419
DA:372,419
DA:373,419
DA:374,419
DA:375,344
DA:377,344
DA:378,387
DA:379,0
DA:380,387
DA:381,387
DA:382,387
DA:384,387
DA:385,387
DA:387,387
DA:389,400
DA:390,400
DA:391,400
DA:392,400
DA:393,400
DA:394,400
DA:396,400
DA:397,400
DA:398,400
DA:399,400
DA:400,400
DA:401,400
DA:402,400
DA:403,400
DA:404,387
DA:406,417
DA:407,417
DA:408,417
DA:409,417
DA:410,0
DA:411,0
DA:412,0
DA:413,417
DA:414,417
DA:415,417
DA:416,417
DA:418,387
DA:419,0
DA:420,387
DA:421,0
DA:422,387
DA:423,387
DA:426,0
DA:427,0
DA:428,0
DA:431,0
DA:432,0
DA:433,0
DA:434,0
DA:435,0
DA:436,0
DA:437,0
DA:438,0
DA:439,0
DA:442,0
DA:443,0
DA:444,0
DA:445,0
DA:446,0
DA:447,0
DA:450,387
DA:451,388
DA:452,0
DA:453,388
DA:454,388
DA:455,388
DA:456,388
DA:457,388
DA:458,388
DA:459,388
DA:460,0
DA:461,0
DA:462,0
DA:463,388
DA:464,388
DA:467,0
DA:468,0
DA:471,0
DA:472,0
DA:473,0
DA:474,0
DA:475,0
DA:476,388
DA:477,387
DA:480,344
DA:481,344
DA:482,344
DA:483,344
DA:484,344
DA:485,388
DA:486,388
DA:488,0
DA:489,0
DA:490,0
DA:491,0
DA:492,0
DA:493,431
DA:494,388
DA:495,388
DA:496,388
DA:497,388
DA:498,388
DA:500,344
DA:501,0
DA:502,0
DA:503,0
DA:504,0
DA:505,631
DA:506,631
DA:507,0
DA:508,631
DA:509,631
DA:511,0
DA:512,344
DA:513,344
DA:514,344
DA:515,344
DA:516,344
DA:518,344
DA:519,632
DA:520,632
DA:521,632
DA:522,632
DA:523,632
DA:525,0
DA:526,0
DA:527,0
DA:528,0
DA:529,0
DA:530,0
DA:532,344
DA:533,344
DA:534,344
DA:536,344
DA:537,435
DA:538,435
DA:539,435
DA:541,344
DA:542,464
DA:543,464
DA:545,464
DA:546,464
DA:548,344
DA:549,447
DA:550,0
DA:551,447
DA:553,344
DA:554,558
DA:555,558
DA:556,0
DA:557,558
DA:558,558
DA:559,558
DA:561,344
DA:562,344
DA:567,13
DA:568,13
DA:569,13
DA:571,309
DA:573,1788
DA:574,309
DA:575,560
DA:576,560
DA:578,596
DA:579,596
DA:584,13
DA:585,13
DA:586,13
DA:587,13
DA:589,311
DA:591,311
DA:592,606
DA:593,606
DA:595,311
DA:596,564
DA:597,564
DA:599,311
DA:600,582
DA:601,582
DA:603,311
DA:604,311
DA:609,13
DA:610,13
DA:611,13
DA:612,13
DA:614,608
DA:616,3573
DA:618,608
DA:619,1112
DA:620,1112
DA:622,1191
DA:623,1128
DA:624,1128
DA:626,1191
DA:627,1191
DA:632,13
DA:633,13
DA:634,13
DA:635,13
DA:636,13
DA:638,88
DA:639,162
DA:640,162
DA:641,162
DA:642,162
DA:643,162
DA:644,162
DA:645,162
DA:646,162
DA:647,162
DA:648,162
DA:649,89
DA:650,89
LH:389
LF:493
end_of_record
SF:/Users/seanknowles/Projects/tellimer/open-source/packages/econify/src/normalization/normalization.ts
FN:30,normalizeFlowValue
FN:78,normalizeMonetary
FN:120,normalizeMonetaryFlow
FN:169,normalizeValue
FNDA:0,normalizeFlowValue
FNDA:6,normalizeMonetary
FNDA:4,normalizeMonetaryFlow
FNDA:558,normalizeValue
FNF:4
FNH:3
BRDA:91,2,0,4
BRDA:93,2,1,1
BRDA:94,2,2,1
BRDA:96,2,3,5
BRDA:133,3,0,0
BRDA:134,3,1,0
BRDA:135,3,2,1
BRDA:142,3,3,1
BRDA:144,3,4,3
BRDA:189,4,0,127
BRDA:191,4,1,136
BRDA:191,4,2,130
BRDA:194,4,3,260
BRDA:197,4,4,543
BRDA:203,4,5,542
BRDA:204,4,6,542
BRDA:205,4,7,467
BRDA:207,4,8,93
BRDA:212,4,9,326
BRDA:216,4,10,96
BRDA:219,4,11,325
BRDA:220,4,12,292
BRDA:220,4,13,116
BRDA:223,4,14,209
BRDA:223,4,15,33
BRDA:235,4,16,543
BRDA:236,4,17,509
BRDA:237,4,18,487
BRDA:238,4,19,422
BRDA:240,4,20,223
BRDA:247,4,21,549
BRF:31
BRH:29
DA:6,15
DA:7,15
DA:8,15
DA:9,15
DA:10,15
DA:11,15
DA:12,15
DA:13,15
DA:14,15
DA:30,0
DA:31,0
DA:32,0
DA:36,0
DA:38,0
DA:40,0
DA:41,0
DA:42,0
DA:44,0
DA:46,0
DA:49,0
DA:50,0
DA:51,0
DA:52,0
DA:53,0
DA:54,0
DA:55,0
DA:58,0
DA:59,0
DA:60,0
DA:62,0
DA:63,0
DA:78,15
DA:79,15
DA:80,15
DA:88,15
DA:90,21
DA:91,21
DA:92,21
DA:93,21
DA:94,21
DA:95,22
DA:96,22
DA:97,26
DA:98,26
DA:99,26
DA:100,26
DA:102,26
DA:103,26
DA:104,26
DA:105,26
DA:106,26
DA:108,21
DA:120,15
DA:121,15
DA:122,15
DA:130,15
DA:133,0
DA:134,0
DA:135,19
DA:138,19
DA:139,19
DA:140,19
DA:141,19
DA:142,19
DA:143,20
DA:144,20
DA:145,22
DA:146,22
DA:147,22
DA:148,22
DA:150,22
DA:151,22
DA:152,22
DA:153,22
DA:154,22
DA:156,19
DA:169,15
DA:170,15
DA:171,15
DA:172,15
DA:183,15
DA:185,573
DA:186,573
DA:189,573
DA:191,573
DA:192,573
DA:194,573
DA:197,573
DA:198,573
DA:201,573
DA:202,573
DA:203,573
DA:204,573
DA:205,573
DA:206,573
DA:207,573
DA:208,666
DA:209,666
DA:212,573
DA:214,899
DA:215,899
DA:216,899
DA:219,899
DA:220,1224
DA:222,1340
DA:223,1224
DA:225,1466
DA:226,1466
DA:228,1466
DA:230,1224
DA:231,899
DA:234,573
DA:235,573
DA:236,573
DA:237,573
DA:238,573
DA:239,573
DA:240,573
DA:241,796
DA:242,796
DA:243,796
DA:244,796
DA:245,796
DA:247,796
DA:249,1122
DA:250,573
LH:102
LF:126
end_of_record
SF:/Users/seanknowles/Projects/tellimer/open-source/packages/econify/src/patterns.ts
FNF:0
FNH:0
BRF:0
BRH:0
DA:6,22
DA:7,22
DA:8,22
DA:9,22
DA:10,22
DA:11,22
DA:12,22
DA:13,22
DA:14,22
DA:15,22
DA:16,22
DA:17,22
DA:18,22
DA:19,22
DA:21,22
DA:22,22
DA:23,22
DA:24,22
DA:25,22
DA:26,22
DA:27,22
DA:28,22
DA:29,22
DA:30,22
DA:31,22
DA:32,22
DA:33,22
DA:34,22
DA:35,22
DA:36,22
DA:37,22
DA:38,22
DA:40,22
DA:41,22
DA:42,22
DA:43,22
DA:44,22
DA:45,22
DA:46,22
DA:47,22
DA:48,22
DA:49,22
DA:50,22
DA:51,22
DA:53,22
DA:54,22
DA:55,22
DA:56,22
DA:57,22
DA:58,22
DA:60,22
DA:61,22
DA:62,22
DA:63,22
DA:64,22
DA:65,22
DA:66,22
DA:67,22
DA:68,22
DA:69,22
DA:70,22
DA:71,22
DA:72,22
DA:73,22
DA:74,22
DA:75,22
DA:76,22
DA:77,22
DA:78,22
DA:79,22
DA:80,22
DA:81,22
DA:82,22
DA:84,22
DA:85,22
DA:86,22
DA:87,22
DA:88,22
DA:89,22
DA:90,22
DA:92,1
DA:93,22
DA:94,66
DA:95,44
DA:96,44
DA:97,44
DA:98,44
DA:99,44
DA:100,44
DA:101,44
DA:102,66
DA:103,66
DA:104,66
DA:105,88
DA:106,66
DA:107,66
DA:108,66
DA:109,66
DA:110,44
DA:111,66
DA:112,66
DA:113,66
DA:114,66
DA:115,44
DA:116,44
DA:117,88
DA:118,66
DA:119,66
DA:120,66
DA:121,66
DA:122,22
DA:123,22
DA:125,22
DA:126,22
DA:138,22
DA:139,22
DA:140,22
DA:141,22
DA:142,22
DA:143,22
DA:144,22
DA:145,22
DA:147,22
DA:148,88
DA:149,88
DA:150,88
DA:151,88
DA:152,66
DA:153,22
DA:157,22
DA:158,22
DA:159,22
DA:160,22
DA:161,22
DA:162,22
DA:163,22
DA:164,22
DA:166,22
DA:167,88
DA:168,22
DA:169,22
DA:170,22
DA:171,22
DA:172,22
DA:173,22
DA:174,22
DA:175,22
DA:176,88
DA:177,88
DA:178,66
DA:179,22
LH:151
LF:151
end_of_record
SF:/Users/seanknowles/Projects/tellimer/open-source/packages/econify/src/quality/quality.ts
FN:71,assessDataQuality
FN:208,checkCompleteness
FN:363,checkValidity
FN:447,checkConsistency
FN:520,detectOutliers
FN:555,detectOutliersIQR
FN:571,detectOutliersZScore
FN:585,_checkTimeliness
FN:624,calculateOverallScore
FN:649,generateRecommendations
FN:709,checkTemporal
FN:747,checkUniqueness
FN:777,checkSourceReliability
FNDA:88,assessDataQuality
FNDA:87,checkCompleteness
FNDA:87,checkValidity
FNDA:63,checkConsistency
FNDA:39,detectOutliers
FNDA:39,detectOutliersIQR
FNDA:0,detectOutliersZScore
FNDA:0,_checkTimeliness
FNDA:87,calculateOverallScore
FNDA:87,generateRecommendations
FNDA:87,checkTemporal
FNDA:87,checkUniqueness
FNDA:87,checkSourceReliability
FNF:13
FNH:11
BRDA:75,1,0,0
BRDA:90,1,1,1
BRDA:109,1,2,87
BRDA:112,1,3,48
BRDA:119,1,4,87
BRDA:140,1,5,87
BRDA:140,1,6,63
BRDA:147,1,7,39
BRDA:154,1,8,87
BRDA:176,1,9,0
BRDA:189,1,10,87
BRDA:215,2,0,509
BRDA:221,2,1,3
BRDA:232,2,2,6
BRDA:247,2,3,13
BRDA:260,2,4,9
BRDA:262,2,5,4
BRDA:264,2,6,0
BRDA:269,2,7,1
BRDA:278,2,8,0
BRDA:298,2,9,74
BRDA:298,2,10,50
BRDA:301,2,11,40
BRDA:313,2,12,13
BRDA:313,2,13,4
BRDA:320,2,14,3
BRDA:333,2,15,0
BRDA:333,2,16,0
BRDA:353,2,17,44
BRDA:370,8,0,509
BRDA:372,8,1,502
BRDA:372,8,2,7
BRDA:383,8,3,0
BRDA:383,8,4,0
BRDA:407,8,5,6
BRDA:418,8,6,0
BRDA:418,8,7,0
BRDA:418,8,8,0
BRDA:429,8,9,15
BRDA:429,8,10,0
BRDA:455,9,0,45
BRDA:471,9,1,5
BRDA:482,9,2,6
BRDA:482,9,3,6
BRDA:493,9,4,1
BRDA:504,9,5,57
BRDA:505,9,6,45
BRDA:507,9,7,12
BRDA:507,9,8,7
BRDA:509,9,9,5
BRDA:532,16,0,0
BRDA:535,16,1,0
BRDA:539,16,2,12
BRDA:564,20,0,436
BRDA:564,20,1,12
BRDA:564,20,2,425
BRDA:637,24,0,522
BRDA:657,25,0,3
BRDA:664,25,1,69
BRDA:668,25,2,47
BRDA:672,25,3,7
BRDA:676,25,4,1
BRDA:680,25,5,5
BRDA:684,25,6,1
BRDA:691,25,7,4
BRDA:697,25,8,0
BRDA:720,28,0,13
BRDA:726,28,1,41
BRDA:730,28,2,9
BRDA:762,32,0,1
BRDA:800,35,0,509
BRDA:801,35,1,10
BRDA:803,35,2,2
BRF:73
BRH:58
DA:5,13
DA:71,13
DA:72,13
DA:73,13
DA:75,0
DA:76,101
DA:77,101
DA:80,101
DA:81,101
DA:82,101
DA:83,101
DA:84,101
DA:85,101
DA:86,101
DA:87,101
DA:90,101
DA:91,102
DA:92,102
DA:93,102
DA:94,102
DA:95,102
DA:96,102
DA:97,102
DA:98,102
DA:99,102
DA:100,102
DA:101,102
DA:102,102
DA:103,102
DA:104,102
DA:105,102
DA:106,102
DA:107,204
DA:108,102
DA:109,102
DA:112,101
DA:113,149
DA:114,149
DA:115,149
DA:116,149
DA:117,149
DA:118,149
DA:119,149
DA:122,188
DA:123,188
DA:124,188
DA:125,188
DA:127,188
DA:128,188
DA:129,188
DA:131,188
DA:132,188
DA:135,188
DA:136,188
DA:137,188
DA:140,101
DA:141,251
DA:142,251
DA:143,251
DA:144,251
DA:147,101
DA:148,140
DA:149,140
DA:150,140
DA:152,140
DA:153,140
DA:154,140
DA:157,188
DA:158,188
DA:159,188
DA:162,188
DA:163,188
DA:164,188
DA:165,188
DA:166,188
DA:168,188
DA:171,188
DA:172,188
DA:173,188
DA:176,0
DA:177,0
DA:178,0
DA:179,0
DA:180,0
DA:181,0
DA:182,0
DA:183,0
DA:184,0
DA:185,0
DA:186,0
DA:187,0
DA:188,0
DA:189,0
DA:192,188
DA:195,188
DA:197,188
DA:198,188
DA:199,188
DA:200,188
DA:201,188
DA:202,188
DA:203,101
DA:208,13
DA:209,13
DA:210,13
DA:212,100
DA:213,100
DA:215,100
DA:217,609
DA:218,609
DA:219,609
DA:220,609
DA:221,609
DA:222,612
DA:223,612
DA:224,612
DA:225,612
DA:226,612
DA:227,612
DA:228,612
DA:229,612
DA:232,609
DA:233,615
DA:234,615
DA:235,615
DA:236,615
DA:237,615
DA:238,615
DA:239,615
DA:240,615
DA:241,609
DA:244,100
DA:245,100
DA:247,100
DA:248,113
DA:249,113
DA:250,113
DA:251,113
DA:252,113
DA:255,113
DA:256,113
DA:257,113
DA:258,113
DA:260,113
DA:261,122
DA:262,113
DA:263,117
DA:264,0
DA:266,0
DA:267,0
DA:269,113
DA:270,114
DA:271,114
DA:272,114
DA:273,114
DA:274,114
DA:275,114
DA:276,114
DA:277,114
DA:278,0
DA:280,0
DA:281,0
DA:282,0
DA:283,0
DA:286,0
DA:287,0
DA:288,0
DA:289,0
DA:290,0
DA:291,0
DA:292,0
DA:293,0
DA:294,0
DA:295,0
DA:296,0
DA:297,0
DA:298,100
DA:301,224
DA:302,264
DA:303,264
DA:304,264
DA:305,264
DA:306,264
DA:307,264
DA:308,264
DA:309,264
DA:310,224
DA:313,100
DA:314,104
DA:315,104
DA:317,104
DA:318,104
DA:320,104
DA:321,107
DA:322,107
DA:323,107
DA:324,107
DA:325,107
DA:326,107
DA:327,107
DA:328,107
DA:329,107
DA:330,104
DA:333,0
DA:334,0
DA:335,0
DA:336,0
DA:337,0
DA:338,0
DA:339,0
DA:340,0
DA:341,0
DA:342,0
DA:343,0
DA:344,0
DA:345,0
DA:346,0
DA:347,0
DA:349,100
DA:352,100
DA:353,100
DA:354,144
DA:355,144
DA:357,400
DA:358,100
DA:363,13
DA:364,13
DA:365,13
DA:367,100
DA:368,100
DA:370,100
DA:372,609
DA:373,616
DA:374,616
DA:375,616
DA:376,616
DA:377,616
DA:378,616
DA:379,616
DA:380,616
DA:383,0
DA:384,0
DA:385,0
DA:386,0
DA:387,0
DA:388,0
DA:389,0
DA:390,0
DA:391,0
DA:392,0
DA:393,0
DA:394,0
DA:395,0
DA:396,0
DA:397,0
DA:398,0
DA:399,0
DA:400,0
DA:401,0
DA:402,0
DA:403,0
DA:406,609
DA:407,609
DA:408,615
DA:409,615
DA:410,615
DA:411,615
DA:412,615
DA:413,615
DA:414,615
DA:415,615
DA:418,0
DA:419,0
DA:420,0
DA:421,0
DA:422,0
DA:423,0
DA:424,0
DA:425,0
DA:426,0
DA:429,0
DA:430,0
DA:431,0
DA:432,0
DA:433,0
DA:434,0
DA:435,0
DA:436,0
DA:437,0
DA:438,609
DA:440,100
DA:441,400
DA:442,100
DA:447,13
DA:451,76
DA:454,76
DA:455,76
DA:456,121
DA:457,121
DA:458,121
DA:459,121
DA:460,121
DA:461,121
DA:462,121
DA:465,76
DA:466,76
DA:467,76
DA:468,76
DA:469,76
DA:471,76
DA:472,81
DA:473,81
DA:474,81
DA:475,81
DA:476,81
DA:477,81
DA:478,81
DA:481,76
DA:482,76
DA:483,82
DA:484,82
DA:485,82
DA:486,82
DA:487,82
DA:488,82
DA:489,82
DA:492,76
DA:493,76
DA:494,77
DA:495,77
DA:496,77
DA:497,77
DA:498,77
DA:499,77
DA:500,77
DA:503,76
DA:504,76
DA:505,133
DA:506,178
DA:507,133
DA:508,152
DA:509,152
DA:510,157
DA:511,157
DA:512,133
DA:514,304
DA:515,76
DA:520,13
DA:521,13
DA:522,13
DA:524,52
DA:525,52
DA:526,52
DA:528,52
DA:529,52
DA:530,52
DA:531,52
DA:532,0
DA:533,0
DA:534,0
DA:535,0
DA:536,0
DA:537,52
DA:539,52
DA:540,64
DA:541,64
DA:542,64
DA:543,64
DA:544,64
DA:545,64
DA:546,64
DA:548,52
DA:549,208
DA:550,52
DA:555,13
DA:556,156
DA:557,52
DA:558,52
DA:559,52
DA:560,52
DA:561,52
DA:563,52
DA:564,52
DA:565,52
DA:566,52
DA:571,0
DA:572,0
DA:573,0
DA:574,0
DA:577,0
DA:578,0
DA:579,0
DA:580,0
DA:585,0
DA:589,0
DA:590,0
DA:591,0
DA:593,0
DA:594,0
DA:596,0
DA:597,0
DA:599,0
DA:600,0
DA:601,0
DA:602,0
DA:603,0
DA:604,0
DA:605,0
DA:606,0
DA:607,0
DA:608,0
DA:609,0
DA:610,0
DA:611,0
DA:612,0
DA:613,0
DA:614,0
DA:615,0
DA:617,0
DA:618,0
DA:619,0
DA:624,13
DA:625,100
DA:626,100
DA:627,100
DA:628,100
DA:629,100
DA:630,100
DA:631,100
DA:632,100
DA:634,100
DA:635,100
DA:637,100
DA:638,622
DA:639,622
DA:640,622
DA:641,622
DA:643,100
DA:644,100
DA:649,13
DA:650,13
DA:651,13
DA:653,100
DA:656,100
DA:657,100
DA:658,103
DA:659,103
DA:661,103
DA:664,100
DA:665,169
DA:666,169
DA:668,100
DA:669,147
DA:670,147
DA:672,100
DA:673,107
DA:674,107
DA:676,100
DA:677,101
DA:678,101
DA:680,100
DA:681,105
DA:682,105
DA:684,100
DA:685,101
DA:686,101
DA:689,100
DA:691,100
DA:692,104
DA:693,104
DA:695,104
DA:697,0
DA:698,0
DA:699,0
DA:701,0
DA:703,100
DA:704,100
DA:709,13
DA:713,100
DA:714,100
DA:717,100
DA:718,100
DA:720,100
DA:721,113
DA:722,113
DA:723,113
DA:726,113
DA:727,154
DA:728,154
DA:730,154
DA:731,163
DA:732,163
DA:733,163
DA:734,163
DA:735,163
DA:736,163
DA:737,163
DA:738,154
DA:739,113
DA:741,400
DA:742,100
DA:747,13
DA:751,100
DA:752,100
DA:755,100
DA:756,100
DA:757,100
DA:758,100
DA:760,100
DA:762,100
DA:763,101
DA:764,101
DA:765,101
DA:766,101
DA:767,101
DA:768,101
DA:769,101
DA:771,400
DA:772,100
DA:777,13
DA:781,100
DA:782,100
DA:784,100
DA:785,100
DA:786,100
DA:787,100
DA:788,100
DA:789,100
DA:790,100
DA:791,100
DA:792,100
DA:794,100
DA:795,100
DA:796,100
DA:797,100
DA:798,100
DA:800,100
DA:801,609
DA:802,619
DA:803,619
DA:804,621
DA:805,621
DA:806,621
DA:807,621
DA:808,621
DA:809,621
DA:810,621
DA:811,621
DA:812,619
DA:813,609
DA:815,400
DA:816,100
LH:418
LF:552
end_of_record
SF:/Users/seanknowles/Projects/tellimer/open-source/packages/econify/src/scale/scale.ts
FN:9,normalizeText
FN:22,detectScale
FN:33,getScale
FN:42,rescaleMagnitude
FN:51,toMillions
FN:56,fromMillions
FN:64,rescaleTime
FN:76,parseTimeScale
FN:85,rescaleFlow
FNDA:7,normalizeText
FNDA:7,detectScale
FNDA:257,getScale
FNDA:116,rescaleMagnitude
FNDA:3,toMillions
FNDA:3,fromMillions
FNDA:137,rescaleTime
FNDA:20,parseTimeScale
FNDA:5,rescaleFlow
FNF:9
FNH:9
BRDA:10,1,0,1
BRDA:24,2,0,25
BRDA:25,2,1,4
BRDA:26,2,2,3
BRDA:34,3,0,1
BRDA:35,3,1,1250
BRDA:35,3,2,15
BRDA:35,3,3,242
BRDA:69,7,0,133
BRDA:69,7,1,6
BRDA:69,7,2,131
BRDA:77,8,0,2
BRDA:78,8,1,74
BRDA:78,8,2,14
BRDA:78,8,3,6
BRDA:89,9,0,3
BRDA:90,9,1,2
BRDA:94,9,2,3
BRF:18
BRH:18
DA:6,18
DA:9,25
DA:10,25
DA:11,25
DA:12,25
DA:13,25
DA:14,25
DA:15,25
DA:16,25
DA:22,18
DA:23,25
DA:24,25
DA:25,50
DA:26,50
DA:27,28
DA:28,25
DA:33,18
DA:34,275
DA:35,275
DA:36,517
DA:37,275
DA:42,18
DA:43,18
DA:44,18
DA:45,18
DA:47,134
DA:48,134
DA:51,18
DA:52,21
DA:53,21
DA:56,18
DA:57,21
DA:58,21
DA:64,18
DA:65,18
DA:66,18
DA:67,18
DA:69,155
DA:70,419
DA:71,155
DA:76,18
DA:77,38
DA:78,38
DA:79,44
DA:80,38
DA:85,18
DA:86,18
DA:87,18
DA:89,23
DA:90,23
DA:91,25
DA:92,25
DA:94,25
DA:95,26
DA:96,23
LH:55
LF:55
end_of_record
SF:/Users/seanknowles/Projects/tellimer/open-source/packages/econify/src/seasonal/seasonal.ts
FN:14,deseasonalize
FN:33,deseasonalizeMA
FN:62,decomposeTimeSeries
FN:100,calculateCenteredMA
FN:122,calculateSeasonalComponent
FN:142,detectSeasonality
FN:177,autocorrelation
FNDA:8,deseasonalize
FNDA:6,deseasonalizeMA
FNDA:1,decomposeTimeSeries
FNDA:7,calculateCenteredMA
FNDA:6,calculateSeasonalComponent
FNDA:0,detectSeasonality
FNDA:0,autocorrelation
FNF:7
FNH:5
BRDA:21,1,0,6
BRDA:23,1,1,1
BRDA:25,1,2,1
BRDA:78,6,0,24
BRDA:84,6,1,12
BRDA:72,8,0,0
BRDA:104,10,0,123
BRDA:105,10,1,88
BRDA:105,10,2,67
BRDA:107,10,3,56
BRDA:130,12,0,99
BRF:11
BRH:10
DA:14,10
DA:15,10
DA:16,10
DA:18,18
DA:20,18
DA:21,18
DA:22,24
DA:23,18
DA:24,19
DA:25,18
DA:26,19
DA:27,18
DA:28,18
DA:33,10
DA:34,10
DA:35,10
DA:38,16
DA:39,16
DA:40,16
DA:44,16
DA:45,16
DA:46,16
DA:47,16
DA:51,16
DA:52,115
DA:53,115
DA:54,115
DA:55,115
DA:56,16
DA:57,16
DA:62,10
DA:63,10
DA:64,10
DA:66,11
DA:69,11
DA:72,0
DA:75,11
DA:76,11
DA:78,11
DA:79,35
DA:80,35
DA:81,35
DA:82,35
DA:84,11
DA:85,23
DA:86,23
DA:89,11
DA:90,35
DA:91,35
DA:92,35
DA:93,35
DA:94,11
DA:95,11
DA:100,10
DA:101,17
DA:102,17
DA:104,17
DA:105,140
DA:106,207
DA:107,140
DA:108,196
DA:109,196
DA:110,196
DA:111,196
DA:112,196
DA:113,196
DA:114,140
DA:116,140
DA:117,17
DA:122,10
DA:123,10
DA:124,10
DA:125,10
DA:127,16
DA:128,16
DA:130,16
DA:131,115
DA:132,115
DA:133,115
DA:134,115
DA:136,16
DA:137,16
DA:142,0
DA:143,0
DA:144,0
DA:146,0
DA:148,0
DA:149,0
DA:150,0
DA:153,0
DA:154,0
DA:156,0
DA:157,0
DA:158,0
DA:159,0
DA:160,0
DA:161,0
DA:162,0
DA:165,0
DA:167,0
DA:168,0
DA:169,0
DA:170,0
DA:171,0
DA:172,0
DA:177,0
DA:178,0
DA:179,0
DA:181,0
DA:182,0
DA:184,0
DA:185,0
DA:186,0
DA:188,0
DA:189,0
DA:190,0
DA:192,0
DA:193,0
LH:81
LF:118
end_of_record
SF:/Users/seanknowles/Projects/tellimer/open-source/packages/econify/src/services/wages-service.ts
FN:22,detectWagesData
FN:76,processWagesData
FNDA:3,detectWagesData
FNDA:13,processWagesData
FNF:2
FNH:2
BRDA:23,1,0,0
BRDA:68,1,1,2
BRDA:70,1,2,2
BRDA:70,1,3,0
BRDA:50,3,0,0
BRDA:54,5,0,0
BRDA:60,6,0,2
BRDA:90,8,0,2
BRDA:96,8,1,1
BRDA:99,8,2,0
BRDA:103,8,3,1
BRDA:110,8,4,0
BRDA:124,8,5,11
BRDA:141,8,6,5
BRDA:143,8,7,5
BRDA:146,8,8,7
BRDA:147,8,9,10
BRDA:148,8,10,4
BRDA:154,8,11,26
BRDA:158,8,12,2
BRDA:160,8,13,0
BRDA:175,8,14,24
BRDA:180,8,15,0
BRDA:194,8,16,11
BRDA:201,8,17,5
BRDA:128,10,0,0
BRF:26
BRH:17
DA:9,10
DA:10,10
DA:11,10
DA:12,10
DA:13,10
DA:14,10
DA:17,10
DA:22,10
DA:23,0
DA:26,13
DA:27,13
DA:28,13
DA:29,13
DA:30,13
DA:31,13
DA:32,13
DA:33,13
DA:35,13
DA:36,13
DA:37,13
DA:38,13
DA:39,13
DA:40,13
DA:41,13
DA:42,13
DA:43,13
DA:44,13
DA:45,13
DA:46,13
DA:49,0
DA:50,0
DA:53,0
DA:54,0
DA:58,13
DA:59,16
DA:60,16
DA:61,13
DA:63,13
DA:64,17
DA:65,17
DA:66,13
DA:68,13
DA:70,0
DA:71,13
DA:76,10
DA:77,10
DA:78,10
DA:79,10
DA:88,10
DA:90,23
DA:91,25
DA:96,25
DA:97,0
DA:98,0
DA:99,0
DA:101,0
DA:103,25
DA:104,26
DA:105,26
DA:106,26
DA:108,26
DA:110,0
DA:112,25
DA:113,25
DA:114,25
DA:115,25
DA:116,25
DA:117,25
DA:118,25
DA:119,25
DA:120,25
DA:121,25
DA:122,25
DA:123,25
DA:124,25
DA:127,34
DA:128,0
DA:129,60
DA:130,60
DA:132,60
DA:133,60
DA:134,60
DA:135,60
DA:136,34
DA:140,34
DA:141,23
DA:142,23
DA:143,23
DA:144,23
DA:145,23
DA:146,23
DA:147,23
DA:148,23
DA:149,23
DA:152,23
DA:154,23
DA:155,49
DA:156,49
DA:158,49
DA:160,51
DA:161,0
DA:162,0
DA:163,0
DA:164,0
DA:165,0
DA:166,0
DA:167,0
DA:168,0
DA:169,0
DA:170,0
DA:171,0
DA:172,0
DA:173,0
DA:174,0
DA:175,49
DA:177,73
DA:178,73
DA:179,73
DA:180,0
DA:181,0
DA:182,73
DA:183,73
DA:184,73
DA:185,73
DA:186,73
DA:187,73
DA:188,73
DA:189,73
DA:190,73
DA:191,73
DA:192,73
DA:193,73
DA:194,49
DA:197,34
DA:198,34
DA:199,23
DA:200,23
DA:201,23
DA:202,23
DA:205,23
DA:206,23
LH:113
LF:141
end_of_record
SF:/Users/seanknowles/Projects/tellimer/open-source/packages/econify/src/time/time-sampling.ts
FN:37,simpleTimeConversion
FN:50,resampleTimeSeries
FN:76,upsample
FN:109,downsample
FN:158,generateIntermediatePoints
FN:206,groupByPeriod
FN:227,getPeriodKey
FN:259,getIntervalMs
FN:283,inferFrequency
FN:307,convertWageTimeScale
FN:329,processWageTimeSeries
FN:367,parseTimeScaleFromUnit
FNDA:9,simpleTimeConversion
FNDA:6,resampleTimeSeries
FNDA:1,upsample
FNDA:5,downsample
FNDA:2,generateIntermediatePoints
FNDA:5,groupByPeriod
FNDA:46,getPeriodKey
FNDA:2,getIntervalMs
FNDA:6,inferFrequency
FNDA:9,convertWageTimeScale
FNDA:2,processWageTimeSeries
FNDA:677,parseTimeScaleFromUnit
FNF:12
FNH:12
BRDA:42,1,0,1
BRDA:42,1,1,8
BRDA:55,2,0,0
BRDA:66,2,1,1
BRDA:68,2,2,5
BRDA:83,4,0,2
BRDA:118,5,0,0
BRDA:123,5,1,2
BRDA:127,5,2,1
BRDA:130,5,3,1
BRDA:133,5,4,1
BRDA:136,5,5,0
BRDA:173,9,0,26
BRDA:182,9,1,0
BRDA:185,9,2,0
BRDA:212,10,0,46
BRDA:215,10,1,5
BRDA:233,11,0,0
BRDA:235,11,1,0
BRDA:237,11,2,30
BRDA:239,11,3,16
BRDA:243,11,4,0
BRDA:247,11,5,0
BRDA:251,11,6,0
BRDA:263,12,0,0
BRDA:265,12,1,0
BRDA:269,12,2,0
BRDA:271,12,3,0
BRDA:273,12,4,0
BRDA:275,12,5,0
BRDA:284,13,0,0
BRDA:288,13,1,23
BRDA:296,13,2,5
BRDA:296,13,3,1
BRDA:297,13,4,0
BRDA:297,13,5,1
BRDA:298,13,6,0
BRDA:298,13,7,1
BRDA:299,13,8,0
BRDA:299,13,9,1
BRDA:313,15,0,2
BRDA:313,15,1,7
BRDA:316,15,2,4
BRDA:317,15,3,2
BRDA:317,15,4,2
BRDA:320,15,5,3
BRDA:335,16,0,7
BRDA:338,16,1,0
BRDA:370,17,0,2
BRDA:370,17,1,675
BRDA:371,17,2,0
BRDA:371,17,3,675
BRDA:372,17,4,1
BRDA:372,17,5,674
BRDA:373,17,6,672
BRDA:373,17,7,234
BRDA:373,17,8,440
BRDA:374,17,9,675
BRDA:374,17,10,82
BRDA:374,17,11,670
BRDA:374,17,12,358
BRDA:375,17,13,64
BRDA:375,17,14,294
BRF:63
BRH:41
DA:10,14
DA:37,14
DA:38,14
DA:39,14
DA:40,14
DA:42,23
DA:43,31
DA:44,23
DA:50,14
DA:51,14
DA:52,14
DA:53,54
DA:55,0
DA:58,60
DA:59,20
DA:63,20
DA:64,20
DA:66,20
DA:67,21
DA:68,20
DA:69,25
DA:70,25
DA:71,20
DA:76,14
DA:77,14
DA:78,14
DA:79,14
DA:81,15
DA:83,15
DA:84,17
DA:85,17
DA:88,17
DA:89,17
DA:90,17
DA:91,17
DA:92,17
DA:95,17
DA:96,17
DA:99,15
DA:100,15
DA:101,15
DA:103,15
DA:104,15
DA:109,14
DA:110,14
DA:111,14
DA:112,14
DA:114,19
DA:115,19
DA:117,19
DA:118,0
DA:120,19
DA:122,19
DA:123,19
DA:124,21
DA:125,21
DA:126,21
DA:127,19
DA:128,20
DA:129,20
DA:130,19
DA:131,20
DA:132,20
DA:133,19
DA:134,20
DA:135,20
DA:136,0
DA:137,0
DA:138,0
DA:139,19
DA:141,19
DA:142,19
DA:143,19
DA:144,19
DA:145,19
DA:146,19
DA:147,19
DA:148,19
DA:149,19
DA:150,19
DA:152,19
DA:153,19
DA:158,14
DA:159,14
DA:160,14
DA:161,14
DA:162,14
DA:164,16
DA:165,16
DA:166,16
DA:167,16
DA:170,16
DA:171,16
DA:173,16
DA:174,42
DA:175,42
DA:177,42
DA:178,42
DA:179,42
DA:180,42
DA:181,42
DA:182,0
DA:183,0
DA:184,0
DA:185,0
DA:186,0
DA:187,42
DA:189,42
DA:190,42
DA:191,42
DA:192,42
DA:193,42
DA:194,42
DA:195,42
DA:196,42
DA:197,42
DA:198,42
DA:200,16
DA:201,16
DA:206,14
DA:207,14
DA:208,14
DA:210,19
DA:212,19
DA:213,65
DA:215,65
DA:216,70
DA:217,70
DA:218,65
DA:219,65
DA:221,19
DA:222,19
DA:227,14
DA:228,60
DA:229,60
DA:230,60
DA:232,60
DA:233,0
DA:234,0
DA:235,0
DA:236,0
DA:237,60
DA:238,90
DA:239,136
DA:240,76
DA:241,76
DA:242,76
DA:243,0
DA:244,0
DA:245,0
DA:246,0
DA:247,0
DA:248,0
DA:249,0
DA:250,0
DA:251,0
DA:252,0
DA:253,60
DA:254,60
DA:259,14
DA:260,16
DA:262,16
DA:263,0
DA:264,0
DA:265,0
DA:266,0
DA:267,16
DA:268,16
DA:269,0
DA:270,0
DA:271,0
DA:272,0
DA:273,0
DA:274,0
DA:275,0
DA:276,0
DA:277,16
DA:278,16
DA:283,14
DA:284,0
DA:287,20
DA:288,20
DA:289,43
DA:290,43
DA:292,20
DA:293,20
DA:296,20
DA:297,0
DA:298,0
DA:299,0
DA:300,21
DA:301,20
DA:307,14
DA:308,14
DA:309,14
DA:310,14
DA:311,14
DA:313,23
DA:316,23
DA:317,27
DA:318,27
DA:319,27
DA:320,27
DA:323,26
DA:324,23
DA:329,14
DA:330,14
DA:331,14
DA:333,16
DA:335,16
DA:337,23
DA:338,0
DA:339,0
DA:340,0
DA:341,0
DA:344,23
DA:345,23
DA:346,23
DA:347,23
DA:349,23
DA:350,23
DA:351,23
DA:354,23
DA:355,23
DA:356,23
DA:357,23
DA:358,23
DA:359,23
DA:361,16
DA:362,16
DA:367,14
DA:368,691
DA:370,691
DA:371,0
DA:372,691
DA:373,691
DA:374,691
DA:375,2036
DA:377,1660
DA:378,691
LH:195
LF:240
end_of_record
SF:/Users/seanknowles/Projects/tellimer/open-source/packages/econify/src/units/units.ts
FN:393,detectRatio
FN:419,parseUnit
FN:565,isMonetaryUnit
FN:573,isPercentageUnit
FN:581,extractCurrency
FN:589,extractScale
FN:597,extractTimeScale
FNDA:23973,detectRatio
FNDA:23973,parseUnit
FNDA:5,isMonetaryUnit
FNDA:4,isPercentageUnit
FNDA:5,extractCurrency
FNDA:5,extractScale
FNDA:5,extractTimeScale
FNF:7
FNH:7
BRDA:402,1,0,597
BRDA:404,1,1,552
BRDA:411,1,2,23421
BRDA:420,2,0,0
BRDA:438,2,1,160101
BRDA:440,2,2,23333
BRDA:450,2,3,23971
BRDA:452,2,4,23971
BRDA:453,2,5,81971
BRDA:454,2,6,22648
BRDA:457,2,7,55
BRDA:466,2,8,70449
BRDA:467,2,9,20384
BRDA:470,2,10,22
BRDA:470,2,11,20362
BRDA:479,2,12,143654
BRDA:480,2,13,155
BRDA:488,2,14,430
BRDA:489,2,15,1217
BRDA:490,2,16,38
BRDA:499,2,17,392
BRDA:500,2,18,4808
BRDA:501,2,19,155
BRDA:510,2,20,237
BRDA:511,2,21,386
BRDA:512,2,22,96
BRDA:521,2,23,141
BRDA:522,2,24,1958
BRDA:523,2,25,54
BRDA:533,2,26,552
BRDA:544,2,27,518
BRDA:544,2,28,34
BRDA:548,2,29,518
BRDA:548,2,30,408
BRDA:548,2,31,110
BRDA:550,2,32,408
BRDA:550,2,33,407
BRDA:550,2,34,1
BRDA:552,2,35,407
BRDA:552,2,36,4
BRDA:567,3,0,4
BRDA:583,5,0,2
BRDA:591,6,0,2
BRDA:599,7,0,2
BRF:44
BRH:43
DA:8,21
DA:9,21
DA:10,21
DA:11,21
DA:12,21
DA:13,21
DA:14,21
DA:15,21
DA:16,21
DA:17,21
DA:18,21
DA:19,21
DA:20,21
DA:21,21
DA:22,21
DA:23,21
DA:24,21
DA:25,21
DA:26,21
DA:27,21
DA:28,21
DA:29,21
DA:30,21
DA:31,21
DA:32,21
DA:33,21
DA:34,21
DA:35,21
DA:36,21
DA:37,21
DA:38,21
DA:39,21
DA:40,21
DA:41,21
DA:42,21
DA:43,21
DA:44,21
DA:45,21
DA:46,21
DA:47,21
DA:48,21
DA:49,21
DA:50,21
DA:51,21
DA:52,21
DA:53,21
DA:54,21
DA:55,21
DA:56,21
DA:57,21
DA:58,21
DA:59,21
DA:60,21
DA:61,21
DA:62,21
DA:63,21
DA:64,21
DA:65,21
DA:66,21
DA:67,21
DA:68,21
DA:69,21
DA:70,21
DA:71,21
DA:72,21
DA:73,21
DA:74,21
DA:75,21
DA:76,21
DA:77,21
DA:78,21
DA:79,21
DA:80,21
DA:81,21
DA:82,21
DA:83,21
DA:84,21
DA:85,21
DA:86,21
DA:87,21
DA:88,21
DA:89,21
DA:90,21
DA:91,21
DA:92,21
DA:93,21
DA:94,21
DA:95,21
DA:96,21
DA:97,21
DA:98,21
DA:99,21
DA:100,21
DA:101,21
DA:102,21
DA:103,21
DA:104,21
DA:105,21
DA:106,21
DA:107,21
DA:108,21
DA:109,21
DA:110,21
DA:111,21
DA:112,21
DA:113,21
DA:114,21
DA:115,21
DA:116,21
DA:117,21
DA:118,21
DA:119,21
DA:120,21
DA:121,21
DA:122,21
DA:123,21
DA:124,21
DA:125,21
DA:126,21
DA:127,21
DA:128,21
DA:129,21
DA:130,21
DA:131,21
DA:132,21
DA:133,21
DA:134,21
DA:135,21
DA:136,21
DA:137,21
DA:138,21
DA:139,21
DA:140,21
DA:141,21
DA:142,21
DA:143,21
DA:144,21
DA:145,21
DA:146,21
DA:147,21
DA:148,21
DA:149,21
DA:150,21
DA:151,21
DA:152,21
DA:153,21
DA:154,21
DA:155,21
DA:156,21
DA:157,21
DA:158,21
DA:184,21
DA:185,105
DA:186,21
DA:187,21
DA:188,21
DA:189,21
DA:190,21
DA:191,21
DA:192,21
DA:193,21
DA:194,21
DA:195,21
DA:196,21
DA:197,21
DA:198,21
DA:199,21
DA:200,21
DA:201,105
DA:202,21
DA:205,21
DA:206,21
DA:207,21
DA:208,21
DA:209,21
DA:210,21
DA:211,21
DA:212,21
DA:213,21
DA:214,21
DA:215,21
DA:216,21
DA:217,21
DA:218,21
DA:219,21
DA:220,21
DA:221,21
DA:222,21
DA:223,21
DA:224,21
DA:225,21
DA:226,21
DA:227,21
DA:228,21
DA:229,21
DA:230,21
DA:231,21
DA:232,21
DA:233,21
DA:234,21
DA:235,21
DA:236,21
DA:239,21
DA:240,21
DA:241,21
DA:242,21
DA:243,21
DA:244,21
DA:245,21
DA:246,21
DA:247,21
DA:248,21
DA:249,21
DA:250,21
DA:251,21
DA:252,21
DA:253,21
DA:254,21
DA:255,21
DA:256,21
DA:257,21
DA:258,21
DA:259,21
DA:260,105
DA:261,21
DA:262,21
DA:263,21
DA:264,21
DA:265,21
DA:266,21
DA:269,21
DA:270,21
DA:271,21
DA:272,21
DA:273,21
DA:274,21
DA:275,21
DA:276,21
DA:277,21
DA:278,21
DA:279,21
DA:280,105
DA:281,105
DA:282,105
DA:283,105
DA:284,105
DA:285,21
DA:286,21
DA:287,21
DA:288,21
DA:289,21
DA:290,105
DA:291,105
DA:292,21
DA:293,21
DA:294,21
DA:295,21
DA:296,21
DA:297,105
DA:298,105
DA:299,105
DA:300,105
DA:301,105
DA:302,105
DA:303,21
DA:306,21
DA:307,21
DA:308,21
DA:309,21
DA:310,21
DA:311,21
DA:312,105
DA:313,105
DA:314,21
DA:317,21
DA:318,105
DA:319,105
DA:320,21
DA:323,21
DA:324,21
DA:325,21
DA:326,21
DA:327,21
DA:328,21
DA:329,21
DA:330,21
DA:331,21
DA:332,21
DA:333,21
DA:334,21
DA:335,21
DA:336,21
DA:337,21
DA:338,21
DA:339,21
DA:340,21
DA:341,21
DA:342,21
DA:343,21
DA:344,21
DA:345,21
DA:346,21
DA:347,21
DA:348,21
DA:349,105
DA:350,105
DA:351,105
DA:352,105
DA:353,105
DA:354,21
DA:355,21
DA:356,21
DA:357,21
DA:358,21
DA:359,105
DA:360,105
DA:361,21
DA:362,21
DA:363,21
DA:364,21
DA:365,21
DA:366,105
DA:367,105
DA:368,105
DA:369,21
DA:393,21
DA:399,23994
DA:400,23994
DA:402,23994
DA:403,24591
DA:404,24591
DA:405,25143
DA:406,25143
DA:407,25143
DA:408,25143
DA:409,25143
DA:410,25143
DA:411,24591
DA:413,142245
DA:414,23994
DA:419,21
DA:420,0
DA:421,0
DA:422,0
DA:423,0
DA:424,0
DA:425,0
DA:426,0
DA:427,0
DA:429,23994
DA:430,23994
DA:431,23994
DA:432,23994
DA:433,23994
DA:434,23994
DA:435,23994
DA:438,23994
DA:439,184095
DA:440,184095
DA:441,207428
DA:442,207428
DA:443,207428
DA:444,207428
DA:445,207428
DA:446,184095
DA:449,23994
DA:450,23994
DA:451,23994
DA:452,23994
DA:453,47965
DA:454,129936
DA:455,152584
DA:456,152584
DA:457,152584
DA:458,152639
DA:459,152639
DA:460,152584
DA:461,152584
DA:462,129936
DA:463,47965
DA:466,23994
DA:467,94443
DA:468,114827
DA:469,114827
DA:470,114827
DA:471,135189
DA:472,135189
DA:473,135189
DA:474,114827
DA:475,114827
DA:476,94443
DA:479,23994
DA:480,167648
DA:481,167803
DA:482,167803
DA:483,167803
DA:484,167803
DA:485,167648
DA:488,23994
DA:489,24424
DA:490,25641
DA:491,25679
DA:492,25679
DA:493,25679
DA:494,25679
DA:495,25641
DA:496,24424
DA:499,23994
DA:500,24386
DA:501,29194
DA:502,29349
DA:503,29349
DA:504,29349
DA:505,29349
DA:506,29194
DA:507,24386
DA:510,23994
DA:511,24231
DA:512,24617
DA:513,24713
DA:514,24713
DA:515,24713
DA:516,24713
DA:517,24617
DA:518,24231
DA:521,23994
DA:522,24135
DA:523,26093
DA:524,26147
DA:525,26147
DA:526,26147
DA:527,26147
DA:528,26093
DA:529,24135
DA:532,23994
DA:533,23994
DA:534,24546
DA:535,24546
DA:536,24546
DA:537,24546
DA:538,24546
DA:539,24546
DA:542,24546
DA:543,24546
DA:544,24546
DA:545,24580
DA:546,24580
DA:547,24580
DA:548,24546
DA:549,25174
DA:550,25064
DA:551,25473
DA:552,25472
DA:553,25883
DA:554,25883
DA:555,25883
DA:556,24546
DA:557,24546
DA:559,23994
DA:560,23994
DA:565,21
DA:566,26
DA:567,26
DA:568,26
DA:573,21
DA:574,25
DA:575,25
DA:576,25
DA:581,21
DA:582,26
DA:583,26
DA:584,26
DA:589,21
DA:590,26
DA:591,26
DA:592,26
DA:597,21
DA:598,26
DA:599,26
DA:600,26
LH:472
LF:480
end_of_record
SF:/Users/seanknowles/Projects/tellimer/open-source/packages/econify/src/wages/wages-normalization.ts
FN:46,normalizeWagesData
FN:147,isIndexOrPointsUnit
FN:177,isCurrencyTimeUnit
FN:202,getWageNormalizationSummary
FN:253,getComparableWagesData
FNDA:31,normalizeWagesData
FNDA:121,isIndexOrPointsUnit
FNDA:69,isCurrencyTimeUnit
FNDA:1,getWageNormalizationSummary
FNDA:12,getComparableWagesData
FNF:5
FNH:5
BRDA:61,1,0,77
BRDA:70,1,1,32
BRDA:79,1,2,8
BRDA:82,1,3,4
BRDA:91,1,4,69
BRDA:94,1,5,0
BRDA:109,1,6,26
BRDA:121,1,7,2
BRDA:126,1,8,0
BRDA:131,1,9,0
BRDA:155,2,0,110
BRDA:156,2,1,108
BRDA:157,2,2,108
BRDA:159,2,3,13
BRDA:161,2,4,108
BRDA:165,2,5,0
BRDA:165,2,6,0
BRDA:167,2,7,0
BRDA:169,2,8,108
BRDA:184,3,0,0
BRDA:227,5,0,0
BRDA:205,6,0,3
BRDA:214,11,0,3
BRDA:243,16,0,0
BRDA:257,18,0,28
BRDA:258,18,1,26
BRF:26
BRH:17
DA:6,10
DA:7,10
DA:8,10
DA:46,10
DA:47,10
DA:48,10
DA:50,41
DA:51,41
DA:52,41
DA:53,41
DA:54,41
DA:55,41
DA:56,41
DA:57,41
DA:59,41
DA:61,41
DA:62,118
DA:63,118
DA:64,118
DA:65,118
DA:66,118
DA:67,118
DA:68,118
DA:70,118
DA:71,150
DA:72,150
DA:74,118
DA:76,118
DA:79,118
DA:80,126
[...]
BRDA:101,8,3,13
BRDA:102,8,4,8
BRDA:104,8,5,7
BRDA:107,8,6,27
BRDA:115,9,0,27
BRDA:115,9,1,0
BRDA:118,9,2,27
BRDA:118,9,3,2
BRDA:118,9,4,2
BRDA:120,9,5,32
BRDA:128,10,0,14
BRDA:139,10,1,210
BRDA:140,10,2,208
BRDA:141,10,3,0
BRDA:141,10,4,21
BRDA:145,10,5,3
BRDA:130,11,0,208
BRDA:130,11,1,206
BRDA:130,11,2,2
BRDA:132,11,3,0
BRDA:132,11,4,2
BRDA:133,11,5,0
BRF:35
BRH:26
DA:9,10
DA:13,10
DA:25,10
DA:26,10
DA:27,10
DA:36,10
DA:37,10
DA:38,10
DA:39,10
DA:40,126
DA:41,10
DA:42,10
DA:43,10
DA:44,10
DA:45,10
DA:46,10
DA:47,10
DA:48,10
DA:49,19
DA:50,19
DA:51,10
DA:52,10
DA:53,30
DA:55,10
DA:57,10
DA:58,10
DA:59,0
DA:60,10
DA:61,30
DA:62,10
DA:64,10
DA:65,10
DA:66,44
DA:67,243
DA:68,0
DA:69,0
DA:70,0
DA:71,0
DA:72,0
DA:73,0
DA:74,0
DA:75,0
DA:76,44
DA:77,44
DA:78,0
DA:79,44
DA:80,432
DA:81,432
DA:82,432
DA:83,432
DA:84,432
DA:85,621
DA:86,621
DA:87,621
DA:88,432
DA:89,176
DA:90,10
DA:91,30
DA:92,10
DA:94,10
DA:95,10
DA:96,0
DA:97,0
DA:98,44
DA:99,52
DA:100,52
DA:101,52
DA:102,284
DA:103,65
DA:104,52
DA:105,236
DA:106,59
DA:107,52
DA:108,71
DA:109,10
DA:110,30
DA:111,10
DA:113,10
DA:114,10
DA:115,0
DA:116,0
DA:117,0
DA:118,44
DA:119,184
DA:120,46
DA:121,76
DA:122,10
DA:123,30
DA:124,10
DA:126,10
DA:127,10
DA:128,53
DA:129,67
DA:130,277
DA:131,485
DA:132,0
DA:133,485
DA:134,0
DA:135,0
DA:136,0
DA:137,0
DA:138,0
DA:139,67
DA:140,0
DA:141,0
DA:142,277
DA:143,277
DA:144,277
DA:145,277
DA:146,277
DA:147,277
DA:148,67
DA:149,53
DA:150,10
DA:151,30
DA:152,10
DA:154,10
DA:155,10
DA:156,298
DA:157,10
DA:158,10
DA:159,169
DA:160,10
LH:100
LF:123
end_of_record
SF:/Users/seanknowles/Projects/tellimer/open-source/packages/econify/src/workflows/machines/domains/percentages/percentages.machine.ts
FN:49,context
FN:65,input
FN:68,actions
FN:78,output
FN:80,output
FNDA:47,context
FNDA:47,input
FNDA:47,actions
FNDA:94,output
FNDA:47,output
FNF:5
FNH:5
BRDA:78,5,0,0
BRDA:80,6,0,0
BRF:2
BRH:0
DA:9,10
DA:12,10
DA:25,10
DA:26,10
DA:27,10
DA:28,10
DA:29,10
DA:30,10
DA:31,10
DA:32,57
DA:33,57
DA:34,57
DA:35,57
DA:36,57
DA:37,57
DA:38,57
DA:39,57
DA:40,57
DA:41,57
DA:42,57
DA:43,57
DA:44,57
DA:45,10
DA:46,10
DA:47,10
DA:48,10
DA:49,77
DA:50,10
DA:51,10
DA:52,10
DA:53,30
DA:54,10
DA:56,10
DA:59,30
DA:60,10
DA:62,10
DA:63,10
DA:64,10
DA:65,77
DA:66,10
DA:67,10
DA:68,124
DA:69,10
DA:70,10
DA:71,10
DA:73,10
DA:75,30
DA:76,10
DA:78,144
DA:79,10
DA:80,67
DA:81,10
LH:52
LF:52
end_of_record
SF:/Users/seanknowles/Projects/tellimer/open-source/packages/econify/src/workflows/machines/domains/ratios/ratios.machine.ts
FN:37,context
FN:43,input
FN:46,items
FN:66,output
FNDA:48,context
FNDA:48,input
FNDA:48,items
FNDA:48,output
FNF:4
FNH:4
BRDA:29,1,0,54
BRDA:30,1,1,0
BRDA:30,1,2,0
BRDA:54,5,0,31
BRDA:54,5,1,17
BRDA:66,7,0,0
BRF:6
BRH:3
DA:9,10
DA:12,10
DA:20,10
DA:21,10
DA:22,10
DA:23,10
DA:24,10
DA:25,10
DA:26,10
DA:29,58
DA:30,112
DA:31,112
DA:32,58
DA:33,10
DA:34,10
DA:35,10
DA:36,10
DA:37,194
DA:38,10
DA:39,10
DA:40,10
DA:41,10
DA:42,10
DA:43,194
DA:44,10
DA:45,10
DA:46,30
DA:47,10
DA:48,10
DA:49,10
DA:50,10
DA:51,10
DA:52,10
DA:53,10
DA:54,236
DA:55,75
DA:56,79
DA:57,237
DA:58,79
DA:59,79
DA:60,316
DA:61,75
DA:62,225
DA:63,10
DA:64,10
DA:65,10
DA:66,98
DA:67,10
DA:68,10
LH:49
LF:49
end_of_record
SF:/Users/seanknowles/Projects/tellimer/open-source/packages/econify/src/workflows/machines/domains/wages/index.ts
FNF:0
FNH:0
BRF:0
BRH:0
DA:1,9
LH:1
LF:1
end_of_record
SF:/Users/seanknowles/Projects/tellimer/open-source/packages/econify/src/workflows/machines/domains/wages/wages.machine.ts
FN:344,mergeByKey
FN:347,key
FN:451,dmItems
FN:477,context
FN:491,input
FN:498,exempted
FN:499,nonExempted
FN:500,buckets
FN:501,wagesBucket
FN:510,input
FN:521,wagePoints
FN:522,permittedIndices
FN:532,input
FN:542,permittedIndices
FN:559,guard
FN:567,input
FN:577,normalizedWageData
FN:586,input
FN:598,processedWages
FN:607,input
FN:619,processedWages
FN:627,input
FN:638,processedOthers
FN:650,key
FN:666,output
FN:671,output
FNDA:17,mergeByKey
FNDA:48,key
FNDA:0,dmItems
FNDA:18,context
FNDA:18,input
FNDA:18,exempted
FNDA:18,nonExempted
FNDA:18,buckets
FNDA:18,wagesBucket
FNDA:18,input
FNDA:18,wagePoints
FNDA:18,permittedIndices
FNDA:18,input
FNDA:18,permittedIndices
FNDA:18,guard
FNDA:13,input
FNDA:13,normalizedWageData
FNDA:13,input
FNDA:13,processedWages
FNDA:5,input
FNDA:5,processedWages
FNDA:18,input
FNDA:18,processedOthers
FNDA:114,key
FNDA:36,output
FNDA:18,output
FNF:26
FNH:25
BRDA:99,1,0,58
BRDA:102,1,1,0
BRDA:103,1,2,0
BRDA:104,1,3,0
BRDA:104,1,4,52
BRDA:105,1,5,0
BRDA:110,1,6,34
BRDA:113,1,7,50
BRDA:113,1,8,24
BRDA:116,1,9,6
BRDA:116,1,10,22
BRDA:118,1,11,50
BRDA:118,1,12,2
BRDA:121,1,13,36
BRDA:121,1,14,22
BRDA:123,1,15,20
BRDA:126,1,16,50
BRDA:126,1,17,2
BRDA:129,1,18,20
BRDA:132,1,19,4
BRDA:132,1,20,20
BRDA:136,1,21,50
BRDA:136,1,22,2
BRDA:139,1,23,18
BRDA:142,1,24,4
BRDA:142,1,25,14
BRDA:146,1,26,50
BRDA:146,1,27,4
BRDA:149,1,28,14
BRDA:151,1,29,0
BRDA:151,1,30,14
BRDA:154,1,31,50
BRDA:154,1,32,0
BRDA:157,1,33,42
BRDA:157,1,34,14
BRDA:159,1,35,6
BRDA:162,1,36,40
BRDA:162,1,37,8
BRDA:172,1,38,0
BRDA:184,5,0,0
BRDA:187,5,1,9
BRDA:189,5,2,9
BRDA:216,7,0,13
BRDA:217,7,1,1
BRDA:217,7,2,17
BRDA:220,7,3,33
BRDA:223,7,4,2
BRDA:225,7,5,31
BRDA:228,7,6,17
BRDA:229,7,7,2
BRDA:231,7,8,17
BRDA:248,8,0,0
BRDA:249,8,1,11
BRDA:252,8,2,12
BRDA:253,8,3,8
BRDA:267,10,0,4
BRDA:267,10,1,1
BRDA:298,13,0,28
BRDA:306,13,1,0
BRDA:374,14,0,5
BRDA:382,14,1,4
BRDA:390,14,2,2
BRDA:400,14,3,2
BRDA:410,14,4,2
BRDA:420,14,5,2
BRDA:430,14,6,0
BRDA:440,14,7,0
BRDA:350,15,0,24
BRDA:352,15,1,24
BRDA:348,16,0,0
BRDA:348,16,1,0
BRDA:552,37,0,14
BRDA:645,47,0,0
BRDA:646,47,1,0
BRDA:647,47,2,0
BRDA:648,47,3,0
BRDA:652,47,4,56
BRDA:654,47,5,58
BRDA:657,47,6,56
BRDA:651,48,0,0
BRDA:651,48,1,0
BRDA:667,50,0,0
BRDA:672,51,0,0
BRF:83
BRH:61
DA:9,9
DA:12,9
DA:13,9
DA:14,9
DA:15,9
DA:16,9
DA:17,9
DA:19,9
DA:21,9
DA:22,9
DA:51,9
DA:52,9
DA:53,9
DA:73,9
DA:74,9
DA:75,9
DA:76,9
DA:77,27
DA:78,27
DA:79,27
DA:80,27
DA:83,27
DA:84,85
DA:85,85
DA:86,27
DA:87,27
DA:88,27
DA:89,27
DA:90,27
DA:91,27
DA:92,27
DA:93,27
DA:94,27
DA:95,27
DA:96,27
DA:97,27
DA:99,27
DA:100,85
DA:101,85
DA:102,0
DA:103,0
DA:104,0
DA:105,0
DA:107,85
DA:108,85
DA:109,85
DA:110,85
DA:111,119
DA:112,119
DA:113,119
DA:115,85
DA:116,85
DA:117,85
DA:118,85
DA:119,137
DA:120,137
DA:121,137
DA:123,85
DA:124,85
DA:125,85
DA:126,85
DA:127,137
DA:128,137
DA:129,137
DA:131,85
DA:132,85
DA:133,85
DA:134,85
DA:136,85
DA:137,137
DA:138,137
DA:139,137
DA:141,85
DA:142,85
DA:143,85
DA:144,85
DA:146,85
DA:147,139
DA:148,139
DA:149,139
DA:151,0
DA:152,0
DA:153,0
DA:154,0
DA:155,0
DA:156,0
DA:157,0
DA:159,177
DA:160,183
DA:161,183
DA:162,183
DA:165,183
DA:166,191
DA:167,191
DA:168,183
DA:169,183
DA:170,183
DA:171,183
DA:172,183
DA:174,0
DA:175,0
DA:177,135
DA:178,9
DA:180,9
DA:181,9
DA:182,27
DA:183,27
DA:184,0
DA:185,61
DA:186,61
DA:187,61
DA:188,61
DA:189,61
DA:190,61
DA:193,61
DA:194,27
DA:195,27
DA:196,27
DA:197,27
DA:200,27
DA:201,108
DA:202,9
DA:205,9
DA:206,9
DA:207,9
DA:213,9
DA:215,27
DA:216,27
DA:217,83
DA:218,44
DA:219,44
DA:220,44
DA:221,60
DA:222,60
DA:223,60
DA:224,62
DA:225,60
DA:226,91
DA:227,91
DA:228,60
DA:229,44
DA:230,29
DA:231,29
DA:232,115
DA:233,27
DA:236,9
DA:237,9
DA:238,9
DA:243,9
DA:245,22
DA:246,22
DA:247,22
DA:248,0
DA:249,22
DA:250,22
DA:251,22
DA:252,22
DA:253,22
DA:254,22
DA:255,66
DA:256,22
DA:259,9
DA:260,9
DA:261,9
DA:263,9
DA:265,14
DA:266,14
DA:267,52
DA:268,18
DA:271,18
DA:272,18
DA:273,18
DA:274,18
DA:275,18
DA:276,18
DA:277,18
DA:278,18
DA:279,18
DA:280,18
DA:281,18
DA:282,120
DA:283,14
DA:286,9
DA:287,9
DA:288,9
DA:294,9
DA:296,22
DA:297,22
DA:298,22
DA:299,50
DA:300,50
DA:301,50
DA:302,50
DA:303,50
DA:304,50
DA:305,50
DA:306,0
DA:307,0
DA:308,0
DA:309,0
DA:310,50
DA:311,50
DA:312,50
DA:313,50
DA:314,50
DA:315,50
DA:316,50
DA:317,50
DA:318,50
DA:319,50
DA:320,50
DA:321,50
DA:322,50
DA:323,50
DA:324,22
DA:325,66
DA:326,22
DA:329,9
DA:330,9
DA:331,27
DA:332,27
DA:333,27
DA:334,27
DA:335,27
DA:336,27
DA:337,27
DA:338,27
DA:339,27
DA:340,27
DA:341,27
DA:343,27
DA:344,27
DA:345,27
DA:347,0
DA:348,0
DA:349,44
DA:350,44
DA:351,44
DA:352,44
DA:353,68
DA:354,68
DA:355,68
DA:356,44
DA:357,44
DA:359,27
DA:360,27
DA:361,27
DA:362,27
DA:363,27
DA:364,27
DA:365,27
DA:366,27
DA:367,27
DA:368,27
DA:369,27
DA:370,27
DA:372,27
DA:374,27
DA:375,32
DA:376,32
DA:377,32
DA:378,32
DA:379,32
DA:380,32
DA:382,27
DA:383,31
DA:384,31
DA:385,31
DA:387,31
DA:388,31
DA:390,27
DA:391,29
DA:392,29
DA:393,29
DA:394,29
DA:395,29
DA:396,29
DA:397,29
DA:398,29
DA:400,27
DA:401,29
DA:402,29
DA:403,29
DA:404,29
DA:405,29
DA:406,29
DA:407,29
DA:408,29
DA:410,27
DA:411,29
DA:412,29
DA:413,29
DA:414,29
DA:415,29
DA:416,29
DA:417,29
DA:418,29
DA:420,27
DA:421,29
DA:422,29
DA:423,29
DA:424,29
DA:425,29
DA:426,29
DA:427,29
DA:428,29
DA:430,27
DA:431,0
DA:432,0
DA:433,0
DA:434,0
DA:435,0
DA:436,0
DA:437,0
DA:438,0
DA:440,0
DA:441,0
DA:442,0
DA:443,0
DA:444,0
DA:445,0
DA:446,0
DA:447,0
DA:448,0
DA:449,0
DA:450,0
DA:451,0
DA:452,0
DA:453,0
DA:454,0
DA:455,0
DA:456,0
DA:457,0
DA:458,0
DA:459,0
DA:460,0
DA:461,0
DA:462,0
DA:463,0
DA:464,0
DA:465,0
DA:466,0
DA:467,0
DA:468,0
DA:469,0
DA:471,0
DA:472,27
DA:474,9
DA:475,9
DA:476,9
DA:477,9
DA:478,27
DA:479,27
DA:480,27
DA:481,27
DA:482,27
DA:483,27
DA:484,27
DA:485,27
DA:486,9
DA:487,9
DA:488,9
DA:489,9
DA:490,9
DA:491,9
DA:492,27
DA:493,27
DA:494,27
DA:495,9
DA:496,9
DA:497,9
DA:498,9
DA:499,9
DA:500,9
DA:501,9
DA:502,9
DA:503,9
DA:504,9
DA:505,9
DA:507,9
DA:508,9
DA:509,9
DA:510,9
DA:511,27
DA:512,27
DA:513,27
DA:514,27
DA:515,27
DA:516,27
DA:517,27
DA:518,9
DA:519,9
DA:520,9
DA:521,9
DA:522,9
DA:523,9
DA:524,9
DA:525,9
DA:526,9
DA:527,9
DA:529,9
DA:530,9
DA:531,9
DA:532,9
DA:533,27
DA:534,27
DA:535,27
DA:536,27
DA:537,27
DA:538,27
DA:539,9
DA:540,9
DA:541,9
DA:542,9
DA:543,9
DA:544,9
DA:545,9
DA:546,9
DA:547,9
DA:549,9
DA:550,9
DA:552,27
DA:553,27
DA:554,27
DA:555,9
DA:557,9
DA:558,9
DA:559,36
DA:560,27
DA:562,9
DA:564,9
DA:565,9
DA:566,9
DA:567,9
DA:568,22
DA:569,22
DA:570,22
DA:571,22
DA:572,22
DA:573,22
DA:574,9
DA:575,9
DA:576,9
DA:577,9
DA:578,9
DA:579,9
DA:580,9
DA:581,9
DA:583,9
DA:584,9
DA:585,9
DA:586,9
DA:587,22
DA:588,22
DA:589,22
DA:590,22
DA:591,22
DA:592,22
DA:593,22
DA:594,22
DA:595,9
DA:596,9
DA:597,9
DA:598,9
DA:599,9
DA:600,9
DA:601,9
DA:602,9
DA:604,9
DA:605,9
DA:606,9
DA:607,9
DA:608,14
DA:609,14
DA:610,14
DA:611,14
DA:612,14
DA:613,14
DA:614,14
DA:615,14
DA:616,9
DA:617,9
DA:618,9
DA:619,9
DA:620,9
DA:621,9
DA:622,9
DA:623,9
DA:624,9
DA:625,9
DA:626,9
DA:627,9
DA:628,27
DA:629,27
DA:630,27
DA:631,27
DA:632,27
DA:633,27
DA:634,27
DA:635,9
DA:636,9
DA:637,9
DA:638,9
DA:639,9
DA:640,9
DA:641,9
DA:642,9
DA:643,9
DA:644,9
DA:645,0
DA:646,0
DA:647,0
DA:648,0
DA:649,27
DA:650,0
DA:651,0
DA:652,108
DA:653,27
DA:654,27
DA:655,85
DA:656,85
DA:657,85
DA:658,85
DA:659,27
DA:660,135
DA:661,27
DA:662,27
DA:663,9
DA:664,9
DA:665,9
DA:666,9
DA:667,0
DA:668,0
DA:669,9
DA:670,9
DA:671,9
DA:672,0
DA:673,0
DA:674,9
LH:469
LF:539
end_of_record
SF:/Users/seanknowles/Projects/tellimer/open-source/packages/econify/src/workflows/machines/fx/fx_rates.machine.ts
FN:37,context
FN:42,guard
FN:50,input
FN:54,tempRates
FN:55,tempSource
FN:56,tempSourceId
FN:97,output
FN:100,output
FNDA:61,context
FNDA:61,guard
FNDA:0,input
FNDA:0,tempRates
FNDA:0,tempSource
FNDA:0,tempSourceId
FNDA:86,output
FNDA:43,output
FNF:8
FNH:4
BRDA:65,8,0,0
BRDA:66,8,1,18
BRDA:68,8,2,43
BRF:3
BRH:2
DA:9,9
DA:10,9
DA:14,9
DA:15,9
DA:16,9
DA:23,9
DA:24,9
DA:25,9
DA:26,0
DA:27,0
DA:28,0
DA:29,0
DA:30,0
DA:31,0
DA:32,0
DA:33,0
DA:34,9
DA:35,9
DA:36,9
DA:37,88
DA:38,9
DA:39,9
DA:40,9
DA:41,9
DA:42,36
DA:43,27
DA:45,9
DA:47,9
DA:48,9
DA:49,9
DA:50,0
DA:51,9
DA:52,9
DA:53,9
DA:54,0
DA:55,0
DA:56,0
DA:57,9
DA:58,9
DA:59,27
DA:60,9
DA:61,9
DA:63,9
DA:64,9
DA:65,0
DA:66,70
DA:67,88
DA:68,88
DA:69,113
DA:70,113
DA:71,113
DA:72,113
DA:73,113
DA:74,9
DA:75,27
DA:76,9
DA:78,9
DA:79,9
DA:80,52
DA:81,52
DA:82,52
DA:83,52
DA:84,52
DA:85,156
DA:86,9
DA:87,27
DA:88,9
DA:90,9
DA:92,27
DA:93,9
DA:95,9
DA:96,9
DA:97,9
DA:98,9
DA:99,9
DA:100,9
DA:101,9
LH:64
LF:77
end_of_record
SF:/Users/seanknowles/Projects/tellimer/open-source/packages/econify/src/workflows/machines/fx/index.ts
FNF:0
FNH:0
BRF:0
BRH:0
DA:1,9
LH:1
LF:1
end_of_record
SF:/Users/seanknowles/Projects/tellimer/open-source/packages/econify/src/workflows/machines/stages/adjustment/adjustment.machine.ts
FN:69,context
FN:81,guard
FN:90,input
FN:96,adjustedData
FN:101,warnings
FN:114,guard
FN:123,input
FN:130,adjustedData
FN:135,warnings
FN:146,output
FN:152,output
FNDA:61,context
FNDA:61,guard
FNDA:0,input
FNDA:0,adjustedData
FNDA:0,warnings
FNDA:61,guard
FNDA:0,input
FNDA:0,adjustedData
FNDA:0,warnings
FNDA:122,output
FNDA:61,output
FNF:11
FNH:5
BRF:0
BRH:0
DA:1,9
DA:2,9
DA:3,9
DA:4,9
DA:6,9
DA:20,9
DA:21,9
DA:22,9
DA:28,9
DA:29,9
DA:30,9
DA:31,0
DA:32,0
DA:33,0
DA:35,0
DA:36,0
DA:37,0
DA:38,0
DA:39,0
DA:40,0
DA:41,0
DA:42,0
DA:43,0
DA:44,0
DA:45,0
DA:46,0
DA:47,0
DA:48,0
DA:49,0
DA:50,0
DA:51,0
DA:52,0
DA:53,0
DA:54,0
DA:55,0
DA:56,0
DA:57,0
DA:59,0
DA:60,0
DA:61,0
DA:62,0
DA:63,0
DA:64,0
DA:66,9
DA:67,9
DA:68,9
DA:69,9
DA:70,70
DA:71,70
DA:72,70
DA:73,70
DA:74,9
DA:75,9
DA:76,9
DA:77,9
DA:78,9
DA:79,9
DA:80,9
DA:81,9
DA:82,9
DA:83,27
DA:85,9
DA:87,9
DA:88,9
DA:89,9
DA:90,0
DA:91,0
DA:92,0
DA:93,0
DA:94,9
DA:95,9
DA:96,18
DA:97,9
DA:98,9
DA:99,9
DA:100,9
DA:101,0
DA:102,0
DA:103,0
DA:105,9
DA:106,9
DA:107,9
DA:108,9
DA:110,9
DA:111,9
DA:112,9
DA:113,9
DA:114,9
DA:115,9
DA:116,27
DA:118,9
DA:120,9
DA:121,9
DA:122,9
DA:123,0
DA:124,0
DA:125,0
DA:126,0
DA:127,0
DA:128,9
DA:129,9
DA:130,18
DA:131,9
DA:132,9
DA:133,9
DA:134,9
DA:135,0
DA:136,0
DA:137,0
DA:139,9
DA:140,9
DA:141,9
DA:142,9
DA:144,9
DA:145,9
DA:146,9
DA:147,131
DA:148,131
DA:149,131
DA:150,9
DA:151,9
DA:152,9
DA:153,70
DA:154,70
DA:155,70
DA:156,9
LH:79
LF:126
end_of_record
SF:/Users/seanknowles/Projects/tellimer/open-source/packages/econify/src/workflows/machines/stages/adjustment/index.ts
FNF:0
FNH:0
BRF:0
BRH:0
DA:1,9
LH:1
LF:1
end_of_record
SF:/Users/seanknowles/Projects/tellimer/open-source/packages/econify/src/workflows/machines/stages/normalization/normalization.machine.ts
FN:18,_normalizeShareKeys
FN:62,_mergeByKey
FN:580,context
FN:596,input
FN:603,hasWages
FN:611,guard
FN:618,input
FN:629,normalizedData
FN:635,warnings
FN:646,input
FN:656,normalizedData
FN:661,warnings
FN:671,output
FN:677,output
FNDA:0,_normalizeShareKeys
FNDA:0,_mergeByKey
FNDA:61,context
FNDA:61,input
FNDA:61,hasWages
FNDA:61,guard
FNDA:18,input
FNDA:18,normalizedData
FNDA:0,warnings
FNDA:43,input
FNDA:43,normalizedData
FNDA:0,warnings
FNDA:122,output
FNDA:61,output
FNF:14
FNH:10
BRDA:272,3,0,0
BRDA:276,4,0,1
BRDA:672,16,0,0
BRDA:678,17,0,0
BRF:4
BRH:1
DA:1,9
DA:4,9
DA:5,9
DA:6,9
DA:7,9
DA:8,9
DA:9,9
DA:10,9
DA:11,9
DA:12,9
DA:13,9
DA:14,9
DA:15,9
DA:18,0
DA:22,0
DA:27,0
DA:28,0
DA:29,0
DA:30,0
DA:31,0
DA:32,0
DA:33,0
DA:34,0
DA:35,0
DA:36,0
DA:37,0
DA:38,0
DA:39,0
DA:40,0
DA:41,0
DA:42,0
DA:43,0
DA:44,0
DA:45,0
DA:46,0
DA:47,0
DA:48,0
DA:49,0
DA:50,0
DA:51,0
DA:52,0
DA:53,0
DA:54,0
DA:55,0
DA:56,0
DA:57,0
DA:62,0
DA:63,0
DA:64,0
DA:66,0
DA:67,0
DA:68,0
DA:69,0
DA:70,0
DA:71,0
DA:72,0
DA:73,0
DA:74,0
DA:75,0
DA:76,0
DA:254,9
DA:255,9
DA:256,9
DA:267,9
DA:268,9
DA:269,9
DA:270,9
DA:271,70
DA:272,0
DA:273,70
DA:274,70
DA:275,70
DA:276,70
DA:279,210
DA:280,9
DA:281,0
DA:282,0
DA:283,0
DA:284,0
DA:286,0
DA:287,0
DA:288,0
DA:291,0
DA:292,0
DA:293,0
DA:295,0
DA:296,0
DA:297,0
DA:298,0
DA:301,0
DA:302,0
DA:303,0
DA:304,0
DA:306,0
DA:307,0
DA:308,0
DA:309,0
DA:310,0
DA:311,0
DA:312,0
DA:313,0
DA:314,0
DA:316,0
DA:317,0
DA:318,0
DA:319,0
DA:320,0
DA:321,0
DA:322,0
DA:324,0
DA:325,0
DA:326,0
DA:327,0
DA:328,0
DA:329,0
DA:330,0
DA:332,0
DA:333,0
DA:334,0
DA:335,0
DA:336,0
DA:337,0
DA:338,0
DA:340,0
DA:341,0
DA:342,0
DA:343,0
DA:344,0
DA:345,0
DA:346,0
DA:348,0
DA:349,0
DA:350,0
DA:351,0
DA:353,0
DA:354,0
DA:355,0
DA:356,0
DA:358,0
DA:359,0
DA:360,0
DA:361,0
DA:363,0
DA:364,0
DA:365,0
DA:366,0
DA:368,0
DA:369,0
DA:370,0
DA:371,0
DA:372,0
DA:373,0
DA:374,0
DA:376,0
DA:377,0
DA:378,0
DA:379,0
DA:380,0
DA:381,0
DA:382,0
DA:384,0
DA:385,0
DA:386,0
DA:387,0
DA:389,0
DA:390,0
DA:392,0
DA:393,0
DA:394,0
DA:396,0
DA:397,0
DA:398,0
DA:399,0
DA:400,0
DA:401,0
DA:402,0
DA:403,0
DA:404,0
DA:405,0
DA:406,0
DA:408,0
DA:409,0
DA:410,0
DA:411,0
DA:412,0
DA:413,0
DA:414,0
DA:415,0
DA:416,0
DA:417,0
DA:418,0
DA:419,0
DA:421,0
DA:423,0
DA:424,0
DA:427,0
DA:428,0
DA:429,0
DA:430,0
DA:431,0
DA:432,0
DA:433,0
DA:434,0
DA:435,0
DA:436,0
DA:437,0
DA:438,0
DA:439,0
DA:441,0
DA:442,0
DA:443,0
DA:445,0
DA:447,0
DA:448,0
DA:449,0
DA:450,0
DA:451,0
DA:452,0
DA:453,0
DA:454,0
DA:456,0
DA:458,0
DA:459,0
DA:460,0
DA:461,0
DA:463,0
DA:464,0
DA:465,0
DA:467,0
DA:469,0
DA:470,0
DA:471,0
DA:472,0
DA:473,0
DA:474,0
DA:475,0
DA:476,0
DA:477,0
DA:478,0
DA:480,0
DA:482,0
DA:483,0
DA:484,0
DA:485,0
DA:486,0
DA:487,0
DA:488,0
DA:489,0
DA:490,0
DA:491,0
DA:493,0
DA:495,0
DA:496,0
DA:497,0
DA:498,0
DA:499,0
DA:500,0
DA:501,0
DA:502,0
DA:503,0
DA:504,0
DA:506,0
DA:508,0
DA:509,0
DA:510,0
DA:511,0
DA:512,0
DA:513,0
DA:514,0
DA:515,0
DA:516,0
DA:517,0
DA:519,0
DA:521,0
DA:522,0
DA:523,0
DA:524,0
DA:525,0
DA:526,0
DA:527,0
DA:528,0
DA:529,0
DA:530,0
DA:532,0
DA:534,0
DA:535,0
DA:536,0
DA:537,0
DA:538,0
DA:539,0
DA:540,0
DA:541,0
DA:542,0
DA:543,0
DA:544,0
DA:545,0
DA:546,0
DA:547,0
DA:548,0
DA:549,0
DA:550,0
DA:551,0
DA:552,0
DA:554,0
DA:555,0
DA:556,0
DA:557,0
DA:558,0
DA:559,0
DA:560,0
DA:561,0
DA:562,0
DA:563,0
DA:564,0
DA:565,0
DA:567,0
DA:569,0
DA:570,0
DA:571,0
DA:573,0
DA:574,0
DA:576,0
DA:577,9
DA:579,9
DA:580,9
DA:581,70
DA:582,70
DA:583,70
DA:584,70
DA:585,70
DA:586,70
DA:587,70
DA:588,70
DA:589,70
DA:590,70
DA:591,9
DA:592,9
DA:593,9
DA:594,9
DA:595,9
DA:596,9
DA:597,70
DA:598,70
DA:599,70
DA:600,9
DA:601,9
DA:602,9
DA:603,9
DA:604,9
DA:605,9
DA:606,27
DA:607,9
DA:608,9
DA:609,9
DA:610,9
DA:611,36
DA:612,27
DA:614,9
DA:615,9
DA:616,9
DA:617,9
DA:618,9
DA:619,27
DA:620,27
DA:621,27
DA:622,27
DA:623,27
DA:624,27
DA:625,27
DA:626,9
DA:627,9
DA:628,9
DA:629,9
DA:630,9
DA:631,9
DA:632,9
DA:633,9
DA:634,9
DA:635,0
DA:636,0
DA:637,0
DA:639,0
DA:640,9
DA:641,9
DA:642,9
DA:643,9
DA:644,9
DA:645,9
DA:646,9
DA:647,52
DA:648,52
DA:649,52
DA:650,52
DA:651,52
DA:652,52
DA:653,52
DA:654,9
DA:655,9
DA:656,27
DA:657,9
DA:658,9
DA:659,9
DA:660,9
DA:661,0
DA:662,0
DA:663,0
DA:665,0
DA:666,9
DA:667,9
DA:668,9
DA:669,9
DA:670,9
DA:671,9
DA:672,0
DA:673,0
DA:674,131
DA:675,9
DA:676,9
DA:677,9
DA:678,0
DA:679,0
DA:680,70
DA:681,9
LH:116
LF:423
end_of_record
SF:/Users/seanknowles/Projects/tellimer/open-source/packages/econify/src/workflows/machines/targets/auto_target.machine.ts
FN:52,context
FN:127,output
FN:132,output
FNDA:43,context
FNDA:86,output
FNDA:43,output
FNF:3
FNH:3
BRDA:63,3,0,402
BRDA:65,3,1,202
BRDA:65,3,2,1
BRDA:68,3,3,165
BRDA:80,4,0,37
BRDA:99,5,0,0
BRDA:100,5,1,161
BRDA:102,5,2,0
BRF:8
BRH:6
DA:1,10
DA:9,10
DA:20,10
DA:21,10
DA:22,10
DA:28,10
DA:29,10
DA:30,10
DA:31,0
DA:32,0
DA:33,0
DA:34,0
DA:35,0
DA:36,0
DA:40,0
DA:41,0
DA:42,0
DA:43,0
DA:44,0
DA:45,0
DA:46,0
DA:47,0
DA:48,10
DA:49,10
DA:51,10
DA:52,10
DA:53,53
DA:54,53
DA:55,53
DA:56,53
DA:57,10
DA:58,10
DA:59,10
DA:60,10
DA:61,10
DA:62,53
DA:63,53
DA:64,455
DA:65,455
DA:66,455
DA:68,455
DA:69,455
DA:70,455
DA:71,455
DA:72,159
DA:73,10
DA:74,30
DA:75,10
DA:76,10
DA:77,10
DA:79,53
DA:80,53
DA:81,53
DA:82,53
DA:83,159
DA:84,53
DA:85,53
DA:86,53
DA:87,53
DA:88,159
DA:89,10
DA:90,30
DA:91,10
DA:92,10
DA:94,30
DA:95,10
DA:96,10
DA:97,10
DA:98,53
DA:99,0
DA:100,53
DA:101,856
DA:102,0
DA:103,0
DA:104,0
DA:105,0
DA:106,0
DA:107,0
DA:108,0
DA:109,0
DA:110,0
DA:111,0
DA:112,0
DA:113,0
DA:114,0
DA:115,214
DA:116,214
DA:117,159
DA:118,10
DA:119,30
DA:120,10
DA:121,10
DA:123,30
DA:124,10
DA:125,10
DA:126,10
DA:127,10
DA:128,96
DA:129,96
DA:130,10
DA:131,10
DA:132,10
DA:133,53
DA:134,53
DA:135,10
LH:77
LF:105
end_of_record
SF:/Users/seanknowles/Projects/tellimer/open-source/packages/econify/src/workflows/machines/targets/index.ts
FNF:0
FNH:0
BRF:0
BRH:0
DA:1,10
LH:1
LF:1
end_of_record
